<?xml version="1.0" encoding="utf-8"?><testsuites name="pytest tests"><testsuite name="pytest" errors="0" failures="0" skipped="0" tests="17" time="3.502" timestamp="2026-07-17T01:40:53.440881+00:00" hostname="agent-env-630704a1-621f-478b-9b86-a321772d01bf"><testcase classname="tests.test_batch_and_rss_feb2026.TestRSS" name="test_list_feeds" time="1.315" /><testcase classname="tests.test_batch_and_rss_feb2026.TestBatch" name="test_example_csv_download" time="1.320" /><testcase classname="tests.test_batch_and_rss_feb2026.TestRSS" name="test_feeds_requires_auth" time="0.142" /><testcase classname="tests.test_batch_and_rss_feb2026.TestBatch" name="test_batch_json_5_payloads" time="0.234" /><testcase classname="tests.test_batch_and_rss_feb2026.TestRSS" name="test_crawl_bleepingcomputer" time="0.295" /><testcase classname="tests.test_batch_and_rss_feb2026.TestBatch" name="test_batch_json_ps_encoded" time="0.186" /><testcase classname="tests.test_batch_and_rss_feb2026.TestBatch" name="test_batch_json_reg_export" time="0.133" /><testcase classname="tests.test_batch_and_rss_feb2026.TestRSS" name="test_crawl_requires_admin" time="0.128" /><testcase classname="tests.test_batch_and_rss_feb2026.TestBatch" name="test_batch_json_vssadmin" time="0.163" /><testcase classname="tests.test_batch_and_rss_feb2026.TestRSS" name="test_list_pending" time="0.127" /><testcase classname="tests.test_batch_and_rss_feb2026.TestRSS" name="test_pending_requires_admin" time="0.154" /><testcase classname="tests.test_batch_and_rss_feb2026.TestBatch" name="test_batch_csv_upload_returns_csv" time="0.213" /><testcase classname="tests.test_batch_and_rss_feb2026.TestRSS" name="test_dismiss_and_delete_flow" time="0.416" /><testcase classname="tests.test_batch_and_rss_feb2026.TestBatch" name="test_batch_csv_upload_json_format" time="0.138" /><testcase classname="tests.test_batch_and_rss_feb2026.TestBatch" name="test_batch_requires_auth" time="0.117" /><testcase classname="tests.test_batch_and_rss_feb2026.TestRSS" name="test_promote_flow" time="0.332" /><testcase classname="tests.test_batch_and_rss_feb2026.TestRegression" name="test_decode_smart_reg_export" time="0.143" /></testsuite></testsuites>