<?xml version="1.0" encoding="utf-8"?><testsuites name="pytest tests"><testsuite name="pytest" errors="0" failures="0" skipped="0" tests="6" time="5.215" timestamp="2026-07-15T04:30:51.754364+00:00" hostname="agent-env-630704a1-621f-478b-9b86-a321772d01bf"><testcase classname="tests.test_chain_persistence.TestChainPersistence" name="test_chain_decode_creates_history_record" time="1.154" /><testcase classname="tests.test_chain_persistence.TestChainPersistence" name="test_chain_rerun_bumps_run_count" time="1.232" /><testcase classname="tests.test_chain_persistence.TestChainPersistence" name="test_history_filter_by_kind_chain" time="0.853" /><testcase classname="tests.test_chain_persistence.TestChainPersistence" name="test_single_stage_backward_compat_unaffected" time="0.198" /><testcase classname="tests.test_chain_persistence.TestChainPersistence" name="test_chain_export_import_round_trip" time="0.789" /><testcase classname="tests.test_chain_persistence.TestChainPersistence" name="test_chain_aggregate_confidence_computed" time="0.668" /></testsuite></testsuites>