<?xml version="1.0" encoding="utf-8"?><testsuites name="pytest tests"><testsuite name="pytest" errors="0" failures="0" skipped="0" tests="4" time="6.540" timestamp="2026-08-10T15:29:20.716531+00:00" hostname="agent-env-630704a1-621f-478b-9b86-a321772d01bf"><testcase classname="tests.test_csv_edr_investigation" name="test_csv_edr_investigation_result" time="2.538" /><testcase classname="tests.test_csv_edr_investigation" name="test_cyberdefenders_regression" time="3.453" /><testcase classname="tests.test_csv_edr_investigation" name="test_saved_case_open" time="0.225" /><testcase classname="tests.test_csv_edr_investigation" name="test_sample1_immutable" time="0.231" /></testsuite></testsuites>