<?xml version="1.0" encoding="utf-8"?><testsuites name="pytest tests"><testsuite name="pytest" errors="0" failures="0" skipped="0" tests="9" time="7.833" timestamp="2026-08-03T15:34:34.511162+00:00" hostname="agent-env-630704a1-621f-478b-9b86-a321772d01bf"><testcase classname="tests.test_evidence_backed_behavior.TestEvidenceBackedBehavior" name="test_smart_returns_200" time="1.226" /><testcase classname="tests.test_evidence_backed_behavior.TestEvidenceBackedBehavior" name="test_no_mixed_case_claim_on_benign_input" time="0.298" /><testcase classname="tests.test_evidence_backed_behavior.TestEvidenceBackedBehavior" name="test_no_comma_obfuscation_claim_when_absent" time="0.313" /><testcase classname="tests.test_evidence_backed_behavior.TestEvidenceBackedBehavior" name="test_positive_base64_wrapper_line_present" time="0.328" /><testcase classname="tests.test_evidence_backed_behavior.TestEvidenceBackedBehavior" name="test_positive_safe_builtin_line_present" time="0.355" /><testcase classname="tests.test_evidence_backed_behavior.TestEvidenceBackedBehavior" name="test_runtime_simulation_shows_decoded_literal" time="0.325" /><testcase classname="tests.test_evidence_backed_behavior.TestEvidenceBackedBehavior" name="test_mixed_case_input_does_not_crash" time="0.296" /><testcase classname="tests.test_evidence_backed_behavior.TestEvidenceBackedBehavior" name="test_canonical_verdict_invariant" time="0.334" /><testcase classname="tests.test_evidence_backed_behavior.TestDecodeAnalyzeEquivalence" name="test_analyze_matches_decode_verdict" time="4.286" /></testsuite></testsuites>