<?xml version="1.0" encoding="utf-8"?><testsuites name="pytest tests"><testsuite name="pytest" errors="0" failures="0" skipped="0" tests="6" time="161.490" timestamp="2026-08-04T10:09:00.610031+00:00" hostname="agent-env-630704a1-621f-478b-9b86-a321772d01bf"><testcase classname="tests.test_iedde_ssot_api_iter56" name="test_ps_encoded_iedde_canonical" time="153.697" /><testcase classname="tests.test_iedde_ssot_api_iter56" name="test_whoami_canonical" time="6.407" /><testcase classname="tests.test_iedde_ssot_api_iter56" name="test_aes_stability_gate" time="0.353" /><testcase classname="tests.test_iedde_ssot_api_iter56" name="test_determinism" time="0.643" /><testcase classname="tests.test_iedde_ssot_api_iter56" name="test_atomic_ioc_no_augment" time="0.102" /><testcase classname="tests.test_iedde_ssot_api_iter56" name="test_analyze_async_has_iedde_fields" time="0.206" /></testsuite></testsuites>