<?xml version="1.0" encoding="utf-8"?><testsuites name="pytest tests"><testsuite name="pytest" errors="0" failures="0" skipped="0" tests="87" time="30.114" timestamp="2026-08-04T10:03:59.216188+00:00" hostname="agent-env-630704a1-621f-478b-9b86-a321772d01bf"><testcase classname="tests.test_iedde_ssot_wiring" name="test_iedde_augmentation_populated_on_recovered_states[whoami-canonical]" time="6.169" /><testcase classname="tests.test_iedde_ssot_wiring" name="test_iedde_augmentation_populated_on_recovered_states[powershell.exe -EncodedCommand VwByAGkAdABlAC0ASABvAHMAdAAgACIAdAB3AGUAZQB0ACwAIAB0AHcAZQBlAHQAIQAiAA==-canonical]" time="0.004" /><testcase classname="tests.test_iedde_ssot_wiring" name="test_canonical_confidence_is_100_when_iedde_reaches_canonical" time="7.457" /><testcase classname="tests.test_iedde_ssot_wiring" name="test_atomic_ioc_terminal_state_is_not_augmented" time="0.000" /><testcase classname="tests.test_iedde_ssot_wiring" name="test_iedde_trace_shape_matches_planresult_dict" time="0.001" /><testcase classname="tests.test_iedde_ssot_wiring" name="test_iedde_stability_gate_carries_reasoned_message" time="0.001" /><testcase classname="tests.test_iedde_ssot_wiring" name="test_iedde_augmentation_is_deterministic" time="0.001" /><testcase classname="tests.test_iedde_endpoint" name="test_endpoint_shape_matches_ssot_contract" time="0.574" /><testcase classname="tests.test_iedde_endpoint" name="test_endpoint_returns_get_process_lsass" time="0.115" /><testcase classname="tests.test_iedde_endpoint" name="test_endpoint_decision_object_per_stage" time="0.100" /><testcase classname="tests.test_iedde_endpoint" name="test_endpoint_stability_gate_reason_present" time="0.102" /><testcase classname="tests.test_iedde_endpoint" name="test_endpoint_deterministic_across_repeat_calls" time="0.220" /><testcase classname="tests.test_iedde_endpoint" name="test_endpoint_rejects_empty_input" time="0.098" /><testcase classname="tests.test_iedde_endpoint" name="test_endpoint_requires_auth" time="0.097" /><testcase classname="tests.test_iedde_endpoint" name="test_endpoint_max_iterations_bounded" time="0.100" /><testcase classname="tests.test_iedde_stage2_stage3" name="test_registry_contains_all_expected_techniques" time="0.000" /><testcase classname="tests.test_iedde_stage2_stage3" name="test_base64_quoted_literal_detected" time="0.000" /><testcase classname="tests.test_iedde_stage2_stage3" name="test_hex_byte_array_detected" time="0.000" /><testcase classname="tests.test_iedde_stage2_stage3" name="test_gzip_marker_in_b64_detected" time="0.000" /><testcase classname="tests.test_iedde_stage2_stage3" name="test_zlib_marker_in_b64_detected" time="0.000" /><testcase classname="tests.test_iedde_stage2_stage3" name="test_string_concat_detected" time="0.000" /><testcase classname="tests.test_iedde_stage2_stage3" name="test_xor_detected_and_marked_as_key_required" time="0.000" /><testcase classname="tests.test_iedde_stage2_stage3" name="test_char_array_detected_ps" time="0.000" /><testcase classname="tests.test_iedde_stage2_stage3" name="test_env_var_assembly_detected_ps" time="0.000" /><testcase classname="tests.test_iedde_stage2_stage3" name="test_backtick_only_fires_in_powershell_ctx" time="0.000" /><testcase classname="tests.test_iedde_stage2_stage3" name="test_url_encoding_detected" time="0.000" /><testcase classname="tests.test_iedde_stage2_stage3" name="test_unicode_escape_detected" time="0.000" /><testcase classname="tests.test_iedde_stage2_stage3" name="test_empty_input_yields_empty_inventory" time="0.000" /><testcase classname="tests.test_iedde_stage2_stage3" name="test_technique_inventory_is_deterministic" time="0.001" /><testcase classname="tests.test_iedde_stage2_stage3" name="test_planner_canonicalises_lsass_payload" time="0.001" /><testcase classname="tests.test_iedde_stage2_stage3" name="test_planner_stops_cleanly_on_plain_text" time="0.000" /><testcase classname="tests.test_iedde_stage2_stage3" name="test_planner_stability_gate_on_aes_key_unavailable" time="0.000" /><testcase classname="tests.test_iedde_stage2_stage3" name="test_planner_stability_gate_on_rc4_key_unavailable" time="0.000" /><testcase classname="tests.test_iedde_stage2_stage3" name="test_planner_never_returns_output_equals_input_silently" time="0.000" /><testcase classname="tests.test_iedde_stage2_stage3" name="test_planner_is_deterministic" time="0.001" /><testcase classname="tests.test_iedde_stage2_stage3" name="test_planner_records_every_iteration" time="0.001" /><testcase classname="tests.test_iedde_stage2_stage3" name="test_planner_reports_final_interpreter" time="0.000" /><testcase classname="tests.test_iedde_stage2_stage3" name="test_planner_bounds_iterations" time="0.000" /><testcase classname="tests.test_interpreter_identifier" name="test_powershell_launcher" time="0.000" /><testcase classname="tests.test_interpreter_identifier" name="test_powershell_call_operator_no_launcher" time="0.000" /><testcase classname="tests.test_interpreter_identifier" name="test_powershell_encoded_command" time="0.000" /><testcase classname="tests.test_interpreter_identifier" name="test_cmd_launcher" time="0.000" /><testcase classname="tests.test_interpreter_identifier" name="test_cmd_echo_off_batch" time="0.000" /><testcase classname="tests.test_interpreter_identifier" name="test_bash_shebang" time="0.000" /><testcase classname="tests.test_interpreter_identifier" name="test_bash_env_python_shebang_wins_python" time="0.000" /><testcase classname="tests.test_interpreter_identifier" name="test_bash_pipeline" time="0.000" /><testcase classname="tests.test_interpreter_identifier" name="test_python_dash_c" time="0.000" /><testcase classname="tests.test_interpreter_identifier" name="test_python_multiline" time="0.000" /><testcase classname="tests.test_interpreter_identifier" name="test_javascript_node" time="0.000" /><testcase classname="tests.test_interpreter_identifier" name="test_javascript_cscript_jscript" time="0.000" /><testcase classname="tests.test_interpreter_identifier" name="test_vbscript_cscript_vbs" time="0.000" /><testcase classname="tests.test_interpreter_identifier" name="test_perl_shebang" time="0.000" /><testcase classname="tests.test_interpreter_identifier" name="test_perl_dash_e" time="0.000" /><testcase classname="tests.test_interpreter_identifier" name="test_php_tag" time="0.000" /><testcase classname="tests.test_interpreter_identifier" name="test_wmi_get_wmiobject" time="0.000" /><testcase classname="tests.test_interpreter_identifier" name="test_mshta_lolbin" time="0.000" /><testcase classname="tests.test_interpreter_identifier" name="test_rundll32_lolbin" time="0.000" /><testcase classname="tests.test_interpreter_identifier" name="test_regsvr32_lolbin" time="0.000" /><testcase classname="tests.test_interpreter_identifier" name="test_bash_amp_subshell_not_powershell" time="0.000" /><testcase classname="tests.test_interpreter_identifier" name="test_cmd_ampersand_separator_not_powershell" time="0.000" /><testcase classname="tests.test_interpreter_identifier" name="test_python_shebang_beats_generic_variable" time="0.000" /><testcase classname="tests.test_interpreter_identifier" name="test_empty_input_returns_unknown" time="0.000" /><testcase classname="tests.test_interpreter_identifier" name="test_non_string_returns_unknown" time="0.000" /><testcase classname="tests.test_interpreter_identifier" name="test_plain_text_no_interpreter" time="0.000" /><testcase classname="tests.test_interpreter_identifier" name="test_multi_interpreter_reports_both" time="0.000" /><testcase classname="tests.test_interpreter_identifier" name="test_mshta_carries_vbscript" time="0.000" /><testcase classname="tests.test_interpreter_identifier" name="test_identical_input_yields_identical_output[powershell.exe -NoProfile -Command &quot;&amp;(('Get-' + 'Process') 'lsass')&quot;]" time="0.000" /><testcase classname="tests.test_interpreter_identifier" name="test_identical_input_yields_identical_output[#!/bin/bash\necho hi | base64\n]" time="0.000" /><testcase classname="tests.test_interpreter_identifier" name="test_identical_input_yields_identical_output[python3 -c &quot;exec(bytes([104,105]).decode())&quot;]" time="0.000" /><testcase classname="tests.test_interpreter_identifier" name="test_identical_input_yields_identical_output[&lt;?php eval(base64_decode('...')); ?&gt;]" time="0.000" /><testcase classname="tests.test_interpreter_identifier" name="test_result_shape_is_json_serialisable" time="0.000" /><testcase classname="tests.test_binary_terminal_state" name="test_pe_binary_recovered_after_base64_decode" time="0.001" /><testcase classname="tests.test_binary_terminal_state" name="test_elf_binary_recovered" time="0.001" /><testcase classname="tests.test_binary_terminal_state" name="test_plain_text_starting_with_mz_not_labelled_binary" time="0.000" /><testcase classname="tests.test_binary_terminal_state" name="test_text_canonical_still_canonical" time="0.000" /><testcase classname="tests.test_pr212_canonical_evidence_recovery" name="test_pr212_canonical_artifact_is_deterministic[ps-encodedcommand-hello]" time="0.001" /><testcase classname="tests.test_pr212_canonical_evidence_recovery" name="test_pr212_canonical_artifact_is_deterministic[ps-encodedcommand-iex-webclient]" time="0.018" /><testcase classname="tests.test_pr212_canonical_evidence_recovery" name="test_pr212_canonical_artifact_is_deterministic[atomic-ipv4]" time="0.000" /><testcase classname="tests.test_pr212_canonical_evidence_recovery" name="test_pr212_canonical_artifact_is_deterministic[plaintext-passthrough]" time="7.173" /><testcase classname="tests.test_pr212_canonical_evidence_recovery" name="test_pr212_recursive_safety_holds[ps-encodedcommand-hello]" time="0.001" /><testcase classname="tests.test_pr212_canonical_evidence_recovery" name="test_pr212_recursive_safety_holds[ps-encodedcommand-iex-webclient]" time="0.004" /><testcase classname="tests.test_pr212_canonical_evidence_recovery" name="test_pr212_recursive_safety_holds[atomic-ipv4]" time="0.000" /><testcase classname="tests.test_pr212_canonical_evidence_recovery" name="test_pr212_recursive_safety_holds[plaintext-passthrough]" time="4.214" /><testcase classname="tests.test_pr212_canonical_evidence_recovery" name="test_pr212_ps_encodedcommand_recovers_plaintext" time="0.001" /><testcase classname="tests.test_pr212_canonical_evidence_recovery" name="test_pr212_no_unknown_operation_in_canonical_chain" time="0.001" /><testcase classname="tests.test_pr212_canonical_evidence_recovery" name="test_pr212_content_ps_operator_case_normalize_is_valid_l0_op" time="0.001" /><testcase classname="tests.test_pr212_canonical_evidence_recovery" name="test_pr212_canonical_artifact_dict_is_json_serializable" time="3.464" /></testsuite></testsuites>