<?xml version="1.0" encoding="utf-8"?><testsuites name="pytest tests"><testsuite name="pytest" errors="0" failures="0" skipped="0" tests="7" time="86.247" timestamp="2026-08-04T15:42:32.792285+00:00" hostname="agent-env-630704a1-621f-478b-9b86-a321772d01bf"><testcase classname="tests.test_iter61_elf_e2e" name="test_capabilities_includes_elf" time="79.997" /><testcase classname="tests.test_iter61_elf_e2e" name="test_analyze_elf_routes_to_elf_analyzer" time="0.010" /><testcase classname="tests.test_iter61_elf_e2e" name="test_analyze_truncated_elf_no_500" time="0.008" /><testcase classname="tests.test_iter61_elf_e2e" name="test_regression_pe_still_routes" time="0.007" /><testcase classname="tests.test_iter61_elf_e2e" name="test_regression_pdf_still_routes" time="0.006" /><testcase classname="tests.test_iter61_elf_e2e" name="test_regression_office_still_routes" time="0.006" /><testcase classname="tests.test_iter61_elf_e2e" name="test_decode_smart_recovers_elf_binary" time="0.766" /></testsuite></testsuites>