<?xml version="1.0" encoding="utf-8"?><testsuites name="pytest tests"><testsuite name="pytest" errors="0" failures="0" skipped="0" tests="16" time="10.037" timestamp="2026-09-02T05:30:36.052057+00:00" hostname="agent-env-630704a1-621f-478b-9b86-a321772d01bf"><testcase classname="tests.test_intelligence_policy_live.TestIntelligencePolicyLive" name="test_global_defaults_for_fresh_tenant" time="0.203" /><testcase classname="tests.test_intelligence_policy_live.TestIntelligencePolicyLive" name="test_put_global_persists" time="0.161" /><testcase classname="tests.test_intelligence_policy_live.TestIntelligencePolicyLive" name="test_master_permission_clamps_online_llm_off_in_storage" time="0.140" /><testcase classname="tests.test_intelligence_policy_live.TestIntelligencePolicyLive" name="test_effective_implicit_llm_off_when_ai_off" time="0.227" /><testcase classname="tests.test_intelligence_policy_live.TestIntelligencePolicyLive" name="test_incident_cannot_widen_global" time="0.209" /><testcase classname="tests.test_intelligence_policy_live.TestIntelligencePolicyLive" name="test_incident_narrows_llm" time="0.200" /><testcase classname="tests.test_intelligence_policy_live.TestIntelligencePolicyLive" name="test_narration_deterministic_when_llm_off" time="0.541" /><testcase classname="tests.test_intelligence_policy_live.TestIntelligencePolicyLive" name="test_narration_llm_cloud_when_llm_on" time="6.082" /><testcase classname="tests.test_intelligence_policy_live.TestIntelligencePolicyLive" name="test_global_history_append_only_and_row_shape" time="0.459" /><testcase classname="tests.test_intelligence_policy_live.TestIntelligencePolicyLive" name="test_global_history_at_spec_scope_id_global" time="0.291" /><testcase classname="tests.test_intelligence_policy_live.TestIntelligencePolicyLive" name="test_incident_history" time="0.135" /><testcase classname="tests.test_intelligence_policy_live.TestIntelligencePolicyLive" name="test_history_bad_scope_rejected" time="0.064" /><testcase classname="tests.test_intelligence_policy_live.TestIntelligencePolicyLive" name="test_clear_override_writes_clear_audit" time="0.267" /><testcase classname="tests.test_intelligence_policy_live.TestIntelligencePolicyLive" name="test_health" time="0.069" /><testcase classname="tests.test_intelligence_policy_live.TestIntelligencePolicyLive" name="test_rbac_denies_unprivileged_principal" time="0.154" /><testcase classname="tests.test_intelligence_policy_live.TestIntelligencePolicyLive" name="test_rbac_allows_tenant_admin" time="0.284" /></testsuite></testsuites>