<?xml version="1.0" encoding="utf-8"?><testsuites name="pytest tests"><testsuite name="pytest" errors="0" failures="0" skipped="0" tests="46" time="14.926" timestamp="2026-07-14T05:02:04.780719+00:00" hostname="agent-env-630704a1-621f-478b-9b86-a321772d01bf"><testcase classname="tests.test_multiline_decode" name="test_login_returns_jwt" time="0.654" /><testcase classname="tests.test_multiline_decode.TestOpsRegression" name="test_url_decode" time="0.658" /><testcase classname="tests.test_multiline_decode" name="test_recipe_run_requires_auth" time="0.089" /><testcase classname="tests.test_multiline_decode.TestOpsRegression" name="test_html_decode" time="0.142" /><testcase classname="tests.test_multiline_decode" name="test_smart_decode_requires_auth" time="0.102" /><testcase classname="tests.test_multiline_decode.TestOpsRegression" name="test_hex_decode" time="0.103" /><testcase classname="tests.test_multiline_decode.TestOpsRegression" name="test_rot13" time="0.264" /><testcase classname="tests.test_multiline_decode" name="test_operations_registry_45" time="0.416" /><testcase classname="tests.test_multiline_decode.TestOpsRegression" name="test_js_charcode" time="0.094" /><testcase classname="tests.test_multiline_decode" name="test_ps_encoded_single_line" time="0.097" /><testcase classname="tests.test_multiline_decode.TestOpsRegression" name="test_refang_iocs" time="0.095" /><testcase classname="tests.test_multiline_decode.TestOpsRegression" name="test_cmd_deobfuscate" time="0.093" /><testcase classname="tests.test_multiline_decode" name="test_ps_encoded_multi_line" time="0.138" /><testcase classname="tests.test_multiline_decode.TestOpsRegression" name="test_extract_urls" time="0.103" /><testcase classname="tests.test_multiline_decode" name="test_ps_encoded_full_cmdline_multi_line" time="0.140" /><testcase classname="tests.test_multiline_decode.TestOpsRegression" name="test_extract_ips" time="0.135" /><testcase classname="tests.test_multiline_decode" name="test_base64_multi_line_with_whitespace" time="0.108" /><testcase classname="tests.test_multiline_decode.TestOpsRegression" name="test_extract_hashes" time="0.098" /><testcase classname="tests.test_multiline_decode" name="test_base64_missing_padding" time="0.095" /><testcase classname="tests.test_multiline_decode.TestOpsRegression" name="test_json_beautify" time="0.098" /><testcase classname="tests.test_multiline_decode" name="test_base64_multiline_and_missing_padding" time="0.099" /><testcase classname="tests.test_multiline_decode.TestOpsRegression" name="test_md5" time="0.106" /><testcase classname="tests.test_multiline_decode" name="test_analyze_accepts_ps_decoded_payload" time="0.100" /><testcase classname="tests.test_multiline_decode.TestOpsRegression" name="test_sha256" time="0.096" /><testcase classname="tests.test_multiline_decode.TestOpsRegression" name="test_base64_gzip_and_gzip_decompress" time="0.273" /><testcase classname="tests.test_nivxary.TestSmartDecode" name="test_smart_decode_examples[powershell-encoded]" time="0.531" /><testcase classname="tests.test_multiline_decode.TestOpsRegression" name="test_gzip_decompress_via_recipe" time="0.265" /><testcase classname="tests.test_nivxary.TestSmartDecode" name="test_smart_decode_examples[ransomware-note]" time="0.195" /><testcase classname="tests.test_multiline_decode.TestOpsRegression" name="test_xor" time="0.198" /><testcase classname="tests.test_nivxary.TestSmartDecode" name="test_smart_decode_examples[defanged-iocs]" time="0.386" /><testcase classname="tests.test_nivxary.TestAdmin" name="test_osint_services" time="0.426" /><testcase classname="tests.test_nivxary.TestSmartDecode" name="test_smart_decode_examples[nested-base64-gzip]" time="0.209" /><testcase classname="tests.test_nivxary.TestAdmin" name="test_osint_services_unauth" time="0.107" /><testcase classname="tests.test_nivxary.TestAdmin" name="test_osint_put_and_get" time="0.368" /><testcase classname="tests.test_nivxary.TestSmartDecode" name="test_smart_decode_examples[url-encoded-xss]" time="0.196" /><testcase classname="tests.test_nivxary.TestSmartDecode" name="test_powershell_content" time="0.207" /><testcase classname="tests.test_nivxary.TestAdmin" name="test_admin_stats" time="0.109" /><testcase classname="tests.test_nivxary.TestSmartDecode" name="test_xss_content" time="0.242" /><testcase classname="tests.test_nivxary.TestAuth" name="test_login_bad" time="0.104" /><testcase classname="tests.test_nivxary.TestAuth" name="test_me" time="0.138" /><testcase classname="tests.test_nivxary.TestSmartDecode" name="test_defanged_content" time="0.197" /><testcase classname="tests.test_nivxary.TestAuth" name="test_operations_unauth" time="0.107" /><testcase classname="tests.test_nivxary.TestAnalyze" name="test_analyze_basic" time="10.229" /><testcase classname="tests.test_nivxary.TestOps" name="test_operations_list" time="0.121" /><testcase classname="tests.test_nivxary.TestOps" name="test_examples" time="0.097" /><testcase classname="tests.test_nivxary.TestOps" name="test_recipe_run_base64" time="0.101" /></testsuite></testsuites>