<?xml version="1.0" encoding="utf-8"?><testsuites name="pytest tests"><testsuite name="pytest" errors="0" failures="0" skipped="0" tests="19" time="2.730" timestamp="2026-08-04T16:58:35.625253+00:00" hostname="agent-env-630704a1-621f-478b-9b86-a321772d01bf"><testcase classname="tests.test_iter62_correlations_e2e.TestListAndAuth" name="test_list_correlations_authed" time="0.701" /><testcase classname="tests.test_iter62_correlations_e2e.TestListAndAuth" name="test_list_correlations_unauth_rejected" time="0.126" /><testcase classname="tests.test_iter62_correlations_e2e.TestCorrelationCRUD" name="test_create_from_root_case" time="0.153" /><testcase classname="tests.test_iter62_correlations_e2e.TestCorrelationCRUD" name="test_create_idempotent_if_case_already_linked" time="0.077" /><testcase classname="tests.test_iter62_correlations_e2e.TestCorrelationCRUD" name="test_get_detail" time="0.078" /><testcase classname="tests.test_iter62_correlations_e2e.TestCorrelationCRUD" name="test_patch" time="0.084" /><testcase classname="tests.test_iter62_correlations_e2e.TestCorrelationCRUD" name="test_get_bad_id_404" time="0.076" /><testcase classname="tests.test_iter62_correlations_e2e.TestViews" name="test_chain" time="0.075" /><testcase classname="tests.test_iter62_correlations_e2e.TestViews" name="test_graph" time="0.075" /><testcase classname="tests.test_iter62_correlations_e2e.TestViews" name="test_timeline" time="0.071" /><testcase classname="tests.test_iter62_correlations_e2e.TestViews" name="test_summary" time="0.073" /><testcase classname="tests.test_iter62_correlations_e2e.TestSuggestionsAndScan" name="test_scan_lone_case" time="0.077" /><testcase classname="tests.test_iter62_correlations_e2e.TestSuggestionsAndScan" name="test_list_suggestions" time="0.079" /><testcase classname="tests.test_iter62_correlations_e2e.TestLinkingLifecycle" name="test_unlink_root_refused" time="0.071" /><testcase classname="tests.test_iter62_correlations_e2e.TestLinkingLifecycle" name="test_link_and_unlink_second_case" time="0.431" /><testcase classname="tests.test_iter62_correlations_e2e.TestLinkingLifecycle" name="test_delete_correlation_detaches_root" time="0.187" /><testcase classname="tests.test_iter62_correlations_e2e.TestExistingEndpointsRegression" name="test_history_still_works" time="0.076" /><testcase classname="tests.test_iter62_correlations_e2e.TestExistingEndpointsRegression" name="test_investigations_event_log_still_works" time="0.073" /><testcase classname="tests.test_iter62_correlations_e2e.TestExistingEndpointsRegression" name="test_artifacts_capabilities" time="0.072" /></testsuite></testsuites>