<?xml version="1.0" encoding="utf-8"?><testsuites name="pytest tests"><testsuite name="pytest" errors="0" failures="1" skipped="2" tests="12" time="2.717" timestamp="2026-09-05T12:38:51.611838+00:00" hostname="agent-env-630704a1-621f-478b-9b86-a321772d01bf"><testcase classname="tests.test_iteration_81_review.TestAnonymousEmpty" name="test_incidents_anonymous" time="0.234" /><testcase classname="tests.test_iteration_81_review.TestAnonymousEmpty" name="test_dashboard_tiles_anonymous" time="0.263" /><testcase classname="tests.test_iteration_81_review.TestIncidentQueue" name="test_admin_sees_all_198" time="0.715"><failure message="AssertionError: expected 198, got 100&#10;assert 100 == 198">tests/test_iteration_81_review.py:49: in test_admin_sees_all_198
    assert data["count"] == 198, f"expected 198, got {data['count']}"
E   AssertionError: expected 198, got 100
E   assert 100 == 198</failure></testcase><testcase classname="tests.test_iteration_81_review.TestAnonymousEmpty" name="test_mss_kpis_anonymous" time="0.098" /><testcase classname="tests.test_iteration_81_review.TestIncidentQueue" name="test_missing_user_email_included" time="0.280" /><testcase classname="tests.test_iteration_81_review.TestCrossTenant" name="test_admin_customer_filter_scoped" time="0.487" /><testcase classname="tests.test_iteration_81_review.TestAssignmentFilter" name="test_bogus_returns_400" time="0.100" /><testcase classname="tests.test_iteration_81_review.TestCrossTenant" name="test_tenant_restricted_user_via_seed" time="0.412"><skipped type="pytest.skip" message="analyst login failed: 401 {&quot;detail&quot;:&quot;Invalid credentials&quot;}">/app/backend/tests/test_iteration_81_review.py:165: analyst login failed: 401 {"detail":"Invalid credentials"}</skipped></testcase><testcase classname="tests.test_iteration_81_review.TestAssignmentFilter" name="test_subsets_sum_consistent" time="0.638" /><testcase classname="tests.test_iteration_81_review.TestInspectorActions" name="test_ip_inspector_actions" time="0.133" /><testcase classname="tests.test_iteration_81_review.TestInspectorActions" name="test_process_inspector_actions" time="0.106"><skipped type="pytest.skip" message="no process node in sample graph">/app/backend/tests/test_iteration_81_review.py:209: no process node in sample graph</skipped></testcase><testcase classname="tests.test_iteration_81_review.TestAttackGraph" name="test_graph_payload_shape" time="0.125" /></testsuite></testsuites>