<?xml version="1.0" encoding="utf-8"?><testsuites name="pytest tests"><testsuite name="pytest" errors="0" failures="0" skipped="0" tests="33" time="16.545" timestamp="2026-08-04T15:36:59.413054+00:00" hostname="agent-env-630704a1-621f-478b-9b86-a321772d01bf"><testcase classname="tests.test_pe_analyzer" name="test_capability_flag_matches_import" time="0.000" /><testcase classname="tests.test_artifact_intelligence" name="test_registry_contains_pe_and_pdf" time="0.000" /><testcase classname="tests.test_pe_analyzer" name="test_non_pe_input_surfaces_reasoned_error" time="0.000" /><testcase classname="tests.test_pe_analyzer" name="test_analyze_pe_returns_full_report_for_real_pe" time="0.021" /><testcase classname="tests.test_artifact_intelligence" name="test_dispatch_pe_routes_to_pe_analyzer" time="0.022" /><testcase classname="tests.test_pe_analyzer" name="test_analyze_pe_is_deterministic" time="0.040" /><testcase classname="tests.test_artifact_intelligence" name="test_dispatch_pdf_routes_to_pdf_analyzer" time="0.001" /><testcase classname="tests.test_artifact_intelligence" name="test_dispatch_unknown_returns_unknown_artifact_type" time="0.000" /><testcase classname="tests.test_artifact_intelligence" name="test_dispatch_empty_input" time="0.000" /><testcase classname="tests.test_artifact_intelligence" name="test_dispatch_is_deterministic" time="0.041" /><testcase classname="tests.test_pe_analyzer" name="test_detect_binary_artifact_attaches_pe_analysis" time="0.041" /><testcase classname="tests.test_artifact_intelligence" name="test_pe_analyzer_pretext_pretext_does_not_false_match" time="0.000" /><testcase classname="tests.test_artifact_intelligence" name="test_binary_artifact_carries_routed_analysis" time="0.045" /><testcase classname="tests.test_pe_analyzer" name="test_binary_artifact_to_dict_includes_pe_analysis" time="0.042" /><testcase classname="tests.test_iedde_ssot_wiring" name="test_iedde_augmentation_populated_on_recovered_states[whoami-canonical]" time="9.179" /><testcase classname="tests.test_pe_analyzer" name="test_analyze_pe_never_raises_on_garbage" time="0.013" /><testcase classname="tests.test_elf_analyzer" name="test_registry_contains_elf" time="0.000" /><testcase classname="tests.test_elf_analyzer" name="test_dispatch_elf_routes_to_elf_analyzer" time="0.016" /><testcase classname="tests.test_elf_analyzer" name="test_elf_analyzer_is_deterministic" time="0.028" /><testcase classname="tests.test_elf_analyzer" name="test_elf_analyzer_never_raises_on_garbage" time="0.000" /><testcase classname="tests.test_elf_analyzer" name="test_elf_findings_always_include_summary" time="0.014" /><testcase classname="tests.test_elf_analyzer" name="test_binary_artifact_routes_elf_via_recipe_planner" time="0.027" /><testcase classname="tests.test_office_analyzer" name="test_analyzer_recognizes_docx_and_produces_findings" time="0.001" /><testcase classname="tests.test_office_analyzer" name="test_analyzer_is_deterministic" time="0.001" /><testcase classname="tests.test_office_analyzer" name="test_analyzer_gracefully_handles_plain_zip" time="0.000" /><testcase classname="tests.test_office_analyzer" name="test_binary_artifact_routes_ooxml_via_recipe_planner" time="0.001" /><testcase classname="tests.test_office_analyzer" name="test_no_macros_no_findings" time="0.000" /><testcase classname="tests.test_iedde_ssot_wiring" name="test_iedde_augmentation_populated_on_recovered_states[powershell.exe -EncodedCommand VwByAGkAdABlAC0ASABvAHMAdAAgACIAdAB3AGUAZQB0ACwAIAB0AHcAZQBlAHQAIQAiAA==-canonical]" time="0.003" /><testcase classname="tests.test_iedde_ssot_wiring" name="test_canonical_confidence_is_100_when_iedde_reaches_canonical" time="6.380" /><testcase classname="tests.test_iedde_ssot_wiring" name="test_atomic_ioc_terminal_state_is_not_augmented" time="0.000" /><testcase classname="tests.test_iedde_ssot_wiring" name="test_iedde_trace_shape_matches_planresult_dict" time="0.001" /><testcase classname="tests.test_iedde_ssot_wiring" name="test_iedde_stability_gate_carries_reasoned_message" time="0.001" /><testcase classname="tests.test_iedde_ssot_wiring" name="test_iedde_augmentation_is_deterministic" time="0.001" /></testsuite></testsuites>