<?xml version="1.0" encoding="utf-8"?><testsuites name="pytest tests"><testsuite name="pytest" errors="0" failures="0" skipped="0" tests="7" time="2.722" timestamp="2026-08-04T16:13:46.050639+00:00" hostname="agent-env-630704a1-621f-478b-9b86-a321772d01bf"><testcase classname="tests.test_iter61_elf_e2e" name="test_capabilities_includes_elf" time="0.591" /><testcase classname="tests.test_iter61_elf_e2e" name="test_analyze_elf_routes_to_elf_analyzer" time="0.120" /><testcase classname="tests.test_iter61_elf_e2e" name="test_analyze_truncated_elf_no_500" time="0.129" /><testcase classname="tests.test_iter61_elf_e2e" name="test_regression_pe_still_routes" time="0.132" /><testcase classname="tests.test_iter61_elf_e2e" name="test_regression_pdf_still_routes" time="0.165" /><testcase classname="tests.test_iter61_elf_e2e" name="test_regression_office_still_routes" time="0.117" /><testcase classname="tests.test_iter61_elf_e2e" name="test_decode_smart_recovers_elf_binary" time="0.762" /></testsuite></testsuites>