<?xml version="1.0" encoding="utf-8"?><testsuites name="pytest tests"><testsuite name="pytest" errors="0" failures="0" skipped="0" tests="10" time="15.626" timestamp="2026-08-04T18:18:37.372565+00:00" hostname="agent-env-630704a1-621f-478b-9b86-a321772d01bf"><testcase classname="tests.test_iter63_cem_and_find_related_e2e" name="test_cem_returns_shape" time="0.529" /><testcase classname="tests.test_iter63_cem_and_find_related_e2e" name="test_cem_is_deterministic" time="0.364" /><testcase classname="tests.test_iter63_cem_and_find_related_e2e" name="test_cem_case_not_found" time="0.296" /><testcase classname="tests.test_iter63_cem_and_find_related_e2e" name="test_find_related_existing_investigation" time="0.201" /><testcase classname="tests.test_iter63_cem_and_find_related_e2e" name="test_find_related_refresh_forces_live" time="0.380" /><testcase classname="tests.test_iter63_cem_and_find_related_e2e" name="test_find_related_case_not_found" time="0.170" /><testcase classname="tests.test_iter63_cem_and_find_related_e2e" name="test_record_then_hook_backfills_cem" time="5.914" /><testcase classname="tests.test_iter63_cem_and_find_related_e2e" name="test_correlations_list_and_seed_endpoints" time="1.401" /><testcase classname="tests.test_iter63_cem_and_find_related_e2e" name="test_decode_smart_text_regression" time="5.710" /><testcase classname="tests.test_iter63_cem_and_find_related_e2e" name="test_artifacts_capabilities" time="0.200" /></testsuite></testsuites>