<?xml version="1.0" encoding="utf-8"?><testsuites name="pytest tests"><testsuite name="pytest" errors="0" failures="0" skipped="0" tests="807" time="235.562" timestamp="2026-07-22T14:05:22.979633+00:00" hostname="agent-env-630704a1-621f-478b-9b86-a321772d01bf"><testcase classname="tests.rc5.unit.verdict_v2.test_verdict_v2" name="test_weights_sum_to_one" time="0.001" /><testcase classname="tests.rc5.unit.verdict_v2.test_verdict_v2" name="test_weights_expected_keys" time="0.000" /><testcase classname="tests.rc5.unit.verdict_v2.test_verdict_v2" name="test_tier_from_risk_boundaries[0-Benign]" time="0.000" /><testcase classname="tests.rc5.unit.verdict_v2.test_verdict_v2" name="test_tier_from_risk_boundaries[12-Benign]" time="0.000" /><testcase classname="tests.rc5.unit.verdict_v2.test_verdict_v2" name="test_tier_from_risk_boundaries[24-Benign]" time="0.000" /><testcase classname="tests.rc5.unit.verdict_v2.test_verdict_v2" name="test_tier_from_risk_boundaries[25-Suspicious]" time="0.000" /><testcase classname="tests.rc5.unit.verdict_v2.test_verdict_v2" name="test_tier_from_risk_boundaries[49-Suspicious]" time="0.000" /><testcase classname="tests.rc5.unit.verdict_v2.test_verdict_v2" name="test_tier_from_risk_boundaries[50-Malicious]" time="0.000" /><testcase classname="tests.rc5.unit.verdict_v2.test_verdict_v2" name="test_tier_from_risk_boundaries[74-Malicious]" time="0.000" /><testcase classname="tests.rc5.unit.verdict_v2.test_verdict_v2" name="test_tier_from_risk_boundaries[75-Critical]" time="0.000" /><testcase classname="tests.rc5.unit.verdict_v2.test_verdict_v2" name="test_tier_from_risk_boundaries[100-Critical]" time="0.003" /><testcase classname="tests.rc5.unit.verdict_v2.test_verdict_v2" name="test_empty_behaviors_yields_benign_zero" time="0.000" /><testcase classname="tests.rc5.unit.verdict_v2.test_verdict_v2" name="test_scores_all_seven_dimensions_present" time="0.000" /><testcase classname="tests.rc5.unit.verdict_v2.test_verdict_v2" name="test_execution_only_benign_via_no_execution_cap" time="0.000" /><testcase classname="tests.rc5.unit.verdict_v2.test_verdict_v2" name="test_high_capability_only_still_bounded_when_no_execution" time="0.000" /><testcase classname="tests.rc5.unit.verdict_v2.test_verdict_v2" name="test_persistence_lifts_persistence_dim" time="0.000" /><testcase classname="tests.rc5.unit.verdict_v2.test_verdict_v2" name="test_credential_dump_lifts_impact_and_capability" time="0.000" /><testcase classname="tests.rc5.unit.verdict_v2.test_verdict_v2" name="test_shellcode_exec_lifts_capability_high" time="0.000" /><testcase classname="tests.rc5.unit.verdict_v2.test_verdict_v2" name="test_amsi_bypass_lifts_stealth_and_evasion" time="0.000" /><testcase classname="tests.rc5.unit.verdict_v2.test_verdict_v2" name="test_top_reasons_at_most_five" time="0.000" /><testcase classname="tests.rc5.unit.verdict_v2.test_verdict_v2" name="test_top_reasons_are_deduplicated_by_reason_string" time="0.000" /><testcase classname="tests.rc5.unit.verdict_v2.test_verdict_v2" name="test_top_reasons_carry_evidence_behavior_ids" time="0.000" /><testcase classname="tests.rc5.unit.verdict_v2.test_verdict_v2" name="test_top_reasons_ordered_by_contribution_desc" time="0.000" /><testcase classname="tests.rc5.unit.verdict_v2.test_verdict_v2" name="test_verdict_reason_rejects_empty_evidence" time="0.000" /><testcase classname="tests.rc5.unit.verdict_v2.test_verdict_v2" name="test_no_execution_caps_at_benign" time="0.000" /><testcase classname="tests.rc5.unit.verdict_v2.test_verdict_v2" name="test_low_capability_impact_caps_at_benign_even_when_intent_high" time="0.000" /><testcase classname="tests.rc5.unit.verdict_v2.test_verdict_v2" name="test_high_capability_with_execution_floors_at_malicious" time="0.000" /><testcase classname="tests.rc5.unit.verdict_v2.test_verdict_v2" name="test_high_impact_with_execution_floors_at_malicious" time="0.000" /><testcase classname="tests.rc5.unit.verdict_v2.test_verdict_v2" name="test_cap_never_lowers_natural_benign" time="0.000" /><testcase classname="tests.rc5.unit.verdict_v2.test_verdict_v2" name="test_floor_never_lifts_pure_benign_signal" time="0.000" /><testcase classname="tests.rc5.unit.verdict_v2.test_verdict_v2" name="test_worked_obfuscated_calc_is_benign" time="0.000" /><testcase classname="tests.rc5.unit.verdict_v2.test_verdict_v2" name="test_worked_certutil_download_is_suspicious_or_malicious" time="0.000" /><testcase classname="tests.rc5.unit.verdict_v2.test_verdict_v2" name="test_worked_msfvenom_stager_is_critical" time="0.000" /><testcase classname="tests.rc5.unit.verdict_v2.test_verdict_v2" name="test_worked_persistence_run_key_plus_download_is_malicious" time="0.000" /><testcase classname="tests.rc5.unit.verdict_v2.test_verdict_v2" name="test_worked_string_build_no_exec_is_benign" time="0.000" /><testcase classname="tests.rc5.unit.verdict_v2.test_verdict_v2" name="test_lolbin_executed_bumps_evasion_and_capability" time="0.000" /><testcase classname="tests.rc5.unit.verdict_v2.test_verdict_v2" name="test_lolbin_referenced_does_not_bump_scores" time="0.000" /><testcase classname="tests.rc5.unit.verdict_v2.test_verdict_v2" name="test_lolbin_expanded_does_not_bump_scores" time="0.000" /><testcase classname="tests.rc5.unit.verdict_v2.test_verdict_v2" name="test_lolbin_row_computed_enters_verdict_property" time="0.000" /><testcase classname="tests.rc5.unit.verdict_v2.test_verdict_v2" name="test_multiple_lolbins_executed_cap_at_100" time="0.001" /><testcase classname="tests.rc5.unit.verdict_v2.test_verdict_v2" name="test_verdict_is_deterministic" time="0.000" /><testcase classname="tests.rc5.unit.verdict_v2.test_verdict_v2" name="test_verdict_is_frozen_immutable" time="0.000" /><testcase classname="tests.rc5.unit.verdict_v2.test_verdict_v2" name="test_verdict_serialises_to_json" time="0.000" /><testcase classname="tests.rc5.unit.verdict_v2.test_verdict_v2" name="test_scores_reject_bad_shape" time="0.000" /><testcase classname="tests.rc5.unit.verdict_v2.test_verdict_v2" name="test_scores_reject_out_of_range" time="0.000" /><testcase classname="tests.rc5.unit.verdict_v2.test_verdict_v2" name="test_verdict_module_no_ai_imports" time="0.000" /><testcase classname="tests.rc5.unit.verdict_v2.test_verdict_v2" name="test_verdict_module_no_regex_on_raw_text" time="0.000" /><testcase classname="tests.rc5.unit.verdict_v2.test_verdict_v2" name="test_only_execution_dimension_never_alone_drives_maliciousness" time="0.000" /><testcase classname="tests.rc5.unit.verdict_v2.test_verdict_v2" name="test_lots_of_process_spawns_still_benign_without_capability_or_impact" time="0.000" /><testcase classname="tests.rc5.unit.verdict_v2.test_verdict_v2" name="test_execution_score_capped_at_100" time="0.001" /><testcase classname="tests.rc5.unit.verdict_v2.test_verdict_v2" name="test_reason_table_covers_common_tactics" time="0.000" /><testcase classname="tests.rc5.unit.verdict_v2.test_verdict_v2" name="test_mitre_input_optional_and_ignored_safely" time="0.000" /><testcase classname="tests.rc5.unit.verdict_v2.test_verdict_v2" name="test_verdict_carries_weights_snapshot_for_analyst_audit" time="0.000" /><testcase classname="tests.rc5.unit.mitre_v2.test_mitre_rules" name="test_empty_behaviors_returns_empty" time="0.000" /><testcase classname="tests.rc5.unit.mitre_v2.test_mitre_rules" name="test_single_ps_execution_maps_to_T1059_001" time="0.000" /><testcase classname="tests.rc5.unit.mitre_v2.test_mitre_rules" name="test_cmd_shell_execution_maps_to_T1059_003" time="0.000" /><testcase classname="tests.rc5.unit.mitre_v2.test_mitre_rules" name="test_wscript_maps_to_T1059_005" time="0.000" /><testcase classname="tests.rc5.unit.mitre_v2.test_mitre_rules" name="test_wmic_maps_to_T1047" time="0.000" /><testcase classname="tests.rc5.unit.mitre_v2.test_mitre_rules" name="test_lolbin_binary_proxy_execution[mshta.exe-T1218.005]" time="0.000" /><testcase classname="tests.rc5.unit.mitre_v2.test_mitre_rules" name="test_lolbin_binary_proxy_execution[MSHTA.EXE-T1218.005]" time="0.000" /><testcase classname="tests.rc5.unit.mitre_v2.test_mitre_rules" name="test_lolbin_binary_proxy_execution[rundll32.exe-T1218.011]" time="0.000" /><testcase classname="tests.rc5.unit.mitre_v2.test_mitre_rules" name="test_lolbin_binary_proxy_execution[regsvr32.exe-T1218.010]" time="0.000" /><testcase classname="tests.rc5.unit.mitre_v2.test_mitre_rules" name="test_shellcode_exec_maps_to_T1055_002" time="0.000" /><testcase classname="tests.rc5.unit.mitre_v2.test_mitre_rules" name="test_dll_load_maps_to_T1129" time="0.000" /><testcase classname="tests.rc5.unit.mitre_v2.test_mitre_rules" name="test_process_spawn_notepad_does_not_map_to_ps_or_cmd" time="0.000" /><testcase classname="tests.rc5.unit.mitre_v2.test_mitre_rules" name="test_download_maps_to_T1105" time="0.000" /><testcase classname="tests.rc5.unit.mitre_v2.test_mitre_rules" name="test_bitsadmin_download_also_maps_T1197" time="0.000" /><testcase classname="tests.rc5.unit.mitre_v2.test_mitre_rules" name="test_certutil_download_maps_T1140" time="0.000" /><testcase classname="tests.rc5.unit.mitre_v2.test_mitre_rules" name="test_http_beacon_maps_T1071_001" time="0.000" /><testcase classname="tests.rc5.unit.mitre_v2.test_mitre_rules" name="test_dns_beacon_maps_T1071_004" time="0.000" /><testcase classname="tests.rc5.unit.mitre_v2.test_mitre_rules" name="test_named_pipe_maps_T1573" time="0.000" /><testcase classname="tests.rc5.unit.mitre_v2.test_mitre_rules" name="test_download_no_bitsadmin_hint_does_not_emit_T1197" time="0.000" /><testcase classname="tests.rc5.unit.mitre_v2.test_mitre_rules" name="test_autorun_registry_maps_T1547_001" time="0.000" /><testcase classname="tests.rc5.unit.mitre_v2.test_mitre_rules" name="test_schtasks_maps_T1053_005" time="0.000" /><testcase classname="tests.rc5.unit.mitre_v2.test_mitre_rules" name="test_service_install_maps_T1543_003" time="0.000" /><testcase classname="tests.rc5.unit.mitre_v2.test_mitre_rules" name="test_registry_write_no_autorun_still_maps_T1112" time="0.000" /><testcase classname="tests.rc5.unit.mitre_v2.test_mitre_rules" name="test_wmi_subscription_maps_T1546_003" time="0.000" /><testcase classname="tests.rc5.unit.mitre_v2.test_mitre_rules" name="test_credential_access_family[mimikatz.exe-T1003.001]" time="0.000" /><testcase classname="tests.rc5.unit.mitre_v2.test_mitre_rules" name="test_credential_access_family[procdump.exe-T1003.001]" time="0.000" /><testcase classname="tests.rc5.unit.mitre_v2.test_mitre_rules" name="test_credential_access_family[ntdsutil.exe-T1003.003]" time="0.000" /><testcase classname="tests.rc5.unit.mitre_v2.test_mitre_rules" name="test_credential_access_unknown_tool_yields_no_mapping" time="0.000" /><testcase classname="tests.rc5.unit.mitre_v2.test_mitre_rules" name="test_encoded_command_maps_T1027_010" time="0.000" /><testcase classname="tests.rc5.unit.mitre_v2.test_mitre_rules" name="test_obfuscation_wrong_kind_does_not_map" time="0.000" /><testcase classname="tests.rc5.unit.mitre_v2.test_mitre_rules" name="test_amsi_bypass_maps_T1562_001" time="0.000" /><testcase classname="tests.rc5.unit.mitre_v2.test_mitre_rules" name="test_etw_bypass_maps_T1562_006" time="0.000" /><testcase classname="tests.rc5.unit.mitre_v2.test_mitre_rules" name="test_reflection_maps_T1620" time="0.000" /><testcase classname="tests.rc5.unit.mitre_v2.test_mitre_rules" name="test_memory_alloc_maps_T1055" time="0.000" /><testcase classname="tests.rc5.unit.mitre_v2.test_mitre_rules" name="test_exfil_upload_maps_T1041" time="0.000" /><testcase classname="tests.rc5.unit.mitre_v2.test_mitre_rules" name="test_file_delete_maps_T1485" time="0.000" /><testcase classname="tests.rc5.unit.mitre_v2.test_mitre_rules" name="test_file_create_maps_T1005" time="0.000" /><testcase classname="tests.rc5.unit.mitre_v2.test_mitre_rules" name="test_clipboard_maps_T1115" time="0.000" /><testcase classname="tests.rc5.unit.mitre_v2.test_mitre_rules" name="test_every_mapping_has_at_least_one_behavior_id" time="0.000" /><testcase classname="tests.rc5.unit.mitre_v2.test_mitre_rules" name="test_every_mapping_has_at_least_one_node_id" time="0.000" /><testcase classname="tests.rc5.unit.mitre_v2.test_mitre_rules" name="test_mapping_confidence_capped_by_behavior_confidence" time="0.000" /><testcase classname="tests.rc5.unit.mitre_v2.test_mitre_rules" name="test_mapping_confidence_capped_by_rule_base" time="0.000" /><testcase classname="tests.rc5.unit.mitre_v2.test_mitre_rules" name="test_multiple_behaviors_merge_into_one_mapping" time="0.000" /><testcase classname="tests.rc5.unit.mitre_v2.test_mitre_rules" name="test_deterministic_ordering" time="0.000" /><testcase classname="tests.rc5.unit.mitre_v2.test_mitre_rules" name="test_tactic_id_matches_MITRE_TACTIC_IDS" time="0.000" /><testcase classname="tests.rc5.unit.mitre_v2.test_mitre_rules" name="test_reconstructed_strings_deduplicated_in_mapping" time="0.000" /><testcase classname="tests.rc5.unit.mitre_v2.test_mitre_rules" name="test_data_sources_populated_for_every_mapping" time="0.000" /><testcase classname="tests.rc5.unit.mitre_v2.test_mitre_rules" name="test_detections_are_strings_only" time="0.000" /><testcase classname="tests.rc5.unit.mitre_v2.test_mitre_rules" name="test_mitre_mapping_immutable" time="0.000" /><testcase classname="tests.rc5.unit.explainability.test_explainability" name="test_empty_input_yields_valid_explanation" time="0.001" /><testcase classname="tests.rc5.unit.explainability.test_explainability" name="test_narrative_locked_empty_deterministic" time="0.000" /><testcase classname="tests.rc5.unit.explainability.test_explainability" name="test_id_is_deterministic" time="0.000" /><testcase classname="tests.rc5.unit.explainability.test_explainability" name="test_id_differs_by_input" time="0.000" /><testcase classname="tests.rc5.unit.explainability.test_explainability" name="test_explanation_json_serialisable" time="0.001" /><testcase classname="tests.rc5.unit.explainability.test_explainability" name="test_evidence_tree_populated_for_certutil_download" time="0.001" /><testcase classname="tests.rc5.unit.explainability.test_explainability" name="test_evidence_link_carries_behavior_tactic_and_subkind" time="0.000" /><testcase classname="tests.rc5.unit.explainability.test_explainability" name="test_evidence_link_has_execnode_kinds_when_populated" time="0.000" /><testcase classname="tests.rc5.unit.explainability.test_explainability" name="test_evidence_link_rejects_empty_exec_node_ids" time="0.000" /><testcase classname="tests.rc5.unit.explainability.test_explainability" name="test_evidence_tree_at_most_five_reasons_five_times_behaviors" time="0.000" /><testcase classname="tests.rc5.unit.explainability.test_explainability" name="test_evidence_tree_sir_ids_populated_when_source_span_available" time="0.000" /><testcase classname="tests.rc5.unit.explainability.test_explainability" name="test_evidence_tree_decode_layers_ordered_ascending" time="0.000" /><testcase classname="tests.rc5.unit.explainability.test_explainability" name="test_evidence_tree_reconstructed_non_empty_for_process_spawns" time="0.000" /><testcase classname="tests.rc5.unit.explainability.test_explainability" name="test_evidence_tree_source_spans_are_two_tuples_when_present" time="0.000" /><testcase classname="tests.rc5.unit.explainability.test_explainability" name="test_evidence_tree_no_dangling_behavior_ids" time="0.000" /><testcase classname="tests.rc5.unit.explainability.test_explainability" name="test_evidence_tree_execnode_ids_all_resolve" time="0.000" /><testcase classname="tests.rc5.unit.explainability.test_explainability" name="test_confidence_breakdown_has_five_stages" time="0.000" /><testcase classname="tests.rc5.unit.explainability.test_explainability" name="test_confidence_weights_sum_to_one" time="0.000" /><testcase classname="tests.rc5.unit.explainability.test_explainability" name="test_confidence_stage_weights_all_five_dimensions" time="0.000" /><testcase classname="tests.rc5.unit.explainability.test_explainability" name="test_confidence_out_of_range_rejected" time="0.000" /><testcase classname="tests.rc5.unit.explainability.test_explainability" name="test_confidence_high_for_clean_input" time="0.000" /><testcase classname="tests.rc5.unit.explainability.test_explainability" name="test_confidence_penalises_unresolved_nodes" time="0.000" /><testcase classname="tests.rc5.unit.explainability.test_explainability" name="test_confidence_deterministic_across_runs" time="0.001" /><testcase classname="tests.rc5.unit.explainability.test_explainability" name="test_confidence_behavior_stage_min_of_behaviors" time="0.000" /><testcase classname="tests.rc5.unit.explainability.test_explainability" name="test_confidence_mitre_stage_min_of_mappings" time="0.000" /><testcase classname="tests.rc5.unit.explainability.test_explainability" name="test_confidence_weighted_overall_bounded" time="0.000" /><testcase classname="tests.rc5.unit.explainability.test_explainability" name="test_wnm_applicable_only_for_benign_or_suspicious" time="0.001" /><testcase classname="tests.rc5.unit.explainability.test_explainability" name="test_wnm_summary_populated_when_applicable" time="0.000" /><testcase classname="tests.rc5.unit.explainability.test_explainability" name="test_wnm_missing_signals_populated_when_applicable" time="0.000" /><testcase classname="tests.rc5.unit.explainability.test_explainability" name="test_wnm_reports_no_persistence_for_bare_echo" time="0.000" /><testcase classname="tests.rc5.unit.explainability.test_explainability" name="test_wnm_reports_no_network_activity_for_bare_echo" time="0.000" /><testcase classname="tests.rc5.unit.explainability.test_explainability" name="test_wnm_reports_no_credential_access_for_bare_echo" time="0.000" /><testcase classname="tests.rc5.unit.explainability.test_explainability" name="test_wnm_reports_no_shellcode_for_bare_echo" time="0.000" /><testcase classname="tests.rc5.unit.explainability.test_explainability" name="test_wnm_verdict_field_set" time="0.000" /><testcase classname="tests.rc5.unit.explainability.test_explainability" name="test_wnm_guardrails_surfaces_cap_when_applied" time="0.000" /><testcase classname="tests.rc5.unit.explainability.test_explainability" name="test_wnm_not_applicable_summary_explicit" time="0.000" /><testcase classname="tests.rc5.unit.explainability.test_explainability" name="test_wnm_signals_deduplicated" time="0.000" /><testcase classname="tests.rc5.unit.explainability.test_explainability" name="test_wnm_lolbin_signal_only_when_no_executed_lolbin" time="0.000" /><testcase classname="tests.rc5.unit.explainability.test_explainability" name="test_wnm_lolbin_signal_absent_when_executed_lolbin_present_but_verdict_suspicious" time="0.000" /><testcase classname="tests.rc5.unit.explainability.test_explainability" name="test_explanation_deterministic_full_dump" time="0.001" /><testcase classname="tests.rc5.unit.explainability.test_explainability" name="test_explanation_frozen" time="0.000" /><testcase classname="tests.rc5.unit.explainability.test_explainability" name="test_explanation_module_no_ai_imports" time="0.000" /><testcase classname="tests.rc5.unit.explainability.test_explainability" name="test_explanation_module_no_regex_on_raw_text" time="0.000" /><testcase classname="tests.rc5.unit.explainability.test_explainability" name="test_explanation_narrative_advisor_marker_locked" time="0.000" /><testcase classname="tests.rc5.unit.explainability.test_explainability" name="test_evidence_tree_ordering_matches_top_reasons_order" time="0.001" /><testcase classname="tests.rc5.unit.explainability.test_explainability" name="test_worked_msfvenom_produces_rich_evidence_tree" time="0.001" /><testcase classname="tests.rc5.unit.lolbin_v2.test_lolbin_v2" name="test_empty_graph_returns_no_rows" time="0.000" /><testcase classname="tests.rc5.unit.lolbin_v2.test_lolbin_v2" name="test_catalog_is_nonempty" time="0.000" /><testcase classname="tests.rc5.unit.lolbin_v2.test_lolbin_v2" name="test_catalog_bare_names_are_lowercase" time="0.000" /><testcase classname="tests.rc5.unit.lolbin_v2.test_lolbin_v2" name="test_processnode_marks_binary_executed[certutil.exe-certutil]" time="0.000" /><testcase classname="tests.rc5.unit.lolbin_v2.test_lolbin_v2" name="test_processnode_marks_binary_executed[CERTUTIL.EXE-certutil]" time="0.000" /><testcase classname="tests.rc5.unit.lolbin_v2.test_lolbin_v2" name="test_processnode_marks_binary_executed[bitsadmin.exe-bitsadmin]" time="0.000" /><testcase classname="tests.rc5.unit.lolbin_v2.test_lolbin_v2" name="test_processnode_marks_binary_executed[mshta.exe-mshta]" time="0.000" /><testcase classname="tests.rc5.unit.lolbin_v2.test_lolbin_v2" name="test_processnode_marks_binary_executed[rundll32.exe-rundll32]" time="0.000" /><testcase classname="tests.rc5.unit.lolbin_v2.test_lolbin_v2" name="test_processnode_marks_binary_executed[regsvr32.exe-regsvr32]" time="0.000" /><testcase classname="tests.rc5.unit.lolbin_v2.test_lolbin_v2" name="test_processnode_marks_binary_executed[wmic.exe-wmic]" time="0.000" /><testcase classname="tests.rc5.unit.lolbin_v2.test_lolbin_v2" name="test_processnode_marks_binary_executed[powershell.exe-powershell]" time="0.000" /><testcase classname="tests.rc5.unit.lolbin_v2.test_lolbin_v2" name="test_processnode_marks_binary_executed[PWsH-pwsh]" time="0.000" /><testcase classname="tests.rc5.unit.lolbin_v2.test_lolbin_v2" name="test_executed_row_enters_verdict" time="0.000" /><testcase classname="tests.rc5.unit.lolbin_v2.test_lolbin_v2" name="test_executed_row_carries_purposes_and_mitre" time="0.000" /><testcase classname="tests.rc5.unit.lolbin_v2.test_lolbin_v2" name="test_varbind_with_lolbin_value_is_expanded" time="0.000" /><testcase classname="tests.rc5.unit.lolbin_v2.test_lolbin_v2" name="test_varbind_no_lolbin_yields_no_row" time="0.000" /><testcase classname="tests.rc5.unit.lolbin_v2.test_lolbin_v2" name="test_varbind_with_path_prefix_still_expanded" time="0.000" /><testcase classname="tests.rc5.unit.lolbin_v2.test_lolbin_v2" name="test_expanded_then_executed_upgrades_to_executed" time="0.000" /><testcase classname="tests.rc5.unit.lolbin_v2.test_lolbin_v2" name="test_multiple_varbinds_dedup_nodes_and_snippets" time="0.000" /><testcase classname="tests.rc5.unit.lolbin_v2.test_lolbin_v2" name="test_referenced_only_in_string_field" time="0.000" /><testcase classname="tests.rc5.unit.lolbin_v2.test_lolbin_v2" name="test_referenced_does_not_upgrade_to_executed_alone" time="0.000" /><testcase classname="tests.rc5.unit.lolbin_v2.test_lolbin_v2" name="test_referenced_alongside_executed_shows_executed" time="0.000" /><testcase classname="tests.rc5.unit.lolbin_v2.test_lolbin_v2" name="test_no_regex_scan_of_result_output" time="0.000" /><testcase classname="tests.rc5.unit.lolbin_v2.test_lolbin_v2" name="test_referenced_dedup_across_multiple_string_nodes" time="0.000" /><testcase classname="tests.rc5.unit.lolbin_v2.test_lolbin_v2" name="test_only_executed_enters_verdict" time="0.000" /><testcase classname="tests.rc5.unit.lolbin_v2.test_lolbin_v2" name="test_row_confidence_clamped_by_source_node_min_confidence" time="0.000" /><testcase classname="tests.rc5.unit.lolbin_v2.test_lolbin_v2" name="test_no_zero_evidence_row_creatable" time="0.000" /><testcase classname="tests.rc5.unit.lolbin_v2.test_lolbin_v2" name="test_deterministic_across_runs" time="0.000" /><testcase classname="tests.rc5.unit.lolbin_v2.test_lolbin_v2" name="test_advisor_origin_nodes_are_ignored" time="0.000" /><testcase classname="tests.rc5.unit.lolbin_v2.test_lolbin_v2" name="test_strongest_ordering_helper" time="0.000" /><testcase classname="tests.rc5.unit.lolbin_v2.test_lolbin_v2" name="test_extract_binary_tokens_handles_paths_and_quotes" time="0.000" /><testcase classname="tests.rc5.unit.lolbin_v2.test_lolbin_v2" name="test_e2e_cmd_bitsadmin_download_is_executed" time="0.000" /><testcase classname="tests.rc5.unit.lolbin_v2.test_lolbin_v2" name="test_e2e_cmd_set_var_then_run_upgrades_to_executed" time="0.000" /><testcase classname="tests.rc5.unit.lolbin_v2.test_lolbin_v2" name="test_e2e_ps_certutil_urlcache_executed" time="0.000" /><testcase classname="tests.rc5.unit.lolbin_v2.test_lolbin_v2" name="test_e2e_ps_start_process_powershell_executed" time="0.000" /><testcase classname="tests.rc5.unit.lolbin_v2.test_lolbin_v2" name="test_e2e_ps_download_only_referenced_when_no_processnode_spawns" time="0.000" /><testcase classname="tests.rc5.unit.lolbin_v2.test_lolbin_v2" name="test_e2e_cmd_dir_is_not_a_lolbin_hit" time="0.000" /><testcase classname="tests.rc5.unit.lolbin_v2.test_lolbin_v2" name="test_e2e_no_binary_returns_empty" time="0.000" /><testcase classname="tests.rc5.unit.lolbin_v2.test_lolbin_v2" name="test_e2e_ps_wmic_process_call_executed" time="0.000" /><testcase classname="tests.rc5.unit.lolbin_v2.test_lolbin_v2" name="test_e2e_snippets_never_exceed_cap" time="0.000" /><testcase classname="tests.rc5.unit.lolbin_v2.test_lolbin_v2" name="test_e2e_rows_are_deterministic_across_two_runs" time="0.000" /><testcase classname="tests.rc5.unit.lolbin_v2.test_lolbin_v2" name="test_no_new_import_of_KEYWORD_LOLBAS_HITS_in_engine" time="0.015" /><testcase classname="tests.rc5.unit.lolbin_v2.test_lolbin_v2" name="test_lolbin_v2_no_ai_imports" time="0.000" /><testcase classname="tests.rc5.unit.lolbin_v2.test_lolbin_v2" name="test_lolbin_v2_no_re_scan_on_raw_text" time="0.000" /><testcase classname="tests.rc5.unit.lolbin_v2.test_lolbin_v2" name="test_processnode_with_full_windows_path_is_executed" time="0.000" /><testcase classname="tests.rc5.unit.lolbin_v2.test_lolbin_v2" name="test_lolbin_row_serialises_to_json" time="0.000" /><testcase classname="tests.rc5.unit.powershell.test_interpreter" name="test_simple_assignment" time="0.000" /><testcase classname="tests.rc5.unit.powershell.test_interpreter" name="test_var_expansion_in_string" time="0.000" /><testcase classname="tests.rc5.unit.powershell.test_interpreter" name="test_var_braced_expansion" time="0.000" /><testcase classname="tests.rc5.unit.powershell.test_interpreter" name="test_number_assignment" time="0.000" /><testcase classname="tests.rc5.unit.powershell.test_interpreter" name="test_string_concat_plus" time="0.000" /><testcase classname="tests.rc5.unit.powershell.test_interpreter" name="test_op_replace" time="0.000" /><testcase classname="tests.rc5.unit.powershell.test_interpreter" name="test_op_split" time="0.000" /><testcase classname="tests.rc5.unit.powershell.test_interpreter" name="test_op_join" time="0.000" /><testcase classname="tests.rc5.unit.powershell.test_interpreter" name="test_op_format" time="0.000" /><testcase classname="tests.rc5.unit.powershell.test_interpreter" name="test_convert_frombase64" time="0.000" /><testcase classname="tests.rc5.unit.powershell.test_interpreter" name="test_char_literal" time="0.000" /><testcase classname="tests.rc5.unit.powershell.test_interpreter" name="test_substring_two_arg" time="0.000" /><testcase classname="tests.rc5.unit.powershell.test_interpreter" name="test_substring_one_arg" time="0.000" /><testcase classname="tests.rc5.unit.powershell.test_interpreter" name="test_replace_method" time="0.000" /><testcase classname="tests.rc5.unit.powershell.test_interpreter" name="test_toupper_method" time="0.000" /><testcase classname="tests.rc5.unit.powershell.test_interpreter" name="test_tolower_method" time="0.000" /><testcase classname="tests.rc5.unit.powershell.test_interpreter" name="test_trim_method" time="0.000" /><testcase classname="tests.rc5.unit.powershell.test_interpreter" name="test_tochararray_method" time="0.000" /><testcase classname="tests.rc5.unit.powershell.test_interpreter" name="test_array_indexing" time="0.000" /><testcase classname="tests.rc5.unit.powershell.test_interpreter" name="test_array_negative_indexing" time="0.000" /><testcase classname="tests.rc5.unit.powershell.test_interpreter" name="test_string_indexing" time="0.000" /><testcase classname="tests.rc5.unit.powershell.test_interpreter" name="test_alias_iex_resolved" time="0.000" /><testcase classname="tests.rc5.unit.powershell.test_interpreter" name="test_alias_ls_resolved" time="0.000" /><testcase classname="tests.rc5.unit.powershell.test_interpreter" name="test_alias_gc_resolved" time="0.000" /><testcase classname="tests.rc5.unit.powershell.test_interpreter" name="test_alias_echo_resolved_to_write_output" time="0.000" /><testcase classname="tests.rc5.unit.powershell.test_interpreter" name="test_alias_iwr_resolved" time="0.000" /><testcase classname="tests.rc5.unit.powershell.test_interpreter" name="test_iex_reparse_inner" time="0.000" /><testcase classname="tests.rc5.unit.powershell.test_interpreter" name="test_iex_double_stage" time="0.000" /><testcase classname="tests.rc5.unit.powershell.test_interpreter" name="test_iex_beyond_cap_yields_unresolved" time="0.000" /><testcase classname="tests.rc5.unit.powershell.test_interpreter" name="test_encoded_command_decoded_and_inlined" time="0.000" /><testcase classname="tests.rc5.unit.powershell.test_interpreter" name="test_encoded_command_short_flag" time="0.000" /><testcase classname="tests.rc5.unit.powershell.test_interpreter" name="test_bad_encoded_command_falls_back" time="0.000" /><testcase classname="tests.rc5.unit.powershell.test_interpreter" name="test_scriptblock_literal_top_level" time="0.000" /><testcase classname="tests.rc5.unit.powershell.test_interpreter" name="test_scriptblock_and_amp_invocation" time="0.000" /><testcase classname="tests.rc5.unit.powershell.test_interpreter" name="test_amsi_bypass_tagged" time="0.000" /><testcase classname="tests.rc5.unit.powershell.test_interpreter" name="test_amsi_tag_via_call_semantic_tag" time="0.000" /><testcase classname="tests.rc5.unit.powershell.test_interpreter" name="test_etw_bypass_tag" time="0.000" /><testcase classname="tests.rc5.unit.powershell.test_interpreter" name="test_download_cradle_reconstruct" time="0.000" /><testcase classname="tests.rc5.unit.powershell.test_interpreter" name="test_join_char_array_reconstruction" time="0.000" /><testcase classname="tests.rc5.unit.powershell.test_interpreter" name="test_reverse_via_slicing_method" time="0.000" /><testcase classname="tests.rc5.unit.powershell.test_interpreter" name="test_double_quote_expansion_with_env_ref_unresolved" time="0.000" /><testcase classname="tests.rc5.unit.powershell.test_interpreter" name="test_no_dangling_side_effects" time="0.000" /><testcase classname="tests.rc5.unit.powershell.test_interpreter" name="test_unknown_var_low_confidence" time="0.000" /><testcase classname="tests.rc5.unit.powershell.test_interpreter" name="test_literal_command_high_confidence" time="0.000" /><testcase classname="tests.rc5.unit.powershell.test_interpreter" name="test_deterministic_across_two_runs" time="0.000" /><testcase classname="tests.rc5.unit.powershell.test_interpreter" name="test_deferred_features_emit_unresolved" time="0.001" /><testcase classname="tests.rc5.unit.shadow.test_shadow" name="test_empty_snapshot_list_returns_total_zero" time="0.000" /><testcase classname="tests.rc5.unit.shadow.test_shadow" name="test_report_returns_expected_keys" time="0.000" /><testcase classname="tests.rc5.unit.shadow.test_shadow" name="test_snapshot_immutable_extra_forbidden" time="0.000" /><testcase classname="tests.rc5.unit.shadow.test_shadow" name="test_percentile_empty_returns_none" time="0.000" /><testcase classname="tests.rc5.unit.shadow.test_shadow" name="test_percentile_deterministic" time="0.000" /><testcase classname="tests.rc5.unit.shadow.test_shadow" name="test_unchanged_verdict_pair_counted" time="0.000" /><testcase classname="tests.rc5.unit.shadow.test_shadow" name="test_upgraded_verdict_counted" time="0.000" /><testcase classname="tests.rc5.unit.shadow.test_shadow" name="test_downgraded_verdict_counted" time="0.000" /><testcase classname="tests.rc5.unit.shadow.test_shadow" name="test_fp_change_flags_benign_labelled_upgrades" time="0.000" /><testcase classname="tests.rc5.unit.shadow.test_shadow" name="test_fn_change_flags_malicious_labelled_downgrades" time="0.000" /><testcase classname="tests.rc5.unit.shadow.test_shadow" name="test_fp_only_when_v5_is_malicious_or_critical" time="0.000" /><testcase classname="tests.rc5.unit.shadow.test_shadow" name="test_verdict_matrix_records_transitions" time="0.000" /><testcase classname="tests.rc5.unit.shadow.test_shadow" name="test_mitre_added_counted" time="0.000" /><testcase classname="tests.rc5.unit.shadow.test_shadow" name="test_mitre_removed_counted" time="0.000" /><testcase classname="tests.rc5.unit.shadow.test_shadow" name="test_mitre_kept_counted" time="0.000" /><testcase classname="tests.rc5.unit.shadow.test_shadow" name="test_mitre_empty_lists_no_error" time="0.000" /><testcase classname="tests.rc5.unit.shadow.test_shadow" name="test_mitre_added_top_limited_to_15" time="0.000" /><testcase classname="tests.rc5.unit.shadow.test_shadow" name="test_mitre_multi_sample_aggregation" time="0.000" /><testcase classname="tests.rc5.unit.shadow.test_shadow" name="test_lolbin_state_totals" time="0.000" /><testcase classname="tests.rc5.unit.shadow.test_shadow" name="test_lolbin_new_executed_hits_vs_rc4" time="0.000" /><testcase classname="tests.rc5.unit.shadow.test_shadow" name="test_lolbin_missed_vs_rc4" time="0.000" /><testcase classname="tests.rc5.unit.shadow.test_shadow" name="test_lolbin_no_diff_when_matching" time="0.000" /><testcase classname="tests.rc5.unit.shadow.test_shadow" name="test_lolbin_state_only_executed_should_influence_verdict_comparison" time="0.000" /><testcase classname="tests.rc5.unit.shadow.test_shadow" name="test_lolbin_totals_over_multiple_snaps" time="0.000" /><testcase classname="tests.rc5.unit.shadow.test_shadow" name="test_confidence_medians_computed_per_stage" time="0.000" /><testcase classname="tests.rc5.unit.shadow.test_shadow" name="test_latency_regression_ratio_computed" time="0.000" /><testcase classname="tests.rc5.unit.shadow.test_shadow" name="test_latency_percentiles_calculated" time="0.000" /><testcase classname="tests.rc5.unit.shadow.test_shadow" name="test_parser_exceptions_counted" time="0.000" /><testcase classname="tests.rc5.unit.shadow.test_shadow" name="test_make_snapshot_populates_rc5_fields" time="0.000" /><testcase classname="tests.rc5.unit.shadow.test_shadow" name="test_make_snapshot_hash_deterministic" time="0.000" /><testcase classname="tests.rc5.unit.shadow.test_shadow" name="test_make_snapshot_hash_differs_by_input" time="0.000" /><testcase classname="tests.rc5.unit.shadow.test_shadow" name="test_make_snapshot_defaults_language_correctly" time="0.000" /><testcase classname="tests.rc5.unit.shadow.test_shadow" name="test_make_snapshot_records_exception" time="0.000" /><testcase classname="tests.rc5.unit.shadow.test_shadow" name="test_make_snapshot_no_rc5_response_yields_empty_lists" time="0.000" /><testcase classname="tests.rc5.unit.shadow.test_shadow" name="test_rank_orders_tiers" time="0.000" /><testcase classname="tests.rc5.unit.shadow.test_shadow" name="test_rank_unknown_returns_minus_one" time="0.000" /><testcase classname="tests.rc5.unit.shadow.test_shadow" name="test_shadow_module_no_ai_imports" time="0.000" /><testcase classname="tests.rc5.unit.shadow.test_shadow" name="test_shadow_module_no_regex_on_raw_text" time="0.000" /><testcase classname="tests.rc5.unit.shadow.test_shadow" name="test_confidence_medians_zero_when_absent" time="0.000" /><testcase classname="tests.rc5.unit.shadow.test_shadow" name="test_verdict_matrix_handles_none_side" time="0.000" /><testcase classname="tests.rc5.unit.cmd.test_parser_and_interpreter" name="test_tokenize_simple_set" time="0.000" /><testcase classname="tests.rc5.unit.cmd.test_parser_and_interpreter" name="test_tokenize_pvar" time="0.000" /><testcase classname="tests.rc5.unit.cmd.test_parser_and_interpreter" name="test_tokenize_delayed" time="0.000" /><testcase classname="tests.rc5.unit.cmd.test_parser_and_interpreter" name="test_tokenize_sep_operators" time="0.000" /><testcase classname="tests.rc5.unit.cmd.test_parser_and_interpreter" name="test_tokenize_paren_block" time="0.000" /><testcase classname="tests.rc5.unit.cmd.test_parser_and_interpreter" name="test_tokenize_quoted_string_with_pvar" time="0.000" /><testcase classname="tests.rc5.unit.cmd.test_parser_and_interpreter" name="test_tokenize_redirection" time="0.000" /><testcase classname="tests.rc5.unit.cmd.test_parser_and_interpreter" name="test_tokenize_line_continuation_collapsed_in_parse" time="0.000" /><testcase classname="tests.rc5.unit.cmd.test_parser_and_interpreter" name="test_set_simple_assignment" time="0.000" /><testcase classname="tests.rc5.unit.cmd.test_parser_and_interpreter" name="test_set_then_expand_via_pvar" time="0.000" /><testcase classname="tests.rc5.unit.cmd.test_parser_and_interpreter" name="test_set_multiple_and_reference" time="0.000" /><testcase classname="tests.rc5.unit.cmd.test_parser_and_interpreter" name="test_set_slash_a_marked_unresolved" time="0.000" /><testcase classname="tests.rc5.unit.cmd.test_parser_and_interpreter" name="test_unknown_var_kept_as_literal" time="0.000" /><testcase classname="tests.rc5.unit.cmd.test_parser_and_interpreter" name="test_replace_operator" time="0.000" /><testcase classname="tests.rc5.unit.cmd.test_parser_and_interpreter" name="test_replace_no_match_yields_original" time="0.000" /><testcase classname="tests.rc5.unit.cmd.test_parser_and_interpreter" name="test_substring_positive_offset_length" time="0.000" /><testcase classname="tests.rc5.unit.cmd.test_parser_and_interpreter" name="test_substring_offset_only" time="0.000" /><testcase classname="tests.rc5.unit.cmd.test_parser_and_interpreter" name="test_delayed_var_unresolved_without_setlocal" time="0.000" /><testcase classname="tests.rc5.unit.cmd.test_parser_and_interpreter" name="test_delayed_var_resolved_after_setlocal" time="0.000" /><testcase classname="tests.rc5.unit.cmd.test_parser_and_interpreter" name="test_call_wraps_inner_command" time="0.000" /><testcase classname="tests.rc5.unit.cmd.test_parser_and_interpreter" name="test_sequence_and_and" time="0.000" /><testcase classname="tests.rc5.unit.cmd.test_parser_and_interpreter" name="test_sequence_semicolons_ok" time="0.000" /><testcase classname="tests.rc5.unit.cmd.test_parser_and_interpreter" name="test_sequence_or_or" time="0.000" /><testcase classname="tests.rc5.unit.cmd.test_parser_and_interpreter" name="test_if_equ_true_runs_then" time="0.000" /><testcase classname="tests.rc5.unit.cmd.test_parser_and_interpreter" name="test_if_equ_false_marked_static_skip" time="0.000" /><testcase classname="tests.rc5.unit.cmd.test_parser_and_interpreter" name="test_if_defined_marked_unresolved" time="0.000" /><testcase classname="tests.rc5.unit.cmd.test_parser_and_interpreter" name="test_echo_captures_full_text" time="0.000" /><testcase classname="tests.rc5.unit.cmd.test_parser_and_interpreter" name="test_double_quoted_literal" time="0.000" /><testcase classname="tests.rc5.unit.cmd.test_parser_and_interpreter" name="test_caret_escapes_ampersand" time="0.000" /><testcase classname="tests.rc5.unit.cmd.test_parser_and_interpreter" name="test_confidence_dropped_on_unknown_var" time="0.000" /><testcase classname="tests.rc5.unit.cmd.test_parser_and_interpreter" name="test_confidence_full_on_literal_command" time="0.000" /><testcase classname="tests.rc5.unit.cmd.test_parser_and_interpreter" name="test_full_reconstruction_powershell_launcher" time="0.001" /><testcase classname="tests.rc5.unit.cmd.test_parser_and_interpreter" name="test_final_command_carries_all_evidence_via_var_expand_nodes" time="0.000" /><testcase classname="tests.rc5.unit.cmd.test_parser_and_interpreter" name="test_graph_has_no_dangling_side_effects" time="0.000" /><testcase classname="tests.rc5.unit.cmd.test_parser_and_interpreter" name="test_multiple_runs_deterministic_output" time="0.000" /><testcase classname="tests.rc5.unit.cmd.test_parser_and_interpreter" name="test_parser_emits_program_root" time="0.000" /><testcase classname="tests.rc5.unit.cmd.test_parser_and_interpreter" name="test_parser_warnings_field_exists" time="0.000" /><testcase classname="tests.rc5.unit.semantic_ir.test_schema" name="test_sir_schema_version_pinned" time="0.000" /><testcase classname="tests.rc5.unit.semantic_ir.test_schema" name="test_sir_kind_count" time="0.000" /><testcase classname="tests.rc5.unit.semantic_ir.test_schema" name="test_sir_kind_values_are_stable_strings" time="0.000" /><testcase classname="tests.rc5.unit.semantic_ir.test_schema" name="test_sir_kind_specific_members_exist" time="0.000" /><testcase classname="tests.rc5.unit.semantic_ir.test_schema" name="test_sirnode_defaults" time="0.000" /><testcase classname="tests.rc5.unit.semantic_ir.test_schema" name="test_sirnode_is_frozen" time="0.000" /><testcase classname="tests.rc5.unit.semantic_ir.test_schema" name="test_sirnode_children_is_tuple" time="0.000" /><testcase classname="tests.rc5.unit.semantic_ir.test_schema" name="test_sirnode_extra_fields_forbidden" time="0.000" /><testcase classname="tests.rc5.unit.semantic_ir.test_schema" name="test_sirnode_attrs_arbitrary_json" time="0.000" /><testcase classname="tests.rc5.unit.semantic_ir.test_schema" name="test_sirnode_source_span_two_ints" time="0.000" /><testcase classname="tests.rc5.unit.semantic_ir.test_schema" name="test_sirtree_construction" time="0.000" /><testcase classname="tests.rc5.unit.semantic_ir.test_schema" name="test_sirtree_is_frozen" time="0.000" /><testcase classname="tests.rc5.unit.semantic_ir.test_schema" name="test_sirtree_warnings_tuple" time="0.000" /><testcase classname="tests.rc5.unit.semantic_ir.test_schema" name="test_sirtree_requires_root" time="0.000" /><testcase classname="tests.rc5.unit.semantic_ir.test_schema" name="test_sirtree_requires_parser" time="0.000" /><testcase classname="tests.rc5.unit.semantic_ir.test_schema" name="test_sirtree_json_roundtrip" time="0.000" /><testcase classname="tests.rc5.unit.semantic_ir.test_schema" name="test_sirtree_dict_roundtrip" time="0.000" /><testcase classname="tests.rc5.unit.semantic_ir.test_schema" name="test_sirtree_serialisation_contains_schema_version" time="0.000" /><testcase classname="tests.rc5.unit.semantic_ir.test_schema" name="test_sirnode_recursive_serialisation" time="0.000" /><testcase classname="tests.rc5.unit.semantic_ir.test_schema" name="test_every_critical_kind_constructs[Program]" time="0.000" /><testcase classname="tests.rc5.unit.semantic_ir.test_schema" name="test_every_critical_kind_constructs[Assignment]" time="0.000" /><testcase classname="tests.rc5.unit.semantic_ir.test_schema" name="test_every_critical_kind_constructs[CallExpr]" time="0.000" /><testcase classname="tests.rc5.unit.semantic_ir.test_schema" name="test_every_critical_kind_constructs[FormatOp]" time="0.000" /><testcase classname="tests.rc5.unit.semantic_ir.test_schema" name="test_every_critical_kind_constructs[JoinOp]" time="0.000" /><testcase classname="tests.rc5.unit.semantic_ir.test_schema" name="test_every_critical_kind_constructs[SplitOp]" time="0.000" /><testcase classname="tests.rc5.unit.semantic_ir.test_schema" name="test_every_critical_kind_constructs[ReplaceOp]" time="0.000" /><testcase classname="tests.rc5.unit.semantic_ir.test_schema" name="test_every_critical_kind_constructs[SubstringOp]" time="0.000" /><testcase classname="tests.rc5.unit.semantic_ir.test_schema" name="test_every_critical_kind_constructs[ScriptBlockLiteral]" time="0.000" /><testcase classname="tests.rc5.unit.semantic_ir.test_schema" name="test_every_critical_kind_constructs[InvocationExpr]" time="0.000" /><testcase classname="tests.rc5.unit.semantic_ir.test_schema" name="test_every_critical_kind_constructs[VarRef]" time="0.000" /><testcase classname="tests.rc5.unit.semantic_ir.test_schema" name="test_every_critical_kind_constructs[EnvRef]" time="0.000" /><testcase classname="tests.rc5.unit.semantic_ir.test_schema" name="test_every_critical_kind_constructs[DelayedRef]" time="0.000" /><testcase classname="tests.rc5.unit.semantic_ir.test_schema" name="test_every_critical_kind_constructs[Unresolved]" time="0.000" /><testcase classname="tests.rc5.unit.semantic_ir.test_schema" name="test_unresolved_records_reason_via_attrs" time="0.000" /><testcase classname="tests.rc5.unit.semantic_ir.test_schema" name="test_parser_tag_optional_but_recommended" time="0.000" /><testcase classname="tests.rc5.unit.semantic_ir.test_schema" name="test_ids_are_stable_and_unique" time="0.000" /><testcase classname="tests.rc5.unit.behavior_extractor.test_behaviors" name="test_empty_graph_emits_no_behaviors" time="0.000" /><testcase classname="tests.rc5.unit.behavior_extractor.test_behaviors" name="test_only_var_bind_emits_no_behavior" time="0.000" /><testcase classname="tests.rc5.unit.behavior_extractor.test_behaviors" name="test_only_echo_emits_no_behavior" time="0.000" /><testcase classname="tests.rc5.unit.behavior_extractor.test_behaviors" name="test_process_spawn_emits_execution" time="0.000" /><testcase classname="tests.rc5.unit.behavior_extractor.test_behaviors" name="test_process_spawn_carries_evidence_node_id" time="0.000" /><testcase classname="tests.rc5.unit.behavior_extractor.test_behaviors" name="test_process_spawn_confidence_from_node" time="0.000" /><testcase classname="tests.rc5.unit.behavior_extractor.test_behaviors" name="test_iwr_emits_c2_download" time="0.000" /><testcase classname="tests.rc5.unit.behavior_extractor.test_behaviors" name="test_iwr_extracts_url_hint" time="0.000" /><testcase classname="tests.rc5.unit.behavior_extractor.test_behaviors" name="test_certutil_download_pattern" time="0.000" /><testcase classname="tests.rc5.unit.behavior_extractor.test_behaviors" name="test_curl_alias_normalized_and_download_flagged" time="0.000" /><testcase classname="tests.rc5.unit.behavior_extractor.test_behaviors" name="test_bitsadmin_download" time="0.000" /><testcase classname="tests.rc5.unit.behavior_extractor.test_behaviors" name="test_schtasks_persistence_task" time="0.000" /><testcase classname="tests.rc5.unit.behavior_extractor.test_behaviors" name="test_reg_write_persistence" time="0.000" /><testcase classname="tests.rc5.unit.behavior_extractor.test_behaviors" name="test_ps_set_itemproperty_run_key" time="0.000" /><testcase classname="tests.rc5.unit.behavior_extractor.test_behaviors" name="test_sc_service_install" time="0.000" /><testcase classname="tests.rc5.unit.behavior_extractor.test_behaviors" name="test_mimikatz_dump_credentials" time="0.000" /><testcase classname="tests.rc5.unit.behavior_extractor.test_behaviors" name="test_procdump_dump_credentials" time="0.021" /><testcase classname="tests.rc5.unit.behavior_extractor.test_behaviors" name="test_amsi_bypass_behavior" time="0.000" /><testcase classname="tests.rc5.unit.behavior_extractor.test_behaviors" name="test_etw_bypass_behavior" time="0.000" /><testcase classname="tests.rc5.unit.behavior_extractor.test_behaviors" name="test_encoded_command_obfuscation_behavior" time="0.000" /><testcase classname="tests.rc5.unit.behavior_extractor.test_behaviors" name="test_ftp_upload" time="0.000" /><testcase classname="tests.rc5.unit.behavior_extractor.test_behaviors" name="test_same_graph_produces_same_behaviors" time="0.000" /><testcase classname="tests.rc5.unit.behavior_extractor.test_behaviors" name="test_behaviors_are_frozen" time="0.000" /><testcase classname="tests.rc5.unit.behavior_extractor.test_behaviors" name="test_every_behavior_has_at_least_one_evidence_node" time="0.000" /><testcase classname="tests.rc5.unit.behavior_extractor.test_behaviors" name="test_evidence_node_ids_all_resolve" time="0.000" /><testcase classname="tests.rc5.unit.behavior_extractor.test_behaviors" name="test_extractor_does_not_read_raw_output" time="0.000" /><testcase classname="tests.rc5.unit.behavior_extractor.test_behaviors" name="test_advisor_origin_nodes_ignored" time="0.000" /><testcase classname="tests.rc5.unit.behavior_extractor.test_behaviors" name="test_reg_with_run_key_emits_both_write_and_autorun" time="0.000" /><testcase classname="tests.rc5.unit.behavior_extractor.test_behaviors" name="test_powershell_encoded_download_double_tag" time="0.000" /><testcase classname="tests.rc5.unit.behavior_extractor.test_behaviors" name="test_low_confidence_node_produces_low_confidence_behavior" time="0.000" /><testcase classname="tests.rc5.unit.behavior_extractor.test_behaviors" name="test_registry_node_emits_write_registry" time="0.000" /><testcase classname="tests.rc5.unit.behavior_extractor.test_behaviors" name="test_scheduled_task_node_emits_create_task" time="0.000" /><testcase classname="tests.rc5.unit.behavior_extractor.test_behaviors" name="test_service_node_emits_install_service" time="0.000" /><testcase classname="tests.rc5.unit.behavior_extractor.test_behaviors" name="test_detector_registered" time="0.000" /><testcase classname="tests.rc5.unit.behavior_extractor.test_behaviors" name="test_extractor_returns_dict_shape" time="0.000" /><testcase classname="tests.rc5.unit.powershell.test_corpus" name="test_admin_get_service_running" time="0.001" /><testcase classname="tests.rc5.unit.powershell.test_corpus" name="test_admin_get_process_top10" time="0.000" /><testcase classname="tests.rc5.unit.powershell.test_corpus" name="test_admin_copy_files" time="0.001" /><testcase classname="tests.rc5.unit.powershell.test_corpus" name="test_admin_get_eventlog" time="0.000" /><testcase classname="tests.rc5.unit.powershell.test_corpus" name="test_admin_set_execution_policy" time="0.000" /><testcase classname="tests.rc5.unit.powershell.test_corpus" name="test_msft_pipeline_where_select" time="0.001" /><testcase classname="tests.rc5.unit.powershell.test_corpus" name="test_msft_hash_computation" time="0.000" /><testcase classname="tests.rc5.unit.powershell.test_corpus" name="test_msft_registry_read" time="0.000" /><testcase classname="tests.rc5.unit.powershell.test_corpus" name="test_obf_backtick_scattered" time="0.000" /><testcase classname="tests.rc5.unit.powershell.test_corpus" name="test_obf_char_reconstruction" time="0.000" /><testcase classname="tests.rc5.unit.powershell.test_corpus" name="test_obf_format_operator_reorder" time="0.000" /><testcase classname="tests.rc5.unit.powershell.test_corpus" name="test_obf_join_char_array" time="0.000" /><testcase classname="tests.rc5.unit.powershell.test_corpus" name="test_obf_reverse_string" time="0.000" /><testcase classname="tests.rc5.unit.powershell.test_corpus" name="test_obf_case_normalization_alias" time="0.000" /><testcase classname="tests.rc5.unit.powershell.test_corpus" name="test_obf_multi_stage_base64" time="0.000" /><testcase classname="tests.rc5.unit.powershell.test_corpus" name="test_obf_encoded_lower_case_flag" time="0.000" /><testcase classname="tests.rc5.unit.powershell.test_corpus" name="test_empire_download_string_cradle" time="0.001" /><testcase classname="tests.rc5.unit.powershell.test_corpus" name="test_atomic_test_1059_encoded_command" time="0.000" /><testcase classname="tests.rc5.unit.powershell.test_corpus" name="test_atomic_persistence_registry_run_key" time="0.000" /><testcase classname="tests.rc5.unit.powershell.test_corpus" name="test_atomic_scheduled_task_creation" time="0.000" /><testcase classname="tests.rc5.unit.powershell.test_corpus" name="test_atomic_disable_realtime_monitoring" time="0.000" /><testcase classname="tests.rc5.unit.powershell.test_corpus" name="test_amsi_bypass_setvalue_pattern" time="0.000" /><testcase classname="tests.rc5.unit.powershell.test_corpus" name="test_amsi_bypass_semantic_tag_on_call" time="0.000" /><testcase classname="tests.rc5.unit.powershell.test_corpus" name="test_pipeline_three_stage" time="0.000" /><testcase classname="tests.rc5.unit.powershell.test_corpus" name="test_pipeline_with_foreach" time="0.000" /><testcase classname="tests.rc5.unit.powershell.test_corpus" name="test_scriptblock_stored_as_variable" time="0.000" /><testcase classname="tests.rc5.unit.powershell.test_corpus" name="test_scriptblock_amp_invoked" time="0.000" /><testcase classname="tests.rc5.unit.powershell.test_corpus" name="test_arithmetic_addition" time="0.000" /><testcase classname="tests.rc5.unit.powershell.test_corpus" name="test_string_concat_via_plus" time="0.000" /><testcase classname="tests.rc5.unit.powershell.test_corpus" name="test_empty_script_produces_empty_graph" time="0.000" /><testcase classname="tests.rc5.unit.powershell.test_corpus" name="test_comment_only_script" time="0.000" /><testcase classname="tests.rc5.unit.powershell.test_corpus" name="test_semicolon_separated_statements" time="0.000" /><testcase classname="tests.rc5.unit.powershell.test_corpus" name="test_here_string_content_preserved" time="0.000" /><testcase classname="tests.rc5.unit.powershell.test_corpus" name="test_no_dangling_side_effects_on_complex_script" time="0.000" /><testcase classname="tests.rc5.unit.powershell.test_corpus" name="test_process_spawn_has_side_effect" time="0.000" /><testcase classname="tests.rc5.unit.exec_graph.test_schema" name="test_execnode_defaults" time="0.000" /><testcase classname="tests.rc5.unit.exec_graph.test_schema" name="test_execnode_id_prefix" time="0.000" /><testcase classname="tests.rc5.unit.exec_graph.test_schema" name="test_execnode_ids_unique" time="0.000" /><testcase classname="tests.rc5.unit.exec_graph.test_schema" name="test_execnode_extra_fields_forbidden" time="0.000" /><testcase classname="tests.rc5.unit.exec_graph.test_schema" name="test_execnode_kind_is_required" time="0.000" /><testcase classname="tests.rc5.unit.exec_graph.test_schema" name="test_execnode_reconstructed_defaults_empty" time="0.000" /><testcase classname="tests.rc5.unit.exec_graph.test_schema" name="test_execnode_args_is_dict" time="0.000" /><testcase classname="tests.rc5.unit.exec_graph.test_schema" name="test_execnode_side_effects_is_tuple" time="0.000" /><testcase classname="tests.rc5.unit.exec_graph.test_schema" name="test_execnode_json_roundtrip" time="0.000" /><testcase classname="tests.rc5.unit.exec_graph.test_schema" name="test_execnode_schema_version_must_equal_constant" time="0.000" /><testcase classname="tests.rc5.unit.exec_graph.test_schema" name="test_execgraph_empty" time="0.000" /><testcase classname="tests.rc5.unit.exec_graph.test_schema" name="test_execgraph_add_single_node" time="0.000" /><testcase classname="tests.rc5.unit.exec_graph.test_schema" name="test_execgraph_add_multiple_nodes_returns_new_graph_each_time" time="0.000" /><testcase classname="tests.rc5.unit.exec_graph.test_schema" name="test_execgraph_find_returns_node" time="0.000" /><testcase classname="tests.rc5.unit.exec_graph.test_schema" name="test_execgraph_by_kind" time="0.000" /><testcase classname="tests.rc5.unit.exec_graph.test_schema" name="test_execgraph_add_node_rejects_unknown_parent" time="0.000" /><testcase classname="tests.rc5.unit.exec_graph.test_schema" name="test_execgraph_json_roundtrip" time="0.000" /><testcase classname="tests.rc5.unit.exec_graph.test_schema" name="test_execgraph_all_side_effects_aggregates" time="0.000" /><testcase classname="tests.rc5.unit.exec_graph.test_schema" name="test_conf_valid_range" time="0.000" /><testcase classname="tests.rc5.unit.exec_graph.test_schema" name="test_conf_zero_ok_when_no_parents" time="0.000" /><testcase classname="tests.rc5.unit.exec_graph.test_schema" name="test_child_conf_equal_to_min_parent_ok" time="0.000" /><testcase classname="tests.rc5.unit.exec_graph.test_schema" name="test_child_conf_below_min_parent_ok" time="0.000" /><testcase classname="tests.rc5.unit.exec_graph.test_schema" name="test_unresolved_and_multi_parent_min_rule" time="0.000" /><testcase classname="tests.rc5.unit.exec_graph.test_schema" name="test_behavior_construction" time="0.000" /><testcase classname="tests.rc5.unit.exec_graph.test_schema" name="test_behavior_is_frozen" time="0.000" /><testcase classname="tests.rc5.unit.exec_graph.test_schema" name="test_behavior_confidence_range" time="0.000" /><testcase classname="tests.rc5.unit.exec_graph.test_schema" name="test_behavior_json_roundtrip" time="0.000" /><testcase classname="tests.rc5.unit.exec_graph.test_schema" name="test_node_kind_count_locked" time="0.001" /><testcase classname="tests.rc5.unit.exec_graph.test_schema" name="test_side_effect_verb_count_locked" time="0.000" /><testcase classname="tests.rc5.unit.exec_graph.test_schema" name="test_tactic_count_locked" time="0.000" /><testcase classname="tests.rc5.unit.powershell.test_lexer" name="test_backtick_removed_in_identifier" time="0.000" /><testcase classname="tests.rc5.unit.powershell.test_lexer" name="test_backtick_line_continuation_removed" time="0.000" /><testcase classname="tests.rc5.unit.powershell.test_lexer" name="test_backtick_not_stripped_in_dq_string" time="0.000" /><testcase classname="tests.rc5.unit.powershell.test_lexer" name="test_line_comment_dropped" time="0.000" /><testcase classname="tests.rc5.unit.powershell.test_lexer" name="test_block_comment_dropped" time="0.000" /><testcase classname="tests.rc5.unit.powershell.test_lexer" name="test_single_quoted_string" time="0.000" /><testcase classname="tests.rc5.unit.powershell.test_lexer" name="test_double_quoted_string" time="0.000" /><testcase classname="tests.rc5.unit.powershell.test_lexer" name="test_here_string_double" time="0.000" /><testcase classname="tests.rc5.unit.powershell.test_lexer" name="test_here_string_single" time="0.000" /><testcase classname="tests.rc5.unit.powershell.test_lexer" name="test_sq_string_embedded_quote_via_doubling" time="0.000" /><testcase classname="tests.rc5.unit.powershell.test_lexer" name="test_var_simple" time="0.000" /><testcase classname="tests.rc5.unit.powershell.test_lexer" name="test_var_braced" time="0.000" /><testcase classname="tests.rc5.unit.powershell.test_lexer" name="test_var_env_scope" time="0.000" /><testcase classname="tests.rc5.unit.powershell.test_lexer" name="test_var_script_scope" time="0.000" /><testcase classname="tests.rc5.unit.powershell.test_lexer" name="test_integer" time="0.000" /><testcase classname="tests.rc5.unit.powershell.test_lexer" name="test_float" time="0.000" /><testcase classname="tests.rc5.unit.powershell.test_lexer" name="test_type_char" time="0.000" /><testcase classname="tests.rc5.unit.powershell.test_lexer" name="test_type_convert" time="0.000" /><testcase classname="tests.rc5.unit.powershell.test_lexer" name="test_type_dotted" time="0.000" /><testcase classname="tests.rc5.unit.powershell.test_lexer" name="test_op_join" time="0.000" /><testcase classname="tests.rc5.unit.powershell.test_lexer" name="test_op_replace" time="0.000" /><testcase classname="tests.rc5.unit.powershell.test_lexer" name="test_op_format" time="0.000" /><testcase classname="tests.rc5.unit.powershell.test_lexer" name="test_op_static_call" time="0.000" /><testcase classname="tests.rc5.unit.powershell.test_lexer" name="test_param_flag" time="0.000" /><testcase classname="tests.rc5.unit.powershell.test_lexer" name="test_param_encodedcommand_flag" time="0.000" /><testcase classname="tests.rc5.unit.powershell.test_lexer" name="test_pipe" time="0.000" /><testcase classname="tests.rc5.unit.powershell.test_lexer" name="test_semicolon" time="0.000" /><testcase classname="tests.rc5.unit.powershell.test_lexer" name="test_parens" time="0.000" /><testcase classname="tests.rc5.unit.powershell.test_lexer" name="test_brackets" time="0.000" /><testcase classname="tests.rc5.unit.powershell.test_lexer" name="test_braces_for_scriptblock" time="0.000" /><testcase classname="tests.rc5.unit.mitre_v2.test_mitre_multi" name="test_bitsadmin_download_emits_T1105_AND_T1197" time="0.000" /><testcase classname="tests.rc5.unit.mitre_v2.test_mitre_multi" name="test_certutil_download_emits_T1105_AND_T1140" time="0.000" /><testcase classname="tests.rc5.unit.mitre_v2.test_mitre_multi" name="test_powershell_with_two_behaviors_emits_T1059_and_T1027_010" time="0.000" /><testcase classname="tests.rc5.unit.mitre_v2.test_mitre_multi" name="test_amsi_and_reflection_both_map_independently" time="0.000" /><testcase classname="tests.rc5.unit.mitre_v2.test_mitre_multi" name="test_mshta_with_download_emits_T1218_005_AND_T1105" time="0.000" /><testcase classname="tests.rc5.unit.mitre_v2.test_mitre_multi" name="test_rundll32_execution_maps_to_T1218_011_only" time="0.000" /><testcase classname="tests.rc5.unit.mitre_v2.test_mitre_multi" name="test_persistence_autorun_also_fires_write_registry_when_supplied" time="0.000" /><testcase classname="tests.rc5.unit.mitre_v2.test_mitre_multi" name="test_lsass_dump_maps_only_T1003_001_for_mimikatz" time="0.000" /><testcase classname="tests.rc5.unit.mitre_v2.test_mitre_multi" name="test_upload_with_ftp_only_emits_T1041" time="0.000" /><testcase classname="tests.rc5.unit.mitre_v2.test_mitre_multi" name="test_image_matching_is_case_insensitive[mimikatz]" time="0.000" /><testcase classname="tests.rc5.unit.mitre_v2.test_mitre_multi" name="test_image_matching_is_case_insensitive[MIMIKATZ.EXE]" time="0.000" /><testcase classname="tests.rc5.unit.mitre_v2.test_mitre_multi" name="test_image_matching_is_case_insensitive[MiMiKaTz.exe]" time="0.001" /><testcase classname="tests.rc5.unit.mitre_v2.test_mitre_multi" name="test_ps_image_matches_multiple_variants[POWERSHELL.EXE]" time="0.000" /><testcase classname="tests.rc5.unit.mitre_v2.test_mitre_multi" name="test_ps_image_matches_multiple_variants[PowerShell]" time="0.000" /><testcase classname="tests.rc5.unit.mitre_v2.test_mitre_multi" name="test_ps_image_matches_multiple_variants[pwsh]" time="0.000" /><testcase classname="tests.rc5.unit.mitre_v2.test_mitre_multi" name="test_process_with_no_image_does_not_crash" time="0.000" /><testcase classname="tests.rc5.unit.mitre_v2.test_mitre_multi" name="test_missing_parameters_ignored_by_predicated_rules" time="0.000" /><testcase classname="tests.rc5.unit.mitre_v2.test_mitre_multi" name="test_mapping_confidence_is_max_across_grouped_behaviors" time="0.000" /><testcase classname="tests.rc5.unit.mitre_v2.test_mitre_multi" name="test_reconstructed_list_is_ordered_stable" time="0.000" /><testcase classname="tests.rc5.unit.mitre_v2.test_mitre_multi" name="test_evidence_node_ids_do_not_duplicate" time="0.000" /><testcase classname="tests.rc5.unit.mitre_v2.test_mitre_exports" name="test_navigator_layer_empty_when_no_mappings" time="0.000" /><testcase classname="tests.rc5.unit.mitre_v2.test_mitre_exports" name="test_navigator_layer_contains_expected_technique_ids" time="0.000" /><testcase classname="tests.rc5.unit.mitre_v2.test_mitre_exports" name="test_navigator_layer_is_json_serialisable" time="0.000" /><testcase classname="tests.rc5.unit.mitre_v2.test_mitre_exports" name="test_navigator_layer_deterministic" time="0.000" /><testcase classname="tests.rc5.unit.mitre_v2.test_mitre_exports" name="test_navigator_score_matches_confidence" time="0.000" /><testcase classname="tests.rc5.unit.mitre_v2.test_mitre_exports" name="test_navigator_comment_contains_evidence_ids" time="0.000" /><testcase classname="tests.rc5.unit.mitre_v2.test_mitre_exports" name="test_navigator_case_id_appears_in_name" time="0.000" /><testcase classname="tests.rc5.unit.mitre_v2.test_mitre_exports" name="test_navigator_gradient_5_colors" time="0.000" /><testcase classname="tests.rc5.unit.mitre_v2.test_mitre_exports" name="test_stix_bundle_empty_when_no_mappings" time="0.000" /><testcase classname="tests.rc5.unit.mitre_v2.test_mitre_exports" name="test_stix_bundle_has_expected_object_types" time="0.000" /><testcase classname="tests.rc5.unit.mitre_v2.test_mitre_exports" name="test_stix_attack_pattern_id_points_at_mitre" time="0.000" /><testcase classname="tests.rc5.unit.mitre_v2.test_mitre_exports" name="test_stix_mapping_preserves_evidence" time="0.000" /><testcase classname="tests.rc5.unit.mitre_v2.test_mitre_exports" name="test_stix_bundle_deterministic" time="0.000" /><testcase classname="tests.rc5.unit.mitre_v2.test_mitre_exports" name="test_stix_bundle_id_is_stable_uuid_form" time="0.000" /><testcase classname="tests.rc5.unit.mitre_v2.test_mitre_exports" name="test_stix_report_object_refs_include_all_mappings_and_patterns" time="0.000" /><testcase classname="tests.rc5.unit.mitre_v2.test_mitre_exports" name="test_stix_kill_chain_phase_matches_tactic" time="0.000" /><testcase classname="tests.rc5.unit.mitre_v2.test_mitre_exports" name="test_stix_spec_version_field_is_2_1" time="0.000" /><testcase classname="tests.rc5.unit.mitre_v2.test_mitre_exports" name="test_stix_case_id_in_report_name" time="0.000" /><testcase classname="tests.rc5.unit.mitre_v2.test_mitre_e2e" name="test_ps_downloadstring_iex_maps_T1105" time="0.000" /><testcase classname="tests.rc5.unit.mitre_v2.test_mitre_e2e" name="test_ps_encoded_command_maps_T1059_001_and_T1027_010" time="0.001" /><testcase classname="tests.rc5.unit.mitre_v2.test_mitre_e2e" name="test_ps_amsi_snippet_produces_a_mapping_or_no_crash" time="0.000" /><testcase classname="tests.rc5.unit.mitre_v2.test_mitre_e2e" name="test_ps_registry_run_key_maps_T1547_001" time="0.000" /><testcase classname="tests.rc5.unit.mitre_v2.test_mitre_e2e" name="test_ps_schtasks_maps_T1053_005" time="0.000" /><testcase classname="tests.rc5.unit.mitre_v2.test_mitre_e2e" name="test_cmd_reg_add_run_maps_T1547_001" time="0.000" /><testcase classname="tests.rc5.unit.mitre_v2.test_mitre_e2e" name="test_cmd_bitsadmin_download_maps_T1105_and_T1197" time="0.000" /><testcase classname="tests.rc5.unit.mitre_v2.test_mitre_e2e" name="test_cmd_certutil_urlcache_maps_T1105_T1140" time="0.000" /><testcase classname="tests.rc5.unit.mitre_v2.test_mitre_e2e" name="test_cmd_schtasks_maps_T1053_005" time="0.000" /><testcase classname="tests.rc5.unit.mitre_v2.test_mitre_e2e" name="test_cmd_sc_create_maps_T1543_003" time="0.000" /><testcase classname="tests.rc5.unit.mitre_v2.test_mitre_e2e" name="test_every_e2e_mapping_carries_node_and_behavior_ids" time="0.000" /><testcase classname="tests.rc5.unit.mitre_v2.test_mitre_e2e" name="test_e2e_no_ai_flag_pipeline_is_deterministic" time="0.000" /><testcase classname="tests.rc5.unit.mitre_v2.test_mitre_e2e" name="test_e2e_benign_dir_command_yields_only_cmd_shell" time="0.000" /><testcase classname="tests.rc5.unit.mitre_v2.test_mitre_e2e" name="test_e2e_empty_input_yields_no_mapping" time="0.000" /><testcase classname="tests.rc5.unit.mitre_v2.test_mitre_e2e" name="test_e2e_pwsh_lower_matches_ps_rule" time="0.000" /><testcase classname="tests.rc5.unit.mitre_v2.test_mitre_invariants" name="test_mapper_output_is_byte_identical_across_runs" time="0.000" /><testcase classname="tests.rc5.unit.mitre_v2.test_mitre_invariants" name="test_every_mapping_has_non_empty_evidence_lists" time="0.000" /><testcase classname="tests.rc5.unit.mitre_v2.test_mitre_invariants" name="test_bad_technique_id_rejected_by_model" time="0.000" /><testcase classname="tests.rc5.unit.mitre_v2.test_mitre_invariants" name="test_out_of_range_confidence_rejected" time="0.000" /><testcase classname="tests.rc5.unit.mitre_v2.test_mitre_invariants" name="test_every_rule_tactic_is_valid" time="0.000" /><testcase classname="tests.rc5.unit.mitre_v2.test_mitre_invariants" name="test_every_rule_tactic_has_mitre_id_mapping" time="0.000" /><testcase classname="tests.rc5.unit.mitre_v2.test_mitre_invariants" name="test_all_rule_technique_ids_wellformed" time="0.000" /><testcase classname="tests.rc5.unit.mitre_v2.test_mitre_invariants" name="test_all_rule_ids_unique" time="0.000" /><testcase classname="tests.rc5.unit.mitre_v2.test_mitre_invariants" name="test_advisor_origin_behaviors_would_not_be_mapped" time="0.001" /><testcase classname="tests.rc5.unit.mitre_v2.test_mitre_invariants" name="test_mapper_source_has_no_regex_on_reconstructed_text" time="0.000" /><testcase classname="tests.rc5.unit.mitre_v2.test_mitre_invariants" name="test_rule_table_covers_all_major_tactics" time="0.000" /><testcase classname="tests.rc5.unit.mitre_v2.test_mitre_invariants" name="test_navigator_techniques_subset_of_mappings" time="0.000" /><testcase classname="tests.rc5.unit.mitre_v2.test_mitre_invariants" name="test_stix_attack_patterns_unique_per_technique" time="0.000" /><testcase classname="tests.rc5.unit.mitre_v2.test_mitre_invariants" name="test_no_new_import_of_KEYWORD_MITRE_MAP_in_engine_or_routers" time="0.090" /><testcase classname="tests.rc5.unit.mitre_v2.test_mitre_invariants" name="test_mitre_mapper_no_ai_imports" time="0.000" /><testcase classname="tests.rc5.unit.powershell.test_deep_decode" name="test_webclient_downloadstring_emits_http_node" time="0.001" /><testcase classname="tests.rc5.unit.powershell.test_deep_decode" name="test_webclient_downloadfile_emits_http_node" time="0.000" /><testcase classname="tests.rc5.unit.powershell.test_deep_decode" name="test_webclient_uploadstring_emits_http_upload" time="0.000" /><testcase classname="tests.rc5.unit.powershell.test_deep_decode" name="test_downloadstring_produces_t1105_mitre" time="0.000" /><testcase classname="tests.rc5.unit.powershell.test_deep_decode" name="test_enc_deep_decode_produces_malicious_verdict" time="0.001" /><testcase classname="tests.rc5.unit.powershell.test_deep_decode" name="test_enc_short_flag_e_also_decoded" time="0.000" /><testcase classname="tests.rc5.unit.powershell.test_deep_decode" name="test_enc_cycle_detection_terminates" time="0.000" /><testcase classname="tests.rc5.unit.powershell.test_deep_decode" name="test_max_decode_depth_constant_is_10" time="0.000" /><testcase classname="tests.rc5.unit.powershell.test_deep_decode" name="test_gzip_helper_decompresses_gzip" time="0.000" /><testcase classname="tests.rc5.unit.powershell.test_deep_decode" name="test_deflate_helper_decompresses_raw_deflate" time="0.000" /><testcase classname="tests.rc5.unit.powershell.test_deep_decode" name="test_zlib_helper_decompresses_zlib" time="0.000" /><testcase classname="tests.rc5.unit.powershell.test_deep_decode" name="test_frombase64_gzip_getstring_produces_plaintext" time="0.001" /><testcase classname="tests.rc5.unit.powershell.test_deep_decode" name="test_deep_decode_is_deterministic" time="0.001" /><testcase classname="tests.rc5.unit.verdict_v2.test_phase95_rca_remediation" name="test_gc120_mshta_remote_lolbin_uplift" time="0.001" /><testcase classname="tests.rc5.unit.verdict_v2.test_phase95_rca_remediation" name="test_gc130_rundll32_remote_lolbin_uplift" time="0.001" /><testcase classname="tests.rc5.unit.verdict_v2.test_phase95_rca_remediation" name="test_gc140_wmic_process_call_lolbin_uplift" time="0.000" /><testcase classname="tests.rc5.unit.verdict_v2.test_phase95_rca_remediation" name="test_gc100_ps_registry_run_autorun_detected" time="0.000" /><testcase classname="tests.rc5.unit.verdict_v2.test_phase95_rca_remediation" name="test_gc020_certutil_download_upgrades_to_malicious" time="0.001" /><testcase classname="tests.rc5.unit.verdict_v2.test_phase95_rca_remediation" name="test_gc030_bitsadmin_transfer_upgrades_to_malicious" time="0.000" /><testcase classname="tests.rc5.unit.verdict_v2.test_phase95_rca_remediation" name="test_lolbin_uplift_does_not_lift_benign_notepad_spawn" time="0.000" /><testcase classname="tests.rc5.unit.verdict_v2.test_phase95_rca_remediation" name="test_lolbin_uplift_only_fires_for_executed_state" time="0.000" /><testcase classname="tests.rc5.unit.verdict_v2.test_phase95_rca_remediation" name="test_gc010_cmd_shell_stays_benign_after_lolbin_shell_exclusion" time="0.000" /><testcase classname="tests.rc5.unit.verdict_v2.test_phase95_rca_remediation" name="test_ps_start_process_notepad_stays_benign" time="0.000" /><testcase classname="tests.rc5.unit.verdict_v2.test_phase95_rca_remediation" name="test_gc090_ps_encoded_command_stays_benign_when_payload_not_decoded" time="0.001" /><testcase classname="tests.rc5.unit.verdict_v2.test_phase95_rca_remediation" name="test_plain_powershell_no_obfuscation_stays_benign" time="0.000" /><testcase classname="tests.rc5.unit.invariants.test_obfuscation_only_benign" name="test_obfuscation_only_caps_at_benign_regardless_of_chain_length[1 layer]" time="0.000" /><testcase classname="tests.rc5.unit.invariants.test_obfuscation_only_benign" name="test_obfuscation_only_caps_at_benign_regardless_of_chain_length[2 layers]" time="0.000" /><testcase classname="tests.rc5.unit.invariants.test_obfuscation_only_benign" name="test_obfuscation_only_caps_at_benign_regardless_of_chain_length[5 layers]" time="0.000" /><testcase classname="tests.rc5.unit.invariants.test_obfuscation_only_benign" name="test_obfuscation_only_caps_at_benign_regardless_of_chain_length[10 layers]" time="0.000" /><testcase classname="tests.rc5.unit.invariants.test_obfuscation_only_benign" name="test_obfuscation_only_caps_at_benign_regardless_of_chain_length[20 layers]" time="0.000" /><testcase classname="tests.rc5.unit.invariants.test_obfuscation_only_benign" name="test_no_cap_when_lolbas_present" time="0.000" /><testcase classname="tests.rc5.unit.invariants.test_obfuscation_only_benign" name="test_no_cap_when_non_t1027_mitre_present" time="0.000" /><testcase classname="tests.rc5.unit.invariants.test_obfuscation_only_benign" name="test_no_cap_when_tradecraft_flag_present" time="0.000" /><testcase classname="tests.rc5.unit.invariants.test_obfuscation_only_benign" name="test_cap_uses_object_style_mitre_entries" time="0.000" /><testcase classname="tests.rc5.unit.invariants.test_obfuscation_only_benign" name="test_no_cap_when_verdict_already_benign" time="0.000" /><testcase classname="tests.rc5.unit.invariants.test_obfuscation_only_benign" name="test_empty_mitre_still_caps" time="0.087" /><testcase classname="tests.rc5.api.test_v2_report" name="test_report_all_ten_sections_present" time="0.144" /><testcase classname="tests.rc5.api.test_v2_report" name="test_report_signature_is_deterministic" time="0.018" /><testcase classname="tests.rc5.api.test_v2_report" name="test_report_markdown_is_deterministic" time="0.009" /><testcase classname="tests.rc5.api.test_v2_report" name="test_report_generated_at_is_derived_not_wall_clock" time="0.009" /><testcase classname="tests.rc5.api.test_v2_report" name="test_report_module_does_not_import_rc5" time="0.001" /><testcase classname="tests.rc5.api.test_v2_report" name="test_report_empty_case_still_signs" time="0.004" /><testcase classname="tests.rc5.api.test_v2_report" name="test_report_pdf_is_deterministic" time="0.090" /><testcase classname="tests.rc5.api.test_diag_endpoint" name="test_parse_requires_auth" time="0.907" /><testcase classname="tests.rc5.api.test_diag_endpoint" name="test_parse_rejects_random_bearer" time="0.004" /><testcase classname="tests.rc5.api.test_v2_report" name="test_report_pdf_on_empty_case" time="0.017" /><testcase classname="tests.rc5.unit.coverage_gaps.test_correctness_feb2026.TestIPv4Classification" name="test_software_version_9_0_0_0_not_ip" time="0.001" /><testcase classname="tests.rc5.unit.coverage_gaps.test_correctness_feb2026.TestIPv4Classification" name="test_assembly_version_context_rejected" time="0.000" /><testcase classname="tests.rc5.unit.coverage_gaps.test_correctness_feb2026.TestIPv4Classification" name="test_three_zero_octets_rejected" time="0.000" /><testcase classname="tests.rc5.unit.coverage_gaps.test_correctness_feb2026.TestIPv4Classification" name="test_broadcast_rejected" time="0.000" /><testcase classname="tests.rc5.unit.coverage_gaps.test_correctness_feb2026.TestIPv4Classification" name="test_out_of_range_octet_rejected" time="0.000" /><testcase classname="tests.rc5.unit.coverage_gaps.test_correctness_feb2026.TestIPv4Classification" name="test_real_public_ips_still_classified" time="0.000" /><testcase classname="tests.rc5.unit.coverage_gaps.test_correctness_feb2026.TestIPv4Classification" name="test_private_hosts_still_classified" time="0.000" /><testcase classname="tests.rc5.unit.coverage_gaps.test_correctness_feb2026.TestIPv4Classification" name="test_mixed_version_and_real_ip" time="0.000" /><testcase classname="tests.rc5.unit.evidence_graph.test_schema.TestDeterministicIDs" name="test_same_key_same_id" time="0.000" /><testcase classname="tests.rc5.unit.evidence_graph.test_schema.TestDeterministicIDs" name="test_case_folded_for_domains" time="0.000" /><testcase classname="tests.rc5.unit.evidence_graph.test_schema.TestDeterministicIDs" name="test_whitespace_stripped" time="0.000" /><testcase classname="tests.rc5.unit.evidence_graph.test_schema.TestDeterministicIDs" name="test_key_order_irrelevant" time="0.000" /><testcase classname="tests.rc5.unit.evidence_graph.test_schema.TestDeterministicIDs" name="test_empty_and_none_treated_as_absent" time="0.043" /><testcase classname="tests.rc5.unit.evidence_graph.test_schema.TestDeterministicIDs" name="test_different_kinds_different_ids" time="0.000" /><testcase classname="tests.rc5.unit.evidence_graph.test_schema.TestDeterministicIDs" name="test_id_format" time="0.000" /><testcase classname="tests.rc5.unit.evidence_graph.test_schema.TestDeterministicIDs" name="test_edge_id_deterministic" time="0.000" /><testcase classname="tests.rc5.unit.evidence_graph.test_schema.TestIntegrity" name="test_dangling_src_rejected" time="0.000" /><testcase classname="tests.rc5.unit.evidence_graph.test_schema.TestIntegrity" name="test_dangling_dst_rejected" time="0.000" /><testcase classname="tests.rc5.unit.evidence_graph.test_schema.TestIntegrity" name="test_well_formed_graph_has_no_errors" time="0.000" /><testcase classname="tests.rc5.unit.evidence_graph.test_schema.TestIntegrity" name="test_derivation_cycle_detected" time="0.000" /><testcase classname="tests.rc5.unit.evidence_graph.test_schema.TestIntegrity" name="test_non_strict_cycle_allowed" time="0.000" /><testcase classname="tests.rc5.unit.evidence_graph.test_schema.TestIntegrity" name="test_orphan_node_flagged_as_warning" time="0.000" /><testcase classname="tests.rc5.unit.evidence_graph.test_schema.TestIntegrity" name="test_synthetic_root_process_never_reported_as_orphan" time="0.000" /><testcase classname="tests.rc5.unit.evidence_graph.test_sidecar_builder.TestFeatureFlag" name="test_default_mode_is_off" time="0.000" /><testcase classname="tests.rc5.unit.evidence_graph.test_sidecar_builder.TestFeatureFlag" name="test_sidecar_mode" time="0.000" /><testcase classname="tests.rc5.unit.evidence_graph.test_sidecar_builder.TestFeatureFlag" name="test_unknown_value_treated_as_off" time="0.000" /><testcase classname="tests.rc5.unit.evidence_graph.test_sidecar_builder.TestFeatureFlag" name="test_builder_short_circuits_when_off" time="0.000" /><testcase classname="tests.rc5.unit.evidence_graph.test_sidecar_builder.TestFeatureFlag" name="test_builder_runs_when_forced" time="0.001" /><testcase classname="tests.rc5.unit.evidence_graph.test_sidecar_builder.TestFeatureFlag" name="test_builder_runs_when_sidecar" time="0.001" /><testcase classname="tests.rc5.unit.evidence_graph.test_sidecar_builder.TestFeatureFlag" name="test_metrics_flag" time="0.000" /><testcase classname="tests.rc5.unit.golden_corpus.test_delta_reporter" name="test_baseline_report_when_no_base" time="0.000" /><testcase classname="tests.rc5.unit.golden_corpus.test_delta_reporter" name="test_regression_blocks_gate" time="0.000" /><testcase classname="tests.rc5.unit.golden_corpus.test_delta_reporter" name="test_verdict_shift_appears_in_per_sample_deltas" time="0.000" /><testcase classname="tests.rc5.unit.golden_corpus.test_delta_reporter" name="test_pass_to_fail_flipped_sample_reported" time="0.000" /><testcase classname="tests.rc5.unit.golden_corpus.test_delta_reporter" name="test_gate_pass_when_head_stable" time="0.000" /><testcase classname="tests.rc5.unit.golden_corpus.test_delta_reporter" name="test_delta_arrows_render_for_coverage_improvement" time="0.000" /><testcase classname="tests.rc5.unit.golden_corpus.test_delta_reporter" name="test_run_script_end_to_end" time="0.001" /><testcase classname="tests.rc5.invariants.test_confidence_rules" name="test_rule_67_confidence_range_validated" time="0.000" /><testcase classname="tests.rc5.invariants.test_confidence_rules" name="test_rule_62_child_leq_min_parent_conf" time="0.000" /><testcase classname="tests.rc5.invariants.test_confidence_rules" name="test_rule_63_unresolved_parent_drops_conf_by_20" time="0.000" />
[...]
iants.test_plugin_api_frozen" name="test_all_tactics_locked" time="0.000" /><testcase classname="tests.rc5.invariants.test_plugin_api_frozen" name="test_plugin_api_public_surface" time="0.000" /><testcase classname="tests.rc5.invariants.test_plugin_api_frozen" name="test_execgraph_public_surface" time="0.000" /><testcase classname="tests.rc5.unit.coverage_gaps.test_parser_gaps" name="test_env_var_expression_concat_parses_within_2s" time="0.001" /><testcase classname="tests.rc5.unit.coverage_gaps.test_parser_gaps" name="test_env_var_arg_no_hang_variants" time="0.000" /><testcase classname="tests.rc5.unit.coverage_gaps.test_parser_gaps" name="test_reflection_assembly_load_emits_reflection_node" time="0.000" /><testcase classname="tests.rc5.unit.coverage_gaps.test_parser_gaps" name="test_reflection_assembly_load_emits_suspicious_verdict" time="0.000" /><testcase classname="tests.rc5.unit.coverage_gaps.test_parser_gaps" name="test_reflection_maps_to_t1620" time="0.000" /><testcase classname="tests.rc5.unit.coverage_gaps.test_parser_gaps" name="test_reflection_variants_all_detected" time="0.000" /><testcase classname="tests.rc5.unit.evidence_graph.test_observability" name="test_empty_snapshot" time="0.000" /><testcase classname="tests.rc5.unit.evidence_graph.test_observability" name="test_records_and_aggregates" time="0.000" /><testcase classname="tests.rc5.unit.evidence_graph.test_observability" name="test_error_reduces_success_rate" time="0.000" /><testcase classname="tests.rc5.unit.evidence_graph.test_observability" name="test_window_bounds_the_deque" time="0.000" /><testcase classname="tests.rc5.unit.evidence_graph.test_observability" name="test_integrity_errors_summed" time="0.000" /><testcase classname="tests.rc5.unit.evidence_graph.test_observability" name="test_thread_safe_smoke" time="0.002" /><testcase classname="tests.rc5.unit.evidence_graph.test_schema.TestSerialization" name="test_round_trip_dict" time="0.001" /><testcase classname="tests.rc5.unit.evidence_graph.test_schema.TestSerialization" name="test_round_trip_json" time="0.000" /><testcase classname="tests.rc5.unit.evidence_graph.test_schema.TestSerialization" name="test_json_is_deterministic_across_runs" time="0.000" /><testcase classname="tests.rc5.unit.evidence_graph.test_schema.TestSerialization" name="test_json_shape" time="0.000" /><testcase classname="tests.rc5.unit.evidence_graph.test_schema.TestSerialization" name="test_canonical_json_strips_source_node_ids" time="0.000" /><testcase classname="tests.rc5.unit.evidence_graph.test_schema.TestSerialization" name="test_canonical_json_stable_across_provenance_churn" time="0.000" /><testcase classname="tests.rc5.invariants.test_evidence_ref_integrity" name="test_behavior_requires_at_least_one_evidence_node" time="0.000" /><testcase classname="tests.rc5.invariants.test_evidence_ref_integrity" name="test_behavior_with_valid_evidence_ok" time="0.000" /><testcase classname="tests.rc5.invariants.test_evidence_ref_integrity" name="test_side_effect_records_node_id_and_verb" time="0.000" /><testcase classname="tests.rc5.invariants.test_evidence_ref_integrity" name="test_dangling_side_effect_ref_detected_by_graph" time="0.000" /><testcase classname="tests.rc5.invariants.test_evidence_ref_integrity" name="test_clean_side_effect_graph_no_dangling" time="0.000" /><testcase classname="tests.rc5.invariants.test_no_ai_deterministic" name="test_origin_discriminator_defaults_deterministic" time="0.000" /><testcase classname="tests.rc5.invariants.test_no_ai_deterministic" name="test_advisor_origin_marked_explicit" time="0.000" /><testcase classname="tests.rc5.invariants.test_no_ai_deterministic" name="test_deterministic_subgraph_byte_identical_with_or_without_advisor" time="0.000" /><testcase classname="tests.rc5.invariants.test_no_ai_deterministic" name="test_advisor_nodes_dont_change_deterministic_count" time="0.000" /><testcase classname="tests.rc5.invariants.test_no_ai_deterministic" name="test_verdict_math_helper_rejects_advisor" time="0.000" /><testcase classname="tests.rc5.unit.evidence_graph.test_schema.TestImmutability" name="test_node_is_frozen" time="0.000" /><testcase classname="tests.rc5.unit.evidence_graph.test_schema.TestImmutability" name="test_edge_is_frozen" time="0.000" /><testcase classname="tests.rc5.unit.evidence_graph.test_schema.TestImmutability" name="test_graph_add_node_returns_new" time="0.000" /><testcase classname="tests.rc5.unit.evidence_graph.test_schema.TestImmutability" name="test_schema_version_locked" time="0.000" /><testcase classname="tests.rc5.unit.evidence_graph.test_schema.TestImmutability" name="test_id_prefix_enforced" time="0.000" /><testcase classname="tests.rc5.unit.golden_corpus.test_corpus_expansion" name="test_corpus_has_expanded_beyond_baseline_15" time="0.000" /><testcase classname="tests.rc5.unit.golden_corpus.test_corpus_expansion" name="test_expanded_corpus_100_percent_pass_rate" time="0.022" /><testcase classname="tests.rc5.unit.golden_corpus.test_corpus_expansion" name="test_every_sample_has_positive_duration" time="0.080" /><testcase classname="tests.rc5.unit.golden_corpus.test_corpus_expansion" name="test_latency_percentiles_populated" time="0.022" /><testcase classname="tests.rc5.unit.golden_corpus.test_corpus_expansion" name="test_benign_enterprise_scripts_are_benign" time="0.080" /><testcase classname="tests.rc5.api.test_diag_endpoint" name="test_parse_admin_allowed_when_diag_enabled" time="0.433" /><testcase classname="tests.rc5.api.test_diag_endpoint" name="test_parse_disabled_when_env_off" time="0.006" /><testcase classname="tests.rc5.api.test_diag_endpoint" name="test_parse_enabled_via_semantic_engine_v2_flag" time="0.008" /><testcase classname="tests.rc5.api.test_diag_endpoint" name="test_status_endpoint_requires_admin" time="0.045" /><testcase classname="tests.rc5.api.test_diag_endpoint" name="test_status_endpoint_reports_diag_enabled" time="0.005" /><testcase classname="tests.rc5.api.test_diag_endpoint" name="test_status_reports_engine_version" time="0.004" /><testcase classname="tests.rc5.api.test_diag_endpoint" name="test_response_contains_all_required_keys" time="0.008" /><testcase classname="tests.rc5.api.test_diag_endpoint" name="test_api_version_is_1" time="0.006" /><testcase classname="tests.rc5.api.test_diag_endpoint" name="test_semantic_engine_version_is_1" time="0.005" /><testcase classname="tests.rc5.api.test_diag_endpoint" name="test_plugin_versions_contain_all_registered" time="0.004" /><testcase classname="tests.rc5.api.test_diag_endpoint" name="test_exec_graph_schema_version_present" time="0.006" /><testcase classname="tests.rc5.api.test_diag_endpoint" name="test_semantic_ir_root_is_program" time="0.011" /><testcase classname="tests.rc5.api.test_diag_endpoint" name="test_processing_time_is_number" time="0.052" /><testcase classname="tests.rc5.api.test_diag_endpoint" name="test_processing_time_positive" time="0.016" /><testcase classname="tests.rc5.api.test_diag_endpoint" name="test_input_echoed_back" time="0.012" /><testcase classname="tests.rc5.api.test_diag_endpoint" name="test_decode_chain_lists_eight_steps" time="0.011" /><testcase classname="tests.rc5.api.test_diag_endpoint" name="test_warnings_field_is_list" time="0.040" /><testcase classname="tests.rc5.api.test_diag_endpoint" name="test_unresolved_nodes_field_is_list" time="0.013" /><testcase classname="tests.rc5.api.test_diag_endpoint" name="test_autodetect_cmd" time="0.006" /><testcase classname="tests.rc5.api.test_diag_endpoint" name="test_autodetect_powershell_dollar" time="0.008" /><testcase classname="tests.rc5.api.test_diag_endpoint" name="test_autodetect_powershell_verb_noun" time="0.011" /><testcase classname="tests.rc5.api.test_diag_endpoint" name="test_autodetect_iex" time="0.013" /><testcase classname="tests.rc5.api.test_diag_endpoint" name="test_language_override_cmd" time="0.010" /><testcase classname="tests.rc5.api.test_diag_endpoint" name="test_language_override_invalid_rejected" time="0.038" /><testcase classname="tests.rc5.api.test_diag_endpoint" name="test_cmd_set_produces_var_bind" time="0.013" /><testcase classname="tests.rc5.api.test_diag_endpoint" name="test_cmd_var_expansion_reconstructs" time="0.097" /><testcase classname="tests.rc5.api.test_diag_endpoint" name="test_cmd_replace_operator" time="0.008" /><testcase classname="tests.rc5.api.test_diag_endpoint" name="test_cmd_run_key_emits_autorun" time="0.006" /><testcase classname="tests.rc5.api.test_diag_endpoint" name="test_cmd_process_spawn_evidence_resolves" time="0.008" /><testcase classname="tests.rc5.api.test_diag_endpoint" name="test_ps_var_bind" time="0.005" /><testcase classname="tests.rc5.api.test_diag_endpoint" name="test_ps_string_op_replace" time="0.007" /><testcase classname="tests.rc5.api.test_diag_endpoint" name="test_ps_encoded_command_flag" time="0.007" /><testcase classname="tests.rc5.api.test_diag_endpoint" name="test_ps_encoded_command_emits_obfuscation_behavior" time="0.007" /><testcase classname="tests.rc5.api.test_diag_endpoint" name="test_ps_iwr_download_behavior" time="0.007" /><testcase classname="tests.rc5.api.test_diag_endpoint" name="test_ps_amsi_bypass_behavior" time="0.007" /><testcase classname="tests.rc5.api.test_diag_endpoint" name="test_ps_char_reconstruction" time="0.007" /><testcase classname="tests.rc5.api.test_diag_endpoint" name="test_confidence_summary_shape" time="0.072" /><testcase classname="tests.rc5.api.test_diag_endpoint" name="test_literal_command_max_confidence_100" time="0.005" /><testcase classname="tests.rc5.api.test_diag_endpoint" name="test_unknown_var_lowers_min" time="0.006" /><testcase classname="tests.rc5.api.test_diag_endpoint" name="test_unresolved_count_zero_for_clean_input" time="0.006" /><testcase classname="tests.rc5.api.test_diag_endpoint" name="test_unresolved_count_nonzero_for_deferred_feature" time="0.007" /><testcase classname="tests.rc5.api.test_diag_endpoint" name="test_two_identical_requests_produce_same_output" time="0.019" /><testcase classname="tests.rc5.api.test_diag_endpoint" name="test_no_emergentintegrations_import_in_diag" time="0.002" /><testcase classname="tests.rc5.api.test_diag_endpoint" name="test_empty_input_returns_valid_empty_graph" time="0.005" /><testcase classname="tests.rc5.api.test_diag_endpoint" name="test_input_missing_returns_422" time="0.008" /><testcase classname="tests.rc5.api.test_diag_endpoint" name="test_processing_time_under_500ms" time="0.007" /><testcase classname="tests.rc5.api.test_diag_endpoint" name="test_openapi_lists_rc5_parse" time="0.122" /><testcase classname="tests.rc5.api.test_diag_endpoint" name="test_openapi_rc5_parse_has_summary" time="0.013" /><testcase classname="tests.rc5.api.test_diag_endpoint" name="test_openapi_response_model_defined" time="0.015" /><testcase classname="tests.rc5.api.test_diag_endpoint" name="test_openapi_rc5_status_endpoint_documented" time="0.025" /><testcase classname="tests.rc5.api.test_diag_endpoint" name="test_download_behavior_captures_url" time="0.100" /><testcase classname="tests.rc5.api.test_diag_endpoint" name="test_reconstructed_commands_exclude_unresolved" time="0.020" /><testcase classname="tests.rc5.api.test_diag_endpoint" name="test_every_behavior_id_in_evidence_refs" time="0.071" /><testcase classname="tests.rc5.api.test_diag_endpoint" name="test_evidence_refs_point_to_real_nodes" time="0.007" /><testcase classname="tests.rc5.api.test_diag_endpoint" name="test_no_dangling_refs_on_complex_input" time="0.006" /><testcase classname="tests.rc5.api.test_diag_endpoint" name="test_mitre_field_is_a_list" time="0.005" /><testcase classname="tests.rc5.api.test_diag_endpoint" name="test_mitre_navigator_is_a_dict_with_version" time="0.004" /><testcase classname="tests.rc5.api.test_diag_endpoint" name="test_mitre_stix_is_a_stix_bundle" time="0.008" /><testcase classname="tests.rc5.api.test_diag_endpoint" name="test_mitre_mapping_has_technique_id_for_ps_process_spawn" time="0.011" /><testcase classname="tests.rc5.api.test_diag_evidence_graph" name="test_evidence_graph_absent_when_flag_off" time="1.225" /><testcase classname="tests.rc5.api.test_diag_evidence_graph" name="test_evidence_graph_present_and_wellformed_when_sidecar" time="0.007" /><testcase classname="tests.rc5.api.test_diag_evidence_graph" name="test_evidence_graph_does_not_influence_verdict" time="0.096" /><testcase classname="tests.rc5.api.test_diag_endpoint" name="test_plugin_versions_include_mitre" time="0.116" /><testcase classname="tests.rc5.api.test_diag_endpoint" name="test_lolbins_v2_field_is_list" time="0.024" /><testcase classname="tests.rc5.api.test_diag_endpoint" name="test_lolbins_v2_bitsadmin_is_executed" time="0.014" /><testcase classname="tests.rc5.api.test_diag_endpoint" name="test_lolbins_v2_plugin_version_advertised" time="0.007" /><testcase classname="tests.rc5.api.test_diag_endpoint" name="test_verdict_v2_field_shape" time="0.011" /><testcase classname="tests.rc5.api.test_diag_endpoint" name="test_verdict_v2_benign_for_echo" time="0.013" /><testcase classname="tests.rc5.api.test_diag_endpoint" name="test_verdict_v2_malicious_or_critical_for_mimikatz" time="0.009" /><testcase classname="tests.rc5.api.test_diag_evidence_graph" name="test_status_endpoint_reports_evidence_graph_mode" time="231.084" /><testcase classname="tests.rc5.api.test_diag_endpoint" name="test_verdict_v2_plugin_version_advertised" time="0.005" /><testcase classname="tests.rc5.api.test_diag_endpoint" name="test_explain_field_present_with_five_stage_confidence" time="0.003" /><testcase classname="tests.rc5.api.test_diag_endpoint" name="test_explain_evidence_tree_is_list" time="0.004" /><testcase classname="tests.rc5.api.test_diag_endpoint" name="test_explain_why_not_malicious_applicable_for_benign" time="0.003" /><testcase classname="tests.rc5.api.test_diag_endpoint" name="test_explain_why_not_malicious_inapplicable_for_malicious" time="0.022" /><testcase classname="tests.rc5.api.test_diag_endpoint" name="test_explain_narrative_locked_empty_deterministic" time="0.008" /><testcase classname="tests.rc5.api.test_diag_endpoint" name="test_x_decode_ms_response_header_present" time="0.004" /><testcase classname="tests.rc5.api.test_diag_endpoint" name="test_explainability_plugin_version_advertised" time="231.171" /><testcase classname="tests.rc5.unit.coverage_gaps.test_correctness_feb2026.TestMalwareFamilyAttribution" name="test_single_hit_is_provisional_and_low_confidence" time="0.001" /><testcase classname="tests.rc5.unit.coverage_gaps.test_correctness_feb2026.TestMalwareFamilyAttribution" name="test_two_hits_are_not_provisional" time="0.000" /><testcase classname="tests.rc5.unit.coverage_gaps.test_correctness_feb2026.TestMalwareFamilyAttribution" name="test_provisional_family_does_not_elevate_risk" time="0.000" /><testcase classname="tests.rc5.unit.coverage_gaps.test_correctness_feb2026.TestMalwareFamilyAttribution" name="test_firm_family_still_elevates_risk" time="0.000" /><testcase classname="tests.rc5.unit.evidence_graph.test_sidecar_builder.TestDeterminism" name="test_identical_input_identical_output" time="0.002" /><testcase classname="tests.rc5.unit.evidence_graph.test_sidecar_builder.TestDeterminism" name="test_content_addressed_ids_survive_execnode_id_reshuffle" time="0.002" /><testcase classname="tests.rc5.unit.evidence_graph.test_sidecar_builder.TestDeterminism" name="test_builder_does_not_mutate_exec_graph" time="0.001" /><testcase classname="tests.rc5.unit.evidence_graph.test_sidecar_builder.TestDeterminism" name="test_empty_exec_graph_produces_root_only" time="0.000" /><testcase classname="tests.rc5.unit.evidence_graph.test_sidecar_builder.TestMapping" name="test_powershell_download_produces_expected_entities" time="0.001" /><testcase classname="tests.rc5.unit.evidence_graph.test_sidecar_builder.TestMapping" name="test_download_side_effect_emits_downloads_edge" time="0.001" /><testcase classname="tests.rc5.unit.evidence_graph.test_sidecar_builder.TestMapping" name="test_registry_persistence_produces_writes_edge" time="0.001" /><testcase classname="tests.rc5.unit.evidence_graph.test_sidecar_builder.TestMapping" name="test_derivation_edges_created_for_parent_child" time="0.001" /><testcase classname="tests.rc5.api.test_v2_ancestry" name="test_ancestry_root_by_binary_name" time="0.008" /><testcase classname="tests.rc5.api.test_v2_ancestry" name="test_ancestry_missing_process_returns_404" time="0.005" /><testcase classname="tests.rc5.api.test_v2_ancestry" name="test_ancestry_events_returned_per_node" time="0.005" /><testcase classname="tests.rc5.invariants.test_no_raw_output_parsing" name="test_forbid_scanner_catches_raw_output_reads" time="0.001" /><testcase classname="tests.rc5.invariants.test_no_raw_output_parsing" name="test_forbid_scanner_allows_comments" time="0.000" /><testcase classname="tests.rc5.invariants.test_no_raw_output_parsing" name="test_all_detector_modules_pass_gate" time="0.000" /><testcase classname="tests.rc5.unit.data_integrity.test_feb2026_sprint.TestGoldenAggregation" name="test_run_corpus_populates_category_coverage" time="0.001" /><testcase classname="tests.rc5.unit.data_integrity.test_feb2026_sprint.TestGoldenAggregation" name="test_run_corpus_populates_mitre_technique_count" time="0.022" /><testcase classname="tests.rc5.unit.data_integrity.test_feb2026_sprint.TestGoldenAggregation" name="test_sample_result_carries_technique_ids" time="0.023" /><testcase classname="tests.rc5.unit.evidence_graph.test_sidecar_builder.TestIntegrityOnRealShapes" name="test_side_car_graph_is_well_formed[_empty_graph]" time="0.001" /><testcase classname="tests.rc5.unit.evidence_graph.test_sidecar_builder.TestIntegrityOnRealShapes" name="test_side_car_graph_is_well_formed[_powershell_download_graph]" time="0.001" /><testcase classname="tests.rc5.unit.evidence_graph.test_sidecar_builder.TestIntegrityOnRealShapes" name="test_side_car_graph_is_well_formed[_registry_persistence_graph]" time="0.001" /><testcase classname="tests.rc5.unit.evidence_graph.test_sidecar_builder.TestNonInfluence" name="test_execgraph_unchanged_after_build" time="0.002" /><testcase classname="tests.rc5.unit.evidence_graph.test_sidecar_builder.TestNonInfluence" name="test_builder_takes_no_writable_reference" time="0.000" /><testcase classname="tests.rc5.unit.evidence_graph.test_sidecar_builder.TestNonInfluence" name="test_no_side_effect_when_flag_off" time="0.000" /><testcase classname="tests.rc5.unit.evidence_graph.test_sidecar_builder.TestMetrics" name="test_metrics_populated" time="0.001" /><testcase classname="tests.rc5.unit.evidence_graph.test_sidecar_builder.TestMetrics" name="test_metrics_within_performance_envelope" time="0.001" /><testcase classname="tests.rc5.unit.evidence_graph.test_sidecar_builder.TestMetrics" name="test_metrics_dict_serializable" time="0.001" /><testcase classname="tests.rc5.unit.hygiene.test_xfail_hygiene" name="test_every_xfail_declares_a_reason" time="0.003" /><testcase classname="tests.rc5.unit.hygiene.test_xfail_hygiene" name="test_every_xfail_uses_strict_true" time="0.002" /><testcase classname="tests.rc5.unit.hygiene.test_xfail_hygiene" name="test_gap_tracking_review_is_fresh" time="0.002" /><testcase classname="tests.rc5.unit.data_integrity.test_feb2026_sprint.TestEmptyCorpus" name="test_empty_corpus_returns_empty_containers" time="0.000" /><testcase classname="tests.rc5.unit.evidence_graph.test_schema.TestQueryHelpers" name="test_by_kind_and_edges_by_kind" time="0.001" /><testcase classname="tests.rc5.unit.evidence_graph.test_schema.TestDedup" name="test_duplicate_node_no_op" time="0.001" /><testcase classname="tests.rc5.unit.evidence_graph.test_schema.TestDedup" name="test_duplicate_key_different_attrs_merges" time="0.000" /><testcase classname="tests.rc5.unit.evidence_graph.test_schema.TestDedup" name="test_duplicate_edge_no_op" time="0.000" /><testcase classname="tests.rc5.unit.evidence_graph.test_schema.TestDedup" name="test_duplicate_edge_source_union" time="0.000" /></testsuite></testsuites>