<?xml version="1.0" encoding="utf-8"?><testsuites name="pytest tests"><testsuite name="pytest" errors="0" failures="0" skipped="0" tests="6" time="94.812" timestamp="2026-07-20T17:52:21.918673+00:00" hostname="agent-env-630704a1-621f-478b-9b86-a321772d01bf"><testcase classname="tests.test_iter27_rc45" name="test_p1_feat9_line_continuation_backtick" time="92.336" /><testcase classname="tests.test_iter27_rc45" name="test_p0_feat6_lolbin_certutil" time="0.844" /><testcase classname="tests.test_iter27_rc45" name="test_p1_feat10_alias_normalize" time="0.857" /><testcase classname="tests.test_iter27_rc45" name="test_p0_feat5_calc_envvar_substring" time="0.289" /><testcase classname="tests.test_iter27_rc45" name="test_p0_reg_base64_hello" time="0.307" /><testcase classname="tests.test_iter27_rc45" name="test_p0_reg_operations_list" time="0.117" /></testsuite></testsuites>