<?xml version="1.0" encoding="utf-8"?><testsuites name="pytest tests"><testsuite name="pytest" errors="0" failures="0" skipped="0" tests="37" time="14.230" timestamp="2026-08-04T15:13:32.782553+00:00" hostname="agent-env-630704a1-621f-478b-9b86-a321772d01bf"><testcase classname="tests.test_pe_analyzer" name="test_capability_flag_matches_import" time="0.000" /><testcase classname="tests.test_artifact_intelligence" name="test_registry_contains_pe_and_pdf" time="0.001" /><testcase classname="tests.test_pe_analyzer" name="test_non_pe_input_surfaces_reasoned_error" time="0.001" /><testcase classname="tests.test_artifact_intelligence" name="test_dispatch_pe_routes_to_pe_analyzer" time="0.023" /><testcase classname="tests.test_pe_analyzer" name="test_analyze_pe_returns_full_report_for_real_pe" time="0.022" /><testcase classname="tests.test_pe_analyzer" name="test_analyze_pe_is_deterministic" time="0.041" /><testcase classname="tests.test_artifact_intelligence" name="test_dispatch_pdf_routes_to_pdf_analyzer" time="0.001" /><testcase classname="tests.test_artifact_intelligence" name="test_dispatch_unknown_returns_unknown_artifact_type" time="0.000" /><testcase classname="tests.test_artifact_intelligence" name="test_dispatch_empty_input" time="0.000" /><testcase classname="tests.test_artifact_intelligence" name="test_dispatch_is_deterministic" time="0.041" /><testcase classname="tests.test_pe_analyzer" name="test_detect_binary_artifact_attaches_pe_analysis" time="0.043" /><testcase classname="tests.test_artifact_intelligence" name="test_pe_analyzer_pretext_pretext_does_not_false_match" time="0.000" /><testcase classname="tests.test_artifact_intelligence" name="test_binary_artifact_carries_routed_analysis" time="0.044" /><testcase classname="tests.test_pe_analyzer" name="test_binary_artifact_to_dict_includes_pe_analysis" time="0.042" /><testcase classname="tests.test_iedde_ssot_wiring" name="test_iedde_augmentation_populated_on_recovered_states[whoami-canonical]" time="7.916" /><testcase classname="tests.test_pe_analyzer" name="test_analyze_pe_never_raises_on_garbage" time="0.014" /><testcase classname="tests.test_broken_payload_diagnostics" name="test_canonical_recovery_carries_no_diagnostics" time="0.001" /><testcase classname="tests.test_broken_payload_diagnostics" name="test_stability_gate_carries_reasoned_diagnostics" time="0.001" /><testcase classname="tests.test_broken_payload_diagnostics" name="test_diagnostics_are_deterministic" time="0.001" /><testcase classname="tests.test_broken_payload_diagnostics" name="test_binary_artifact_recovered_produces_no_diagnostics" time="0.015" /><testcase classname="tests.test_broken_payload_diagnostics" name="test_diagnostics_serialize_into_planresult_dict" time="0.001" /><testcase classname="tests.test_broken_payload_diagnostics" name="test_diagnostics_include_hex_snippet_or_none" time="0.000" /><testcase classname="tests.test_office_analyzer" name="test_analyzer_recognizes_docx_and_produces_findings" time="0.001" /><testcase classname="tests.test_office_analyzer" name="test_analyzer_is_deterministic" time="0.001" /><testcase classname="tests.test_office_analyzer" name="test_analyzer_gracefully_handles_plain_zip" time="0.000" /><testcase classname="tests.test_office_analyzer" name="test_binary_artifact_routes_ooxml_via_recipe_planner" time="0.001" /><testcase classname="tests.test_office_analyzer" name="test_no_macros_no_findings" time="0.000" /><testcase classname="tests.test_binary_terminal_state" name="test_pe_binary_recovered_after_base64_decode" time="0.021" /><testcase classname="tests.test_binary_terminal_state" name="test_elf_binary_recovered" time="0.001" /><testcase classname="tests.test_binary_terminal_state" name="test_plain_text_starting_with_mz_not_labelled_binary" time="0.000" /><testcase classname="tests.test_binary_terminal_state" name="test_text_canonical_still_canonical" time="0.000" /><testcase classname="tests.test_iedde_ssot_wiring" name="test_iedde_augmentation_populated_on_recovered_states[powershell.exe -EncodedCommand VwByAGkAdABlAC0ASABvAHMAdAAgACIAdAB3AGUAZQB0ACwAIAB0AHcAZQBlAHQAIQAiAA==-canonical]" time="0.003" /><testcase classname="tests.test_iedde_ssot_wiring" name="test_canonical_confidence_is_100_when_iedde_reaches_canonical" time="5.229" /><testcase classname="tests.test_iedde_ssot_wiring" name="test_atomic_ioc_terminal_state_is_not_augmented" time="0.000" /><testcase classname="tests.test_iedde_ssot_wiring" name="test_iedde_trace_shape_matches_planresult_dict" time="0.001" /><testcase classname="tests.test_iedde_ssot_wiring" name="test_iedde_stability_gate_carries_reasoned_message" time="0.001" /><testcase classname="tests.test_iedde_ssot_wiring" name="test_iedde_augmentation_is_deterministic" time="0.001" /></testsuite></testsuites>