<?xml version="1.0" encoding="utf-8"?><testsuites name="pytest tests"><testsuite name="pytest" errors="0" failures="0" skipped="4" tests="47" time="172.892" timestamp="2026-08-11T04:56:44.542749+00:00" hostname="agent-env-630704a1-621f-478b-9b86-a321772d01bf"><testcase classname="tests.canonical.api.test_p02_evidence_chain.TestUnitEvidenceChain" name="test_structured_evidence_preserved_intact" time="0.001" /><testcase classname="tests.canonical.api.test_p02_evidence_chain.TestUnitEvidenceChain" name="test_no_evidence_suppressed" time="0.000" /><testcase classname="tests.canonical.api.test_p02_evidence_chain.TestUnitEvidenceChain" name="test_freetext_without_pattern_suppressed" time="0.000" /><testcase classname="tests.canonical.api.test_p02_evidence_chain.TestUnitEvidenceChain" name="test_csv_edr_sep_pattern_normalised" time="0.000" /><testcase classname="tests.canonical.api.test_p02_evidence_chain.TestUnitEvidenceChain" name="test_canonical_matched_list_normalised" time="0.000" /><testcase classname="tests.canonical.api.test_p02_evidence_chain.TestWireEvidenceChain" name="test_every_mitre_has_evidence_list[prose-During the incident the actor deployed a remote access trojan and used PowerShell to execute an encoded command. The malware attempted to disable Windows Defender and moved laterally over SMB.]" time="0.090" /><testcase classname="tests.canonical.api.test_p02_evidence_chain.TestUnitEvidenceChain" name="test_partial_structured_evidence_rejected[source]" time="0.000" /><testcase classname="tests.canonical.api.test_p02_evidence_chain.TestUnitEvidenceChain" name="test_partial_structured_evidence_rejected[event_or_rule]" time="0.000" /><testcase classname="tests.canonical.api.test_p02_evidence_chain.TestUnitEvidenceChain" name="test_partial_structured_evidence_rejected[field]" time="0.000" /><testcase classname="tests.canonical.api.test_p02_evidence_chain.TestUnitEvidenceChain" name="test_partial_structured_evidence_rejected[observed_value]" time="0.000" /><testcase classname="tests.canonical.api.test_p02_evidence_chain.TestUnitEvidenceChain" name="test_partial_structured_evidence_rejected[evidence_ref]" time="0.000" /><testcase classname="tests.canonical.api.test_p02_evidence_chain.TestUnitEvidenceChain" name="test_structured_evidence_with_empty_value_still_normalised[source]" time="0.000" /><testcase classname="tests.canonical.api.test_p02_evidence_chain.TestUnitEvidenceChain" name="test_structured_evidence_with_empty_value_still_normalised[event_or_rule]" time="0.000" /><testcase classname="tests.canonical.api.test_p02_evidence_chain.TestUnitEvidenceChain" name="test_structured_evidence_with_empty_value_still_normalised[field]" time="0.000" /><testcase classname="tests.canonical.api.test_p02_evidence_chain.TestUnitEvidenceChain" name="test_structured_evidence_with_empty_value_still_normalised[observed_value]" time="0.000" /><testcase classname="tests.canonical.api.test_p02_evidence_chain.TestUnitEvidenceChain" name="test_structured_evidence_with_empty_value_still_normalised[evidence_ref]" time="0.000" /><testcase classname="tests.canonical.api.test_p02_evidence_chain.TestUnitEvidenceChain" name="test_evidence_ref_deterministic" time="0.000" /><testcase classname="tests.canonical.api.test_p02_evidence_chain.TestUnitEvidenceChain" name="test_technique_without_id_dropped" time="0.000" /><testcase classname="tests.canonical.api.test_p02_evidence_chain.TestUnitEvidenceChain" name="test_normalise_matched_without_freetext" time="0.000" /><testcase classname="tests.canonical.api.test_p02_evidence_chain.TestUnitEvidenceChain" name="test_narrative_matched_string_list_normalised" time="0.000" /><testcase classname="tests.canonical.api.test_p02_evidence_chain.TestWireEvidenceChain" name="test_every_mitre_has_evidence_list[csv_edr-date,src_host,user,file_name,file_hash,parent_file_name,parent_file_hash,file_path,action,category\n2026-08-03T13:24:57+00:00,DMZ01.axium.local,jsmith,browserhost.exe,12f07d1352844bc7f12d3ad598dd73c19d86c5bdbe230e9c0acdebf4e182e2ad,,,C:\\Program Files\\Edge\\browserhost.exe,detect,Exploit Prevention\n2026-08-03T13:25:11+00:00,DMZ01.axium.local,jsmith,winlogon.exe,abcabcabcabcabcabcabcabcabcabcabcabcabcabcabcabcabcabcabcabcabca,,,C:\\Windows\\System32\\winlogon.exe,block,System Process Protection\n2026-08-03T13:25:44+00:00,DMZ01.axium.local,jsmith,ChromeSetup.exe,,,,,success,File Fetch Completed\n]" time="0.043" /><testcase classname="tests.canonical.api.test_p02_evidence_chain.TestWireEvidenceChain" name="test_every_evidence_record_has_all_required_keys[prose-During the incident the actor deployed a remote access trojan and used PowerShell to execute an encoded command. The malware attempted to disable Windows Defender and moved laterally over SMB.]" time="0.016" /><testcase classname="tests.canonical.api.test_p02_evidence_chain.TestWireEvidenceChain" name="test_every_evidence_record_has_all_required_keys[csv_edr-date,src_host,user,file_name,file_hash,parent_file_name,parent_file_hash,file_path,action,category\n2026-08-03T13:24:57+00:00,DMZ01.axium.local,jsmith,browserhost.exe,12f07d1352844bc7f12d3ad598dd73c19d86c5bdbe230e9c0acdebf4e182e2ad,,,C:\\Program Files\\Edge\\browserhost.exe,detect,Exploit Prevention\n2026-08-03T13:25:11+00:00,DMZ01.axium.local,jsmith,winlogon.exe,abcabcabcabcabcabcabcabcabcabcabcabcabcabcabcabcabcabcabcabcabca,,,C:\\Windows\\System32\\winlogon.exe,block,System Process Protection\n2026-08-03T13:25:44+00:00,DMZ01.axium.local,jsmith,ChromeSetup.exe,,,,,success,File Fetch Completed\n]" time="0.038" /><testcase classname="tests.canonical.api.test_p02_evidence_chain.TestWireEvidenceChain" name="test_no_partial_evidence_on_wire[prose-During the incident the actor deployed a remote access trojan and used PowerShell to execute an encoded command. The malware attempted to disable Windows Defender and moved laterally over SMB.]" time="0.017" /><testcase classname="tests.canonical.api.test_p02_evidence_chain.TestWireEvidenceChain" name="test_no_partial_evidence_on_wire[csv_edr-date,src_host,user,file_name,file_hash,parent_file_name,parent_file_hash,file_path,action,category\n2026-08-03T13:24:57+00:00,DMZ01.axium.local,jsmith,browserhost.exe,12f07d1352844bc7f12d3ad598dd73c19d86c5bdbe230e9c0acdebf4e182e2ad,,,C:\\Program Files\\Edge\\browserhost.exe,detect,Exploit Prevention\n2026-08-03T13:25:11+00:00,DMZ01.axium.local,jsmith,winlogon.exe,abcabcabcabcabcabcabcabcabcabcabcabcabcabcabcabcabcabcabcabcabca,,,C:\\Windows\\System32\\winlogon.exe,block,System Process Protection\n2026-08-03T13:25:44+00:00,DMZ01.axium.local,jsmith,ChromeSetup.exe,,,,,success,File Fetch Completed\n]" time="0.038" /><testcase classname="tests.canonical.api.test_p02_evidence_chain.TestWireEvidenceChain" name="test_evidence_ref_prefixed[prose-During the incident the actor deployed a remote access trojan and used PowerShell to execute an encoded command. The malware attempted to disable Windows Defender and moved laterally over SMB.]" time="0.016" /><testcase classname="tests.canonical.api.test_p02_evidence_chain.TestWireEvidenceChain" name="test_evidence_ref_prefixed[csv_edr-date,src_host,user,file_name,file_hash,parent_file_name,parent_file_hash,file_path,action,category\n2026-08-03T13:24:57+00:00,DMZ01.axium.local,jsmith,browserhost.exe,12f07d1352844bc7f12d3ad598dd73c19d86c5bdbe230e9c0acdebf4e182e2ad,,,C:\\Program Files\\Edge\\browserhost.exe,detect,Exploit Prevention\n2026-08-03T13:25:11+00:00,DMZ01.axium.local,jsmith,winlogon.exe,abcabcabcabcabcabcabcabcabcabcabcabcabcabcabcabcabcabcabcabcabca,,,C:\\Windows\\System32\\winlogon.exe,block,System Process Protection\n2026-08-03T13:25:44+00:00,DMZ01.axium.local,jsmith,ChromeSetup.exe,,,,,success,File Fetch Completed\n]" time="0.038" /><testcase classname="tests.canonical.api.test_p02_evidence_chain.TestWireEvidenceChain" name="test_empty_input_produces_no_uncorroborated_mitre" time="0.011" /><testcase classname="tests.canonical.api.test_p02_evidence_chain.TestWireEvidenceChain" name="test_wire_response_evidence_ref_deterministic" time="0.030" /><testcase classname="tests.canonical.api.test_p02_evidence_chain.TestWireEvidenceChain" name="test_suppression_shape_when_present[prose-During the incident the actor deployed a remote access trojan and used PowerShell to execute an encoded command. The malware attempted to disable Windows Defender and moved laterally over SMB.]" time="0.016"><skipped type="pytest.skip" message="[prose] no suppressions produced this run">/app/backend/tests/canonical/api/test_p02_evidence_chain.py:411: [prose] no suppressions produced this run</skipped></testcase><testcase classname="tests.canonical.api.test_p02_evidence_chain.TestWireEvidenceChain" name="test_suppression_shape_when_present[csv_edr-date,src_host,user,file_name,file_hash,parent_file_name,parent_file_hash,file_path,action,category\n2026-08-03T13:24:57+00:00,DMZ01.axium.local,jsmith,browserhost.exe,12f07d1352844bc7f12d3ad598dd73c19d86c5bdbe230e9c0acdebf4e182e2ad,,,C:\\Program Files\\Edge\\browserhost.exe,detect,Exploit Prevention\n2026-08-03T13:25:11+00:00,DMZ01.axium.local,jsmith,winlogon.exe,abcabcabcabcabcabcabcabcabcabcabcabcabcabcabcabcabcabcabcabcabca,,,C:\\Windows\\System32\\winlogon.exe,block,System Process Protection\n2026-08-03T13:25:44+00:00,DMZ01.axium.local,jsmith,ChromeSetup.exe,,,,,success,File Fetch Completed\n]" time="0.040"><skipped type="pytest.skip" message="[csv_edr] no suppressions produced this run">/app/backend/tests/canonical/api/test_p02_evidence_chain.py:411: [csv_edr] no suppressions produced this run</skipped></testcase><testcase classname="tests.canonical.api.test_p02_evidence_chain.TestWireEvidenceChain" name="test_csv_path_still_produces_gated_techniques" time="0.037" /><testcase classname="tests.canonical.api.test_sample1_immutability_guard" name="test_sample1_baseline_fingerprint_matches" time="0.006"><skipped type="pytest.skip" message="Sample1 case row not present in this pod — guard skipped (this is not the Sample1-hosting DB)">/app/backend/tests/canonical/api/test_sample1_immutability_guard.py:97: Sample1 case row not present in this pod — guard skipped (this is not the Sample1-hosting DB)</skipped></testcase><testcase classname="tests.canonical.api.test_sample1_immutability_guard" name="test_workspace_investigation_does_not_mutate_sample1" time="0.000"><skipped type="pytest.skip" message="Sample1 case row not present in this pod — guard skipped (this is not the Sample1-hosting DB)">/app/backend/tests/canonical/api/test_sample1_immutability_guard.py:111: Sample1 case row not present in this pod — guard skipped (this is not the Sample1-hosting DB)</skipped></testcase><testcase classname="tests.canonical.api.test_sample1_immutability_guard" name="test_no_die_module_hardcodes_sample1_id" time="0.002" /><testcase classname="tests.canonical.api.test_investigation_results_payload_shape" name="test_response_size_under_budget[csv_edr-date,src_host,user,file_name,file_hash,parent_file_name,parent_file_hash,file_path,action,category\n2026-08-03T13:24:57+00:00,DMZ01.axium.local,jsmith,browserhost.exe,12f07d1352844bc7f12d3ad598dd73c19d86c5bdbe230e9c0acdebf4e182e2ad,,,C:\\Program Files\\Edge\\browserhost.exe,detect,Exploit Prevention\n2026-08-03T13:25:11+00:00,DMZ01.axium.local,jsmith,winlogon.exe,abcabcabcabcabcabcabcabcabcabcabcabcabcabcabcabcabcabcabcabcabca,,,C:\\Windows\\System32\\winlogon.exe,block,System Process Protection\n2026-08-03T13:25:44+00:00,DMZ01.axium.local,jsmith,ChromeSetup.exe,,,,,success,File Fetch Completed\n2026-08-03T13:26:15+00:00,DMZ02.axium.local,rjones,,,,,,,success,Signature Set Update Success\n2026-08-03T13:26:44+00:00,DMZ02.axium.local,rjones,foo.exe,,,,,detect,Suspicious Endpoint Findings without Tactics\n]" time="1.627" /><testcase classname="tests.canonical.api.test_investigation_results_payload_shape" name="test_response_size_under_budget[prose-During the incident the actor deployed a remote access trojan and used PowerShell to execute an encoded command. The malware attempted to disable Windows Defender and moved laterally over SMB.]" time="0.030" /><testcase classname="tests.canonical.api.test_investigation_results_payload_shape" name="test_object_keys_are_allow_listed[csv_edr-date,src_host,user,file_name,file_hash,parent_file_name,parent_file_hash,file_path,action,category\n2026-08-03T13:24:57+00:00,DMZ01.axium.local,jsmith,browserhost.exe,12f07d1352844bc7f12d3ad598dd73c19d86c5bdbe230e9c0acdebf4e182e2ad,,,C:\\Program Files\\Edge\\browserhost.exe,detect,Exploit Prevention\n2026-08-03T13:25:11+00:00,DMZ01.axium.local,jsmith,winlogon.exe,abcabcabcabcabcabcabcabcabcabcabcabcabcabcabcabcabcabcabcabcabca,,,C:\\Windows\\System32\\winlogon.exe,block,System Process Protection\n2026-08-03T13:25:44+00:00,DMZ01.axium.local,jsmith,ChromeSetup.exe,,,,,success,File Fetch Completed\n2026-08-03T13:26:15+00:00,DMZ02.axium.local,rjones,,,,,,,success,Signature Set Update Success\n2026-08-03T13:26:44+00:00,DMZ02.axium.local,rjones,foo.exe,,,,,detect,Suspicious Endpoint Findings without Tactics\n]" time="0.122" /><testcase classname="tests.canonical.api.test_investigation_results_payload_shape" name="test_object_keys_are_allow_listed[prose-During the incident the actor deployed a remote access trojan and used PowerShell to execute an encoded command. The malware attempted to disable Windows Defender and moved laterally over SMB.]" time="0.046" /><testcase classname="tests.canonical.api.test_investigation_results_payload_shape" name="test_forbidden_heavy_fields_absent[csv_edr-date,src_host,user,file_name,file_hash,parent_file_name,parent_file_hash,file_path,action,category\n2026-08-03T13:24:57+00:00,DMZ01.axium.local,jsmith,browserhost.exe,12f07d1352844bc7f12d3ad598dd73c19d86c5bdbe230e9c0acdebf4e182e2ad,,,C:\\Program Files\\Edge\\browserhost.exe,detect,Exploit Prevention\n2026-08-03T13:25:11+00:00,DMZ01.axium.local,jsmith,winlogon.exe,abcabcabcabcabcabcabcabcabcabcabcabcabcabcabcabcabcabcabcabcabca,,,C:\\Windows\\System32\\winlogon.exe,block,System Process Protection\n2026-08-03T13:25:44+00:00,DMZ01.axium.local,jsmith,ChromeSetup.exe,,,,,success,File Fetch Completed\n2026-08-03T13:26:15+00:00,DMZ02.axium.local,rjones,,,,,,,success,Signature Set Update Success\n2026-08-03T13:26:44+00:00,DMZ02.axium.local,rjones,foo.exe,,,,,detect,Suspicious Endpoint Findings without Tactics\n]" time="0.072" /><testcase classname="tests.canonical.api.test_investigation_results_payload_shape" name="test_forbidden_heavy_fields_absent[prose-During the incident the actor deployed a remote access trojan and used PowerShell to execute an encoded command. The malware attempted to disable Windows Defender and moved laterally over SMB.]" time="0.017" /><testcase classname="tests.canonical.api.test_investigation_results_payload_shape" name="test_csv_input_produces_mitre" time="0.055" /><testcase classname="tests.canonical.api.test_investigation_results_payload_shape" name="test_executive_summary_populated[csv_edr-date,src_host,user,file_name,file_hash,parent_file_name,parent_file_hash,file_path,action,category\n2026-08-03T13:24:57+00:00,DMZ01.axium.local,jsmith,browserhost.exe,12f07d1352844bc7f12d3ad598dd73c19d86c5bdbe230e9c0acdebf4e182e2ad,,,C:\\Program Files\\Edge\\browserhost.exe,detect,Exploit Prevention\n2026-08-03T13:25:11+00:00,DMZ01.axium.local,jsmith,winlogon.exe,abcabcabcabcabcabcabcabcabcabcabcabcabcabcabcabcabcabcabcabcabca,,,C:\\Windows\\System32\\winlogon.exe,block,System Process Protection\n2026-08-03T13:25:44+00:00,DMZ01.axium.local,jsmith,ChromeSetup.exe,,,,,success,File Fetch Completed\n2026-08-03T13:26:15+00:00,DMZ02.axium.local,rjones,,,,,,,success,Signature Set Update Success\n2026-08-03T13:26:44+00:00,DMZ02.axium.local,rjones,foo.exe,,,,,detect,Suspicious Endpoint Findings without Tactics\n]" time="0.050" /><testcase classname="tests.canonical.api.test_workspace_isolation_guard" name="test_xlab_traffic_does_not_perturb_workspace" time="1.620" /><testcase classname="tests.canonical.api.test_investigation_results_payload_shape" name="test_executive_summary_populated[prose-During the incident the actor deployed a remote access trojan and used PowerShell to execute an encoded command. The malware attempted to disable Windows Defender and moved laterally over SMB.]" time="166.621" /><testcase classname="tests.canonical.api.test_workspace_isolation_guard" name="test_no_workspace_module_imports_from_xlab" time="0.087" /><testcase classname="tests.canonical.api.test_workspace_isolation_guard" name="test_xlab_routes_are_registered" time="157.279" /></testsuite></testsuites>