<?xml version="1.0" encoding="utf-8"?><testsuites name="pytest tests"><testsuite name="pytest" errors="0" failures="0" skipped="0" tests="10" time="3.865" timestamp="2026-09-05T14:34:42.906470+00:00" hostname="agent-env-630704a1-621f-478b-9b86-a321772d01bf"><testcase classname="tests.edr.test_iteration_82_activation" name="test_endpoints_returns_seven_authoritative" time="1.264" /><testcase classname="tests.edr.test_iteration_82_activation" name="test_device_trajectory_by_iid" time="0.235" /><testcase classname="tests.edr.test_iteration_82_activation" name="test_hostname_case_insensitive[fin-07]" time="0.141" /><testcase classname="tests.edr.test_iteration_82_activation" name="test_hostname_case_insensitive[FIN-07]" time="0.208" /><testcase classname="tests.edr.test_iteration_82_activation" name="test_hostname_case_insensitive[Fin-07]" time="0.158" /><testcase classname="tests.edr.test_iteration_82_activation" name="test_identity_unresolved_honest_state" time="0.160" /><testcase classname="tests.edr.test_iteration_82_activation" name="test_window_semantics_empty_but_identified" time="0.324" /><testcase classname="tests.edr.test_iteration_82_activation" name="test_evidence_provenance_on_events" time="0.154" /><testcase classname="tests.edr.test_iteration_82_activation" name="test_unauth_rejected" time="0.262" /><testcase classname="tests.edr.test_iteration_82_activation" name="test_regression_detections_and_process_tree" time="0.306" /></testsuite></testsuites>