<?xml version="1.0" encoding="utf-8"?><testsuites name="pytest tests"><testsuite name="pytest" errors="0" failures="0" skipped="0" tests="11" time="69.297" timestamp="2026-07-14T05:43:15.712744+00:00" hostname="agent-env-630704a1-621f-478b-9b86-a321772d01bf"><testcase classname="tests.test_new_features.TestLolbasAdmin" name="test_lolbas_status" time="0.716" /><testcase classname="tests.test_new_features.TestAnalyzeAsync" name="test_analyze_async_kicks_off_and_completes" time="68.628" /><testcase classname="tests.test_new_features.TestLolbasAdmin" name="test_lolbas_status_unauth" time="0.151" /><testcase classname="tests.test_new_features.TestLolbasAdmin" name="test_lolbas_sync" time="0.334" /><testcase classname="tests.test_new_features.TestLolbasAdmin" name="test_lolbas_sync_unauth" time="0.097" /><testcase classname="tests.test_new_features.TestLolbasAdmin" name="test_admin_stats_has_lolbas" time="0.099" /><testcase classname="tests.test_new_features.TestRegression" name="test_analyze_still_works" time="0.101" /><testcase classname="tests.test_new_features.TestRegression" name="test_operations_count_45" time="0.096" /><testcase classname="tests.test_new_features.TestAnalyzeStream" name="test_stream_fast_path" time="0.100" /><testcase classname="tests.test_new_features.TestAnalyzeAsync" name="test_analyze_status_unknown" time="0.102" /><testcase classname="tests.test_new_features.TestAnalyzeAsync" name="test_analyze_async_unauth" time="0.095" /></testsuite></testsuites>