<?xml version="1.0" encoding="utf-8"?><testsuites name="pytest tests"><testsuite name="pytest" errors="0" failures="0" skipped="0" tests="18" time="4.210" timestamp="2026-09-09T06:54:55.091376+00:00" hostname="agent-env-630704a1-621f-478b-9b86-a321772d01bf"><testcase classname="tests.test_collector_api_key_adversarial_regression" name="test_empty_string_key_value_is_rejected" time="0.260" /><testcase classname="tests.test_collector_api_key_adversarial_regression" name="test_header_case_variation_lowercase_is_honoured" time="0.130" /><testcase classname="tests.test_collector_api_key_adversarial_regression" name="test_header_case_variation_mixed_is_honoured" time="0.128" /><testcase classname="tests.test_collector_api_key_adversarial_regression" name="test_spoofed_principal_headers_with_valid_key_do_not_elevate" time="0.121" /><testcase classname="tests.test_collector_api_key_adversarial_regression" name="test_cross_tenant_envelope_body_does_not_bypass_key_tenant_binding" time="0.273" /><testcase classname="tests.test_collector_api_key_adversarial_regression" name="test_expires_at_null_is_accepted_as_never_expires" time="0.143" /><testcase classname="tests.test_collector_api_key_adversarial_regression" name="test_invalid_jwt_does_not_fall_through_when_key_also_present" time="0.114" /><testcase classname="tests.test_collector_api_key_adversarial_regression" name="test_anonymous_is_rejected[https://greeting-app-5782.preview.emergentagent.com/api/xdr/collectors]" time="0.124" /><testcase classname="tests.test_collector_api_key_adversarial_regression" name="test_anonymous_is_rejected[https://greeting-app-5782.preview.emergentagent.com/api/xdr/secrets]" time="0.146" /><testcase classname="tests.test_collector_api_key_adversarial_regression" name="test_anonymous_is_rejected[https://greeting-app-5782.preview.emergentagent.com/api/xdr/api-keys]" time="0.147" /><testcase classname="tests.test_collector_api_key_adversarial_regression" name="test_anonymous_is_rejected[https://greeting-app-5782.preview.emergentagent.com/api/xdr/rule-studio/rules]" time="0.123" /><testcase classname="tests.test_collector_api_key_adversarial_regression" name="test_anonymous_with_spoofed_principal_headers_is_rejected[https://greeting-app-5782.preview.emergentagent.com/api/xdr/collectors]" time="0.141" /><testcase classname="tests.test_collector_api_key_adversarial_regression" name="test_anonymous_with_spoofed_principal_headers_is_rejected[https://greeting-app-5782.preview.emergentagent.com/api/xdr/secrets]" time="0.231" /><testcase classname="tests.test_collector_api_key_adversarial_regression" name="test_anonymous_ingest_denied_before_body_validation" time="0.175" /><testcase classname="tests.test_collector_api_key_adversarial_regression" name="test_admin_jwt_still_authorized[/api/xdr/collectors]" time="0.516" /><testcase classname="tests.test_collector_api_key_adversarial_regression" name="test_admin_jwt_still_authorized[/api/xdr/secrets]" time="0.141" /><testcase classname="tests.test_collector_api_key_adversarial_regression" name="test_admin_jwt_still_authorized[/api/xdr/api-keys]" time="0.179" /><testcase classname="tests.test_collector_api_key_adversarial_regression" name="test_admin_jwt_still_authorized[/api/xdr/rule-studio/rules]" time="0.151" /></testsuite></testsuites>