<?xml version="1.0" encoding="utf-8"?><testsuites name="pytest tests"><testsuite name="pytest" errors="0" failures="0" skipped="0" tests="6" time="2.918" timestamp="2026-09-07T05:42:21.290090+00:00" hostname="agent-env-630704a1-621f-478b-9b86-a321772d01bf"><testcase classname="tests.test_edr_context_p0_f13_3" name="test_context_xdr_pivot" time="1.173" /><testcase classname="tests.test_edr_context_p0_f13_3" name="test_context_direct_edr" time="0.365" /><testcase classname="tests.test_edr_context_p0_f13_3" name="test_context_bogus_incident" time="0.236" /><testcase classname="tests.test_edr_context_p0_f13_3" name="test_context_unauthenticated" time="0.116" /><testcase classname="tests.test_edr_context_p0_f13_3" name="test_context_ignores_query_tenant" time="0.241" /><testcase classname="tests.test_edr_context_p0_f13_3" name="test_session_context" time="0.228" /></testsuite></testsuites>