<?xml version="1.0" encoding="utf-8"?><testsuites name="pytest tests"><testsuite name="pytest" errors="0" failures="0" skipped="0" tests="55" time="0.553" timestamp="2026-07-25T10:36:50.024437+00:00" hostname="agent-env-630704a1-621f-478b-9b86-a321772d01bf"><testcase classname="tests.test_ps_semantic_v2" name="test_ast_parses_simple_pipeline" time="0.001" /><testcase classname="tests.test_investigation_quality" name="test_investigation_quality_gates[01_cisco_xdr-/app/backend/tests/golden_corpus/01_cisco_xdr.txt]" time="0.002" /><testcase classname="tests.test_ps_semantic_v2" name="test_ast_variable_constant_folding" time="0.000" /><testcase classname="tests.test_ps_semantic_v2" name="test_ast_format_string_reconstruction" time="0.000" /><testcase classname="tests.test_investigation_quality" name="test_investigation_quality_gates[02_cisco_secure_endpoint-/app/backend/tests/golden_corpus/02_cisco_secure_endpoint.txt]" time="0.001" /><testcase classname="tests.test_ps_semantic_v2" name="test_ast_join_reconstruction" time="0.000" /><testcase classname="tests.test_ps_semantic_v2" name="test_behavior_iex_downloadstring_chain" time="0.001" /><testcase classname="tests.test_ps_semantic_v2" name="test_behavior_scheduled_task_persistence" time="0.000" /><testcase classname="tests.test_ps_semantic_v2" name="test_behavior_amsi_text_signal" time="0.000" /><testcase classname="tests.test_ps_semantic_v2" name="test_behavior_execution_policy_bypass_flag" time="0.000" /><testcase classname="tests.test_investigation_quality" name="test_investigation_quality_gates[03_crowdstrike_falcon-/app/backend/tests/golden_corpus/03_crowdstrike_falcon.txt]" time="0.001" /><testcase classname="tests.test_ps_semantic_v2" name="test_behavior_frombase64string_static_call" time="0.000" /><testcase classname="tests.test_investigation_quality" name="test_investigation_quality_gates[04_microsoft_defender-/app/backend/tests/golden_corpus/04_microsoft_defender.txt]" time="0.001" /><testcase classname="tests.test_ps_semantic_v2" name="test_behavior_local_only_when_loopback_no_external" time="0.000" /><testcase classname="tests.test_ps_semantic_v2" name="test_evidence_graph_shape" time="0.001" /><testcase classname="tests.test_investigation_quality" name="test_investigation_quality_gates[05_sentinelone-/app/backend/tests/golden_corpus/05_sentinelone.txt]" time="0.001" /><testcase classname="tests.test_ps_semantic_v2" name="test_analyze_populates_phase94_fields" time="0.002" /><testcase classname="tests.test_investigation_quality" name="test_investigation_quality_gates[06_sysmon-/app/backend/tests/golden_corpus/06_sysmon.txt]" time="0.001" /><testcase classname="tests.test_ps_semantic_v2" name="test_analyze_verdict_malicious_for_c2_stager" time="0.001" /><testcase classname="tests.test_investigation_quality" name="test_investigation_quality_gates[07_qradar-/app/backend/tests/golden_corpus/07_qradar.txt]" time="0.002" /><testcase classname="tests.test_ps_semantic_v2" name="test_analyze_decode_timeline_explains_every_step" time="0.001" /><testcase classname="tests.test_ps_semantic_v2" name="test_analyze_no_ps_command_returns_empty" time="0.000" /><testcase classname="tests.test_investigation_quality" name="test_investigation_quality_gates[08_splunk-/app/backend/tests/golden_corpus/08_splunk.txt]" time="0.001" /><testcase classname="tests.test_ps_semantic_v2" name="test_backward_compat_legacy_fields_untouched" time="0.001" /><testcase classname="tests.test_investigation_quality" name="test_investigation_quality_gates[09_generic_json-/app/backend/tests/golden_corpus/09_generic_json.txt]" time="0.001" /><testcase classname="tests.test_ps_decode_error_contract" name="test_corrupted_blob_returns_decode_error_not_garbage" time="0.003" /><testcase classname="tests.test_investigation_quality" name="test_process_chain_no_self_spawn[01_cisco_xdr-/app/backend/tests/golden_corpus/01_cisco_xdr.txt]" time="0.001" /><testcase classname="tests.test_investigation_quality" name="test_process_chain_no_self_spawn[02_cisco_secure_endpoint-/app/backend/tests/golden_corpus/02_cisco_secure_endpoint.txt]" time="0.001" /><testcase classname="tests.test_ps_decode_error_contract" name="test_corrupted_blob_halts_semantic_pipeline" time="0.002" /><testcase classname="tests.test_investigation_quality" name="test_process_chain_no_self_spawn[03_crowdstrike_falcon-/app/backend/tests/golden_corpus/03_crowdstrike_falcon.txt]" time="0.001" /><testcase classname="tests.test_investigation_quality" name="test_process_chain_no_self_spawn[04_microsoft_defender-/app/backend/tests/golden_corpus/04_microsoft_defender.txt]" time="0.001" /><testcase classname="tests.test_ps_decode_error_contract" name="test_decode_error_timeline_records_every_attempt" time="0.002" /><testcase classname="tests.test_investigation_quality" name="test_process_chain_no_self_spawn[05_sentinelone-/app/backend/tests/golden_corpus/05_sentinelone.txt]" time="0.001" /><testcase classname="tests.test_ps_decode_error_contract" name="test_decode_error_lists_all_possible_causes" time="0.002" /><testcase classname="tests.test_investigation_quality" name="test_process_chain_no_self_spawn[06_sysmon-/app/backend/tests/golden_corpus/06_sysmon.txt]" time="0.001" /><testcase classname="tests.test_investigation_quality" name="test_process_chain_no_self_spawn[07_qradar-/app/backend/tests/golden_corpus/07_qradar.txt]" time="0.001" /><testcase classname="tests.test_investigation_quality" name="test_process_chain_no_self_spawn[08_splunk-/app/backend/tests/golden_corpus/08_splunk.txt]" time="0.001" /><testcase classname="tests.test_ps_decode_error_contract" name="test_decode_error_hex_preview_is_hex_not_text" time="0.002" /><testcase classname="tests.test_investigation_quality" name="test_process_chain_no_self_spawn[09_generic_json-/app/backend/tests/golden_corpus/09_generic_json.txt]" time="0.001" /><testcase classname="tests.test_investigation_quality" name="test_ioc_reference_split_populated[01_cisco_xdr-/app/backend/tests/golden_corpus/01_cisco_xdr.txt]" time="0.001" /><testcase classname="tests.test_ps_decode_error_contract" name="test_valid_encodedcommand_still_recovers_and_scores" time="0.001" /><testcase classname="tests.test_ps_decode_error_contract" name="test_recovery_module_rejects_latin1_garbage" time="0.000" /><testcase classname="tests.test_investigation_quality" name="test_ioc_reference_split_populated[02_cisco_secure_endpoint-/app/backend/tests/golden_corpus/02_cisco_secure_endpoint.txt]" time="0.001" /><testcase classname="tests.test_ps_decode_error_contract" name="test_recovery_module_accepts_clean_utf16le" time="0.000" /><testcase classname="tests.test_ps_decode_error_contract" name="test_recovery_module_recovers_gzip_wrapped_payload" time="0.000" /><testcase classname="tests.test_investigation_quality" name="test_ioc_reference_split_populated[03_crowdstrike_falcon-/app/backend/tests/golden_corpus/03_crowdstrike_falcon.txt]" time="0.001" /><testcase classname="tests.test_ps_encodedcommand_xor_guard" name="test_xor_brute_refuses_utf16le_powershell_payload" time="0.000" /><testcase classname="tests.test_ps_encodedcommand_xor_guard" name="test_utf16_decoder_wins_the_race_and_recovers_the_command" time="0.002" /><testcase classname="tests.test_investigation_quality" name="test_ioc_reference_split_populated[04_microsoft_defender-/app/backend/tests/golden_corpus/04_microsoft_defender.txt]" time="0.001" /><testcase classname="tests.test_investigation_quality" name="test_ioc_reference_split_populated[05_sentinelone-/app/backend/tests/golden_corpus/05_sentinelone.txt]" time="0.001" /><testcase classname="tests.test_investigation_quality" name="test_ioc_reference_split_populated[06_sysmon-/app/backend/tests/golden_corpus/06_sysmon.txt]" time="0.001" /><testcase classname="tests.test_investigation_quality" name="test_ioc_reference_split_populated[07_qradar-/app/backend/tests/golden_corpus/07_qradar.txt]" time="0.001" /><testcase classname="tests.test_investigation_quality" name="test_ioc_reference_split_populated[08_splunk-/app/backend/tests/golden_corpus/08_splunk.txt]" time="0.001" /><testcase classname="tests.test_investigation_quality" name="test_ioc_reference_split_populated[09_generic_json-/app/backend/tests/golden_corpus/09_generic_json.txt]" time="0.001" /><testcase classname="tests.test_investigation_quality" name="test_cross_source_key_parity" time="0.006" /></testsuite></testsuites>