<?xml version="1.0" encoding="utf-8"?><testsuites name="pytest tests"><testsuite name="pytest" errors="0" failures="0" skipped="0" tests="17" time="4.542" timestamp="2026-09-18T14:21:01.527372+00:00" hostname="agent-env-630704a1-621f-478b-9b86-a321772d01bf"><testcase classname="tests.test_e2e_xdr_rbac_effective" name="test_effective_unauth_is_403" time="0.403" /><testcase classname="tests.test_e2e_xdr_rbac_effective" name="test_effective_admin_cross_tenant" time="0.614" /><testcase classname="tests.test_e2e_xdr_rbac_effective" name="test_effective_analyst_tenant_scoped" time="0.522" /><testcase classname="tests.test_e2e_xdr_rbac_effective" name="test_rbac_admin_200[/api/xdr/rbac/permissions]" time="0.158" /><testcase classname="tests.test_e2e_xdr_rbac_effective" name="test_rbac_admin_200[/api/xdr/rbac/roles]" time="0.182" /><testcase classname="tests.test_e2e_xdr_rbac_effective" name="test_rbac_admin_200[/api/xdr/rbac/users]" time="0.151" /><testcase classname="tests.test_e2e_xdr_rbac_effective" name="test_rbac_admin_200[/api/xdr/rbac/groups]" time="0.160" /><testcase classname="tests.test_e2e_xdr_rbac_effective" name="test_rbac_admin_200[/api/xdr/rbac/session-context]" time="0.146" /><testcase classname="tests.test_e2e_xdr_rbac_effective" name="test_control_plane_anon_403[/api/xdr/collectors]" time="0.141" /><testcase classname="tests.test_e2e_xdr_rbac_effective" name="test_control_plane_anon_403[/api/xdr/secrets]" time="0.215" /><testcase classname="tests.test_e2e_xdr_rbac_effective" name="test_control_plane_anon_403[/api/xdr/api-keys]" time="0.139" /><testcase classname="tests.test_e2e_xdr_rbac_effective" name="test_control_plane_anon_403[/api/xdr/rule-studio/rules]" time="0.142" /><testcase classname="tests.test_e2e_xdr_rbac_effective" name="test_control_plane_header_spoof_403[/api/xdr/collectors]" time="0.161" /><testcase classname="tests.test_e2e_xdr_rbac_effective" name="test_control_plane_header_spoof_403[/api/xdr/secrets]" time="0.231" /><testcase classname="tests.test_e2e_xdr_rbac_effective" name="test_control_plane_header_spoof_403[/api/xdr/api-keys]" time="0.121" /><testcase classname="tests.test_e2e_xdr_rbac_effective" name="test_control_plane_header_spoof_403[/api/xdr/rule-studio/rules]" time="0.173" /><testcase classname="tests.test_e2e_xdr_rbac_effective" name="test_analyst_cannot_list_api_keys" time="0.160" /></testsuite></testsuites>