<?xml version="1.0" encoding="utf-8"?><testsuites name="pytest tests"><testsuite name="pytest" errors="0" failures="0" skipped="0" tests="54" time="161.668" timestamp="2026-09-09T06:50:06.309448+00:00" hostname="agent-env-630704a1-621f-478b-9b86-a321772d01bf"><testcase classname="tests.test_p0sec_rbac_fail_closed" name="test_anonymous_get_is_rejected[/api/xdr/collectors]" time="0.004" /><testcase classname="tests.test_p0sec_rbac_fail_closed" name="test_anonymous_get_is_rejected[/api/xdr/secrets]" time="0.003" /><testcase classname="tests.test_p0sec_rbac_fail_closed" name="test_anonymous_get_is_rejected[/api/xdr/api-keys]" time="0.003" /><testcase classname="tests.test_p0sec_rbac_fail_closed" name="test_anonymous_get_is_rejected[/api/xdr/rule-studio/rules]" time="0.002" /><testcase classname="tests.test_p0sec_rbac_fail_closed" name="test_anonymous_get_with_spoofed_tenant_header_is_rejected[default-/api/xdr/collectors]" time="0.003" /><testcase classname="tests.test_p0sec_rbac_fail_closed" name="test_anonymous_get_with_spoofed_tenant_header_is_rejected[default-/api/xdr/secrets]" time="0.003" /><testcase classname="tests.test_p0sec_rbac_fail_closed" name="test_anonymous_get_with_spoofed_tenant_header_is_rejected[default-/api/xdr/api-keys]" time="0.002" /><testcase classname="tests.test_p0sec_rbac_fail_closed" name="test_anonymous_get_with_spoofed_tenant_header_is_rejected[default-/api/xdr/rule-studio/rules]" time="0.003" /><testcase classname="tests.test_p0sec_rbac_fail_closed" name="test_anonymous_get_with_spoofed_tenant_header_is_rejected[attacker-/api/xdr/collectors]" time="0.003" /><testcase classname="tests.test_p0sec_rbac_fail_closed" name="test_anonymous_get_with_spoofed_tenant_header_is_rejected[attacker-/api/xdr/secrets]" time="0.026" /><testcase classname="tests.test_p0sec_rbac_fail_closed" name="test_anonymous_get_with_spoofed_tenant_header_is_rejected[attacker-/api/xdr/api-keys]" time="0.002" /><testcase classname="tests.test_p0sec_rbac_fail_closed" name="test_anonymous_get_with_spoofed_tenant_header_is_rejected[attacker-/api/xdr/rule-studio/rules]" time="0.003" /><testcase classname="tests.test_p0sec_rbac_fail_closed" name="test_anonymous_get_with_spoofed_tenant_header_is_rejected[-/api/xdr/collectors]" time="0.002" /><testcase classname="tests.test_p0sec_rbac_fail_closed" name="test_anonymous_get_with_spoofed_tenant_header_is_rejected[-/api/xdr/secrets]" time="0.003" /><testcase classname="tests.test_p0sec_rbac_fail_closed" name="test_anonymous_get_with_spoofed_tenant_header_is_rejected[-/api/xdr/api-keys]" time="0.002" /><testcase classname="tests.test_p0sec_rbac_fail_closed" name="test_anonymous_get_with_spoofed_tenant_header_is_rejected[-/api/xdr/rule-studio/rules]" time="0.003" /><testcase classname="tests.test_p0sec_rbac_fail_closed" name="test_anonymous_telemetry_post_is_rejected_before_body_validation" time="0.003" /><testcase classname="tests.test_p0sec_rbac_fail_closed" name="test_anonymous_telemetry_post_with_wellformed_body_is_rejected" time="0.003" /><testcase classname="tests.test_p0sec_rbac_fail_closed" name="test_invalid_bearer_token_is_rejected" time="0.007" /><testcase classname="tests.test_p0sec_rbac_fail_closed" name="test_authenticated_admin_still_authorized" time="149.216" /><testcase classname="tests.test_collector_api_key_auth" name="test_only_sha256_digests_are_persisted" time="2.296" /><testcase classname="tests.test_collector_api_key_auth" name="test_no_plaintext_comparison_path_in_rbac_source" time="0.001" /><testcase classname="tests.test_collector_api_key_auth" name="test_valid_key_authorizes_read" time="0.062" /><testcase classname="tests.test_collector_api_key_auth" name="test_valid_key_reaches_ingest_handler" time="0.012" /><testcase classname="tests.test_collector_api_key_auth" name="test_wildcard_scope_is_honoured" time="0.011" /><testcase classname="tests.test_collector_api_key_auth" name="test_global_wildcard_scope_is_honoured" time="0.012" /><testcase classname="tests.test_collector_api_key_auth" name="test_last_used_is_stamped" time="0.010" /><testcase classname="tests.test_collector_api_key_auth" name="test_missing_credential_is_rejected" time="0.002" /><testcase classname="tests.test_collector_api_key_auth" name="test_malformed_key_is_rejected[]" time="0.009" /><testcase classname="tests.test_collector_api_key_auth" name="test_malformed_key_is_rejected[not-a-key]" time="0.007" /><testcase classname="tests.test_collector_api_key_auth" name="test_malformed_key_is_rejected[nvx_]" time="0.005" /><testcase classname="tests.test_collector_api_key_auth" name="test_malformed_key_is_rejected[nvx_short]" time="0.020" /><testcase classname="tests.test_collector_api_key_auth" name="test_malformed_key_is_rejected[NVX_aaaaaaaaaaaaaaaaaaaaaaaaaaaaaaaaaaaaaaaaaaaaaaaa]" time="0.056" /><testcase classname="tests.test_collector_api_key_auth" name="test_malformed_key_is_rejected[nvx_AAAAAAAAAAAAAAAAAAAAAAAAAAAAAAAAAAAAAAAAAAAAAAAA]" time="0.004" /><testcase classname="tests.test_collector_api_key_auth" name="test_malformed_key_is_rejected[nvx_zzzzzzzzzzzzzzzzzzzzzzzzzzzzzzzzzzzzzzzzzzzzzzzz]" time="0.004" /><testcase classname="tests.test_collector_api_key_auth" name="test_malformed_key_is_rejected[nvx_aaaaaaaaaaaaaaaaaaaaaaaaaaaaaaaaaaaaaaaaaaaaaaa]" time="0.004" /><testcase classname="tests.test_collector_api_key_auth" name="test_malformed_key_is_rejected[nvx_aaaaaaaaaaaaaaaaaaaaaaaaaaaaaaaaaaaaaaaaaaaaaaaaa]" time="0.004" /><testcase classname="tests.test_collector_api_key_auth" name="test_malformed_key_is_rejected[bearer nvx_aaaaaaaaaaaaaaaaaaaaaaaaaaaaaaaaaaaaaaaaaaaaaaaa]" time="0.008" /><testcase classname="tests.test_collector_api_key_auth" name="test_unknown_key_is_rejected" time="0.068" /><testcase classname="tests.test_collector_api_key_auth" name="test_missing_tenant_header_is_rejected" time="0.016" /><testcase classname="tests.test_collector_api_key_auth" name="test_revoked_key_is_rejected" time="0.012" /><testcase classname="tests.test_collector_api_key_auth" name="test_disabled_key_is_rejected" time="0.013" /><testcase classname="tests.test_collector_api_key_auth" name="test_expired_key_is_rejected" time="0.014" /><testcase classname="tests.test_collector_api_key_auth" name="test_unexpired_key_is_accepted" time="0.047" /><testcase classname="tests.test_collector_api_key_auth" name="test_malformed_expiry_never_means_never_expires" time="0.010" /><testcase classname="tests.test_collector_api_key_auth" name="test_wrong_tenant_header_is_rejected" time="0.026" /><testcase classname="tests.test_collector_api_key_auth" name="test_scope_not_granted_is_rejected" time="0.013" /><testcase classname="tests.test_collector_api_key_auth" name="test_empty_scope_is_rejected" time="0.041" /><testcase classname="tests.test_collector_api_key_auth" name="test_scope_gate_blocks_ingest_without_enroll" time="0.008" /><testcase classname="tests.test_collector_api_key_auth" name="test_invalid_jwt_does_not_fall_through_to_key_auth" time="0.003" /><testcase classname="tests.test_collector_api_key_auth" name="test_both_credentials_present_is_rejected" time="0.243" /><testcase classname="tests.test_collector_api_key_auth" name="test_api_key_cannot_impersonate_a_user_principal" time="0.008" /><testcase classname="tests.test_collector_api_key_auth" name="test_jwt_admin_path_still_works" time="152.276" /><testcase classname="tests.test_p0sec_rbac_fail_closed" name="test_bootstrap_bypass_pattern_is_absent_from_source" time="0.001" /></testsuite></testsuites>