<?xml version="1.0" encoding="utf-8"?><testsuites name="pytest tests"><testsuite name="pytest" errors="0" failures="0" skipped="0" tests="5" time="24.599" timestamp="2026-07-15T05:06:12.406725+00:00" hostname="agent-env-630704a1-621f-478b-9b86-a321772d01bf"><testcase classname="tests.test_kb_auto_cluster.TestKbAutoCluster" name="test_save_as_kb_template_from_chain" time="1.289" /><testcase classname="tests.test_kb_auto_cluster.TestKbAutoCluster" name="test_save_as_template_invalid_id" time="0.100" /><testcase classname="tests.test_kb_auto_cluster.TestKbAutoCluster" name="test_auto_cluster_hook_bumps_last_seen" time="3.162" /><testcase classname="tests.test_kb_auto_cluster.TestKbAutoCluster" name="test_chain_and_single_share_fingerprint_when_semantics_match" time="1.802" /><testcase classname="tests.test_kb_auto_cluster.TestKbAutoCluster" name="test_save_as_template_with_synth_true_returns_playbook_or_fallback" time="17.891" /></testsuite></testsuites>