<?xml version="1.0" encoding="utf-8"?><testsuites name="pytest tests"><testsuite name="pytest" errors="0" failures="0" skipped="0" tests="3" time="82.509" timestamp="2026-08-10T14:43:16.410101+00:00" hostname="agent-env-630704a1-621f-478b-9b86-a321772d01bf"><testcase classname="tests.test_narrative_enrichment.TestInvestigationResults" name="test_investigation_results_shape" time="81.990" /><testcase classname="tests.test_narrative_enrichment.TestSavedCase" name="test_saved_case_narrative" time="0.147" /><testcase classname="tests.test_narrative_enrichment.TestSample1Regression" name="test_sample1_not_modified" time="0.276" /></testsuite></testsuites>