<?xml version="1.0" encoding="utf-8"?><testsuites name="pytest tests"><testsuite name="pytest" errors="0" failures="0" skipped="0" tests="4" time="8.189" timestamp="2026-08-01T03:55:44.518251+00:00" hostname="agent-env-630704a1-621f-478b-9b86-a321772d01bf"><testcase classname="tests.test_osint_live_endpoints" name="test_decode_smart_returns_osint_bundle" time="3.475" /><testcase classname="tests.test_osint_live_endpoints" name="test_decode_smart_ioc_nodes_have_provider_cards" time="1.863" /><testcase classname="tests.test_osint_live_endpoints" name="test_auto_investigate_parity_enrichment" time="1.060" /><testcase classname="tests.test_osint_live_endpoints" name="test_no_500_on_default_key_state" time="1.730" /></testsuite></testsuites>