<?xml version="1.0" encoding="utf-8"?><testsuites name="pytest tests"><testsuite name="pytest" errors="0" failures="0" skipped="0" tests="8" time="0.790" timestamp="2026-08-01T03:51:40.647738+00:00" hostname="agent-env-630704a1-621f-478b-9b86-a321772d01bf"><testcase classname="tests.parity.test_osint_parity_workspace_vs_xlab" name="test_osint_bundle_reuses_workspace_shared_services" time="0.315" /><testcase classname="tests.parity.test_osint_parity_workspace_vs_xlab" name="test_no_forked_http_client" time="0.001" /><testcase classname="tests.parity.test_osint_parity_workspace_vs_xlab" name="test_every_ioc_node_gets_eleven_field_cards" time="0.002" /><testcase classname="tests.parity.test_osint_parity_workspace_vs_xlab" name="test_ip_has_virustotal_and_abuseipdb_hit_state" time="0.002" /><testcase classname="tests.parity.test_osint_parity_workspace_vs_xlab" name="test_live_provider_failure_does_not_crash" time="0.002" /><testcase classname="tests.parity.test_osint_parity_workspace_vs_xlab" name="test_missing_api_keys_yields_no_key_state" time="0.002" /><testcase classname="tests.parity.test_osint_parity_workspace_vs_xlab" name="test_cache_prevents_second_provider_call" time="0.003" /><testcase classname="tests.parity.test_osint_parity_workspace_vs_xlab" name="test_no_iocs_returns_empty_bundle" time="0.001" /></testsuite></testsuites>