<?xml version="1.0" encoding="utf-8"?><testsuites name="pytest tests"><testsuite name="pytest" errors="0" failures="0" skipped="0" tests="4" time="5.795" timestamp="2026-07-20T02:26:42.171535+00:00" hostname="agent-env-630704a1-621f-478b-9b86-a321772d01bf"><testcase classname="tests.test_p01_p02_verdict_card" name="test_verdict_card_malicious_ps" time="1.492" /><testcase classname="tests.test_p01_p02_verdict_card" name="test_verdict_card_empty" time="0.143" /><testcase classname="tests.test_p01_p02_verdict_card" name="test_verdict_card_benign_plain" time="3.640" /><testcase classname="tests.test_p01_p02_verdict_card" name="test_recipe_run_ps_hex_escape" time="0.159" /></testsuite></testsuites>