<?xml version="1.0" encoding="utf-8"?><testsuites name="pytest tests"><testsuite name="pytest" errors="0" failures="0" skipped="0" tests="9" time="59.456" timestamp="2026-07-24T12:17:38.652760+00:00" hostname="agent-env-630704a1-621f-478b-9b86-a321772d01bf"><testcase classname="tests.test_p0_async_investigate.TestAsyncJobs" name="test_post_job_returns_fast" time="49.773" /><testcase classname="tests.test_p0_async_investigate.TestAsyncJobs" name="test_get_job_polling" time="0.218" /><testcase classname="tests.test_p0_async_investigate.TestWebSocket" name="test_ws_rejects_missing_token" time="0.194" /><testcase classname="tests.test_p0_async_investigate.TestWebSocket" name="test_ws_streams_events_and_replay" time="7.711" /><testcase classname="tests.test_p0_async_investigate.TestDecodedArtifactCache" name="test_cache_hit_on_second_run" time="0.657" /><testcase classname="tests.test_p0_async_investigate.TestDecodedArtifactCache" name="test_artifact_get_and_list" time="0.322" /><testcase classname="tests.test_p0_async_investigate.TestRecursiveDecode" name="test_chain_and_stats_present" time="0.196" /><testcase classname="tests.test_p0_async_investigate.TestSyncAndFallback" name="test_sync_endpoint_backward_compat" time="0.136" /><testcase classname="tests.test_p0_async_investigate.TestSyncAndFallback" name="test_raw_base64_fallback_command" time="0.150" /></testsuite></testsuites>