<?xml version="1.0" encoding="utf-8"?><testsuites name="pytest tests"><testsuite name="pytest" errors="0" failures="0" skipped="0" tests="9" time="0.998" timestamp="2026-09-06T16:16:48.551921+00:00" hostname="agent-env-630704a1-621f-478b-9b86-a321772d01bf"><testcase classname="tests.edr.test_p0_f7_campaign_story" name="test_story_projects_the_chain_without_recomputing_it" time="0.015" /><testcase classname="tests.edr.test_p0_f7_campaign_story" name="test_missing_raw_evidence_becomes_a_gap_not_a_silent_row" time="0.010" /><testcase classname="tests.edr.test_p0_f7_campaign_story" name="test_a_failed_parser_is_reported_as_parser_failed" time="0.010" /><testcase classname="tests.edr.test_p0_f7_campaign_story" name="test_missing_canonical_identity_is_named_not_invented" time="0.009" /><testcase classname="tests.edr.test_p0_f7_campaign_story" name="test_responses_are_correlated_by_window_and_say_so" time="0.012" /><testcase classname="tests.edr.test_p0_f7_campaign_story" name="test_no_response_reads_as_an_absence_of_action_not_of_risk" time="0.009" /><testcase classname="tests.edr.test_p0_f7_campaign_story" name="test_process_exit_is_never_claimed_anywhere" time="0.011" /><testcase classname="tests.edr.test_p0_f7_campaign_story" name="test_a_non_endpoint_incident_gets_no_invented_story" time="0.008" /><testcase classname="tests.edr.test_p0_f7_campaign_story" name="test_the_story_is_tenant_scoped" time="0.008" /></testsuite></testsuites>