<?xml version="1.0" encoding="utf-8"?><testsuites name="pytest tests"><testsuite name="pytest" errors="0" failures="1" skipped="0" tests="14" time="2.777" timestamp="2026-09-06T16:20:07.607414+00:00" hostname="agent-env-630704a1-621f-478b-9b86-a321772d01bf"><testcase classname="tests.edr.test_p0_f7_live_api" name="test_read_model_flag_and_sources" time="0.768" /><testcase classname="tests.edr.test_p0_f7_live_api" name="test_incident_and_campaign_facts" time="0.000" /><testcase classname="tests.edr.test_p0_f7_live_api" name="test_fifteen_activities" time="0.000" /><testcase classname="tests.edr.test_p0_f7_live_api" name="test_reasoning_iue_ice_veee" time="0.000" /><testcase classname="tests.edr.test_p0_f7_live_api" name="test_pivots_and_narrative_present" time="0.000" /><testcase classname="tests.edr.test_p0_f7_live_api" name="test_auth_required" time="0.119" /><testcase classname="tests.edr.test_p0_f7_live_api" name="test_projection_matches_mongo_and_writes_nothing" time="1.035" /><testcase classname="tests.edr.test_p0_f7_live_api" name="test_provenance_chain_resolves" time="0.030" /><testcase classname="tests.edr.test_p0_f7_live_api" name="test_response_honesty" time="0.005" /><testcase classname="tests.edr.test_p0_f7_live_api" name="test_evidence_states_use_the_six_state_vocab" time="0.000" /><testcase classname="tests.edr.test_p0_f7_live_api" name="test_404_for_bogus_incident" time="0.116" /><testcase classname="tests.edr.test_p0_f7_live_api" name="test_404_for_non_endpoint_incident" time="0.118"><failure message="AssertionError: assert 'INCIDENT_NOT_FOUND' == 'NOT_AN_ENDPOINT_CAMPAIGN'&#10;  &#10;  - NOT_AN_ENDPOINT_CAMPAIGN&#10;  + INCIDENT_NOT_FOUND">tests/edr/test_p0_f7_live_api.py:255: in test_404_for_non_endpoint_incident
    assert detail.get("error") == "NOT_AN_ENDPOINT_CAMPAIGN"
E   AssertionError: assert 'INCIDENT_NOT_FOUND' == 'NOT_AN_ENDPOINT_CAMPAIGN'
E     
E     - NOT_AN_ENDPOINT_CAMPAIGN
E     + INCIDENT_NOT_FOUND</failure></testcase><testcase classname="tests.edr.test_p0_f7_live_api" name="test_regression_process_tree_endpoint" time="0.312" /><testcase classname="tests.edr.test_p0_f7_live_api" name="test_regression_edr_response_endpoint" time="0.134" /></testsuite></testsuites>