<?xml version="1.0" encoding="utf-8"?><testsuites name="pytest tests"><testsuite name="pytest" errors="0" failures="0" skipped="0" tests="14" time="0.977" timestamp="2026-09-06T15:45:05.046026+00:00" hostname="agent-env-630704a1-621f-478b-9b86-a321772d01bf"><testcase classname="tests.edr.test_p0_f10_isolation" name="test_default_policy_is_labelled_as_unreviewed_and_release_is_manual" time="0.008" /><testcase classname="tests.edr.test_p0_f10_isolation" name="test_policy_is_versioned_and_requires_a_verification_target" time="0.006" /><testcase classname="tests.edr.test_p0_f10_isolation" name="test_containment_has_an_explicit_authorized_step_with_policy" time="0.006" /><testcase classname="tests.edr.test_p0_f10_isolation" name="test_a_kill_keeps_its_proven_two_step_start" time="0.006" /><testcase classname="tests.edr.test_p0_f10_isolation" name="test_isolation_verified_only_when_both_proofs_hold" time="0.007" /><testcase classname="tests.edr.test_p0_f10_isolation" name="test_a_rule_alone_is_not_containment" time="0.008" /><testcase classname="tests.edr.test_p0_f10_isolation" name="test_losing_the_control_channel_is_a_failure_not_a_success" time="0.007" /><testcase classname="tests.edr.test_p0_f10_isolation" name="test_a_single_sided_probe_cannot_verify_containment" time="0.015" /><testcase classname="tests.edr.test_p0_f10_isolation" name="test_release_requires_rules_gone_and_traffic_restored" time="0.012" /><testcase classname="tests.edr.test_p0_f10_isolation" name="test_no_auto_release_by_default_and_a_timeout_raises_a_command" time="0.011" /><testcase classname="tests.edr.test_p0_f10_isolation" name="test_sensor_names_the_exact_missing_privilege" time="0.005" /><testcase classname="tests.edr.test_p0_f10_isolation" name="test_sensor_refuses_to_isolate_if_it_cannot_resolve_its_control_channel" time="0.021" /><testcase classname="tests.edr.test_p0_f10_isolation" name="test_the_control_channel_is_always_in_the_applied_allow_list" time="0.001" /><testcase classname="tests.edr.test_p0_f10_isolation" name="test_nft_ruleset_is_default_deny_on_all_three_hooks" time="0.001" /></testsuite></testsuites>