<?xml version="1.0" encoding="utf-8"?><testsuites name="pytest tests"><testsuite name="pytest" errors="0" failures="0" skipped="0" tests="7" time="2.576" timestamp="2026-09-06T15:45:41.013365+00:00" hostname="agent-env-630704a1-621f-478b-9b86-a321772d01bf"><testcase classname="tests.edr.test_p0_f10_live_api" name="test_policy_get_requires_auth" time="0.307" /><testcase classname="tests.edr.test_p0_f10_live_api" name="test_policy_put_requires_auth" time="0.199" /><testcase classname="tests.edr.test_p0_f10_live_api" name="test_policy_read_shape" time="0.476" /><testcase classname="tests.edr.test_p0_f10_live_api" name="test_policy_write_bumps_version_and_flips_source" time="0.422" /><testcase classname="tests.edr.test_p0_f10_live_api" name="test_policy_write_rejects_missing_verification_target" time="0.155" /><testcase classname="tests.edr.test_p0_f10_live_api" name="test_isolate_action_carries_authorized_step" time="0.260" /><testcase classname="tests.edr.test_p0_f10_live_api" name="test_kill_action_still_two_step_no_authorisation" time="0.138" /></testsuite></testsuites>