<?xml version="1.0" encoding="utf-8"?><testsuites name="pytest tests"><testsuite name="pytest" errors="0" failures="1" skipped="0" tests="6" time="24.764" timestamp="2026-08-01T04:42:54.767567+00:00" hostname="agent-env-630704a1-621f-478b-9b86-a321772d01bf"><testcase classname="tests.test_p1_02b_verdict_engine.TestSmartDecodeVerdict" name="test_powershell_encoded_becomes_malicious" time="3.645" /><testcase classname="tests.test_p1_02b_verdict_engine.TestSmartDecodeVerdict" name="test_osint_metadata_populated" time="2.251" /><testcase classname="tests.test_p1_02b_verdict_engine.TestSmartDecodeVerdict" name="test_benign_input_undetermined_or_informational" time="0.197"><failure message="AssertionError: expected benign, got Malicious&#10;assert 'Malicious' in ('Undetermined', 'Informational')">tests/test_p1_02b_verdict_engine.py:125: in test_benign_input_undetermined_or_informational
    assert label in ("Undetermined", "Informational"), f"expected benign, got {label}"
E   AssertionError: expected benign, got Malicious
E   assert 'Malicious' in ('Undetermined', 'Informational')</failure></testcase><testcase classname="tests.test_p1_02b_verdict_engine.TestAutoInvestigateParity" name="test_workspace_xlab_verdict_parity" time="2.629" /><testcase classname="tests.test_p1_02b_verdict_engine.TestContributorSchema" name="test_all_contributors_have_required_fields" time="1.854" /><testcase classname="tests.test_p1_02b_verdict_engine.TestRecipeEscalation" name="test_custom_recipe_triggers_malicious" time="14.091" /></testsuite></testsuites>