<?xml version="1.0" encoding="utf-8"?><testsuites name="pytest tests"><testsuite name="pytest" errors="0" failures="0" skipped="1" tests="10" time="12.878" timestamp="2026-09-02T04:53:17.754124+00:00" hostname="agent-env-630704a1-621f-478b-9b86-a321772d01bf"><testcase classname="tests.live.test_phase2_final_gate_live.TestNarrationProviders" name="test_providers_support_cross_lane_story" time="0.763" /><testcase classname="tests.live.test_phase2_final_gate_live.TestCrossLaneStory" name="test_cross_lane_story_grounded" time="6.323" /><testcase classname="tests.live.test_phase2_final_gate_live.TestCrossLaneStory" name="test_no_fabricated_techniques" time="4.762" /><testcase classname="tests.live.test_phase2_final_gate_live.TestCrossLaneStory" name="test_honest_coverage_gap_for_zero_canonical_events" time="0.077"><skipped type="pytest.skip" message="incident list unavailable: 404">/app/backend/tests/live/test_phase2_final_gate_live.py:124: incident list unavailable: 404</skipped></testcase><testcase classname="tests.live.test_phase2_final_gate_live.TestCrossLaneStory" name="test_missing_incident_404" time="0.082" /><testcase classname="tests.live.test_phase2_final_gate_live.TestVerdictInputs" name="test_cross_lane_persistence_and_shape" time="0.098" /><testcase classname="tests.live.test_phase2_final_gate_live.TestVerdictInputs" name="test_idempotency_three_calls" time="0.244" /><testcase classname="tests.live.test_phase2_final_gate_live.TestVerdictInputs" name="test_endpoint_only_yields_nothing" time="0.076" /><testcase classname="tests.live.test_phase2_final_gate_live.TestVerdictInputs" name="test_no_incident_id_still_works_without_persistence" time="0.079" /><testcase classname="tests.live.test_phase2_final_gate_live.TestVerdictInputs" name="test_requires_auth" time="0.273" /></testsuite></testsuites>