<?xml version="1.0" encoding="utf-8"?><testsuites name="pytest tests"><testsuite name="pytest" errors="0" failures="0" skipped="0" tests="98" time="0.897" timestamp="2026-09-02T04:51:39.988331+00:00" hostname="agent-env-630704a1-621f-478b-9b86-a321772d01bf"><testcase classname="tests.test_narration_gateway_phase15" name="test_cloud_credit_exhaustion_falls_to_offline[executive_summary]" time="0.001" /><testcase classname="tests.test_telemetry_adapters" name="test_registry_lists_three_adapters_by_default" time="0.000" /><testcase classname="tests.test_telemetry_adapters" name="test_registry_rejects_duplicate_registration" time="0.000" /><testcase classname="tests.test_narration_gateway_phase15" name="test_cloud_credit_exhaustion_falls_to_offline[attack_story]" time="0.001" /><testcase classname="tests.test_telemetry_adapters" name="test_okta_adapter_normalises_sign_in" time="0.001" /><testcase classname="tests.test_telemetry_adapters" name="test_okta_adapter_passes_unknown_event_type_through_honestly" time="0.001" /><testcase classname="tests.test_telemetry_adapters" name="test_entra_adapter_maps_status_and_risk" time="0.001" /><testcase classname="tests.test_narration_gateway_phase15" name="test_cloud_credit_exhaustion_falls_to_offline[r46_overlay_summary]" time="0.001" /><testcase classname="tests.test_narration_gateway_phase15" name="test_cloud_credit_exhaustion_falls_to_offline[r48_report_narration]" time="0.001" /><testcase classname="tests.test_telemetry_adapters" name="test_aws_cloudtrail_maps_assume_role_and_error" time="0.001" /><testcase classname="tests.test_telemetry_adapters" name="test_canonical_event_has_no_vendor_specific_keys[adapter0-OktaSystemLogAdapter]" time="0.001" /><testcase classname="tests.test_telemetry_adapters" name="test_canonical_event_has_no_vendor_specific_keys[adapter1-EntraSignInLogAdapter]" time="0.001" /><testcase classname="tests.test_narration_gateway_phase15" name="test_cloud_timeout_offline_unavailable_falls_to_deterministic[executive_summary]" time="0.001" /><testcase classname="tests.test_narration_gateway_phase15" name="test_cloud_timeout_offline_unavailable_falls_to_deterministic[attack_story]" time="0.001" /><testcase classname="tests.test_narration_gateway_phase15" name="test_cloud_timeout_offline_unavailable_falls_to_deterministic[r46_overlay_summary]" time="0.001" /><testcase classname="tests.test_telemetry_adapters" name="test_canonical_event_has_no_vendor_specific_keys[adapter2-AwsCloudTrailAdapter]" time="0.001" /><testcase classname="tests.test_telemetry_adapters" name="test_adapter_capability_is_declared_honestly[adapter0]" time="0.000" /><testcase classname="tests.test_telemetry_adapters" name="test_adapter_capability_is_declared_honestly[adapter1]" time="0.000" /><testcase classname="tests.test_telemetry_adapters" name="test_adapter_capability_is_declared_honestly[adapter2]" time="0.000" /><testcase classname="tests.test_narration_gateway_phase15" name="test_cloud_timeout_offline_unavailable_falls_to_deterministic[r48_report_narration]" time="0.001" /><testcase classname="tests.test_narration_gateway_phase15" name="test_cloud_malformed_response_falls_through[executive_summary]" time="0.001" /><testcase classname="tests.test_telemetry_adapters" name="test_every_event_carries_provenance[adapter0]" time="0.001" /><testcase classname="tests.test_narration_gateway_phase15" name="test_cloud_malformed_response_falls_through[attack_story]" time="0.001" /><testcase classname="tests.test_telemetry_adapters" name="test_every_event_carries_provenance[adapter1]" time="0.001" /><testcase classname="tests.test_narration_gateway_phase15" name="test_cloud_malformed_response_falls_through[r46_overlay_summary]" time="0.001" /><testcase classname="tests.test_narration_gateway_phase15" name="test_cloud_malformed_response_falls_through[r48_report_narration]" time="0.001" /><testcase classname="tests.test_telemetry_adapters" name="test_every_event_carries_provenance[adapter2]" time="0.001" /><testcase classname="tests.test_narration_gateway_phase15" name="test_same_governed_facts_across_providers[executive_summary]" time="0.001" /><testcase classname="tests.test_narration_gateway" name="test_cloud_llm_available_wins" time="0.001" /><testcase classname="tests.test_narration_gateway" name="test_offline_takes_over_when_cloud_errors" time="0.001" /><testcase classname="tests.test_narration_gateway_phase15" name="test_same_governed_facts_across_providers[attack_story]" time="0.001" /><testcase classname="tests.test_narration_gateway" name="test_deterministic_always_wins_when_all_llm_fail" time="0.001" /><testcase classname="tests.test_narration_gateway_phase15" name="test_same_governed_facts_across_providers[r46_overlay_summary]" time="0.001" /><testcase classname="tests.test_narration_gateway" name="test_same_governed_facts_regardless_of_provider" time="0.001" /><testcase classname="tests.test_narration_gateway_phase15" name="test_same_governed_facts_across_providers[r48_report_narration]" time="0.001" /><testcase classname="tests.test_narration_gateway" name="test_validator_rejects_invented_evidence_id" time="0.000" /><testcase classname="tests.test_narration_gateway_phase15" name="test_deterministic_baseline_supports_every_migrated_kind[executive_summary]" time="0.000" /><testcase classname="tests.test_narration_gateway" name="test_validator_rejects_invented_finding_id" time="0.000" /><testcase classname="tests.test_narration_gateway" name="test_validator_rejects_invented_technique_id" time="0.000" /><testcase classname="tests.test_narration_gateway_phase15" name="test_deterministic_baseline_supports_every_migrated_kind[attack_story]" time="0.000" /><testcase classname="tests.test_narration_gateway" name="test_validator_rejects_verdict_promotion" time="0.000" /><testcase classname="tests.test_narration_gateway_phase15" name="test_deterministic_baseline_supports_every_migrated_kind[r46_overlay_summary]" time="0.000" /><testcase classname="tests.test_narration_gateway" name="test_validator_rejects_confidence_inflation" time="0.000" /><testcase classname="tests.test_narration_gateway" name="test_validator_rejects_invented_entity" time="0.000" /><testcase classname="tests.test_narration_gateway_phase15" name="test_deterministic_baseline_supports_every_migrated_kind[r48_report_narration]" time="0.001" /><testcase classname="tests.test_narration_gateway" name="test_gateway_falls_back_when_cloud_hallucinates_id" time="0.001" /><testcase classname="tests.test_narration_gateway_phase15" name="test_deterministic_baseline_stays_honest_with_empty_context[executive_summary]" time="0.001" /><testcase classname="tests.test_narration_gateway" name="test_deterministic_provider_never_raises_for_supported_kinds" time="0.001" /><testcase classname="tests.test_narration_gateway_phase15" name="test_deterministic_baseline_stays_honest_with_empty_context[attack_story]" time="0.001" /><testcase classname="tests.test_narration_gateway" name="test_deterministic_handles_empty_context_honestly" time="0.001" /><testcase classname="tests.test_narration_gateway_phase15" name="test_deterministic_baseline_stays_honest_with_empty_context[r46_overlay_summary]" time="0.000" /><testcase classname="tests.test_mitre_catalogue" name="test_catalogue_shape_matches_v16_1" time="0.004" /><testcase classname="tests.test_narration_gateway_phase15" name="test_deterministic_baseline_stays_honest_with_empty_context[r48_report_narration]" time="0.001" /><testcase classname="tests.test_narration_gateway_phase15" name="test_deterministic_always_appended_if_operator_forgets" time="0.000" /><testcase classname="tests.test_phase2_verdict_gap" name="test_verdict_input_never_carries_verdict_authority" time="0.000" /><testcase classname="tests.test_phase2_verdict_gap" name="test_correlation_confidence_never_becomes_verdict_confidence" time="0.000" /><testcase classname="tests.test_phase2_verdict_gap" name="test_endpoint_only_produces_no_verdict_inputs" time="0.000" /><testcase classname="tests.test_phase2_verdict_gap" name="test_evidence_graph_edge_marks_attck_promotion_false" time="0.000" /><testcase classname="tests.test_phase2_verdict_gap" name="test_evidence_graph_edges_cite_canonical_ids_both_sides" time="0.000" /><testcase classname="tests.test_phase2_verdict_gap" name="test_unconfigured_poller_raises_honest_error[OktaSystemLogPoller]" time="0.001" /><testcase classname="tests.test_mitre_catalogue" name="test_every_technique_has_a_canonical_id_and_url" time="0.000" /><testcase classname="tests.test_mitre_catalogue" name="test_every_sub_technique_wires_to_a_real_parent" time="0.000" /><testcase classname="tests.test_phase2_verdict_gap" name="test_unconfigured_poller_raises_honest_error[EntraSignInLogPoller]" time="0.001" /><testcase classname="tests.test_mitre_catalogue" name="test_resolve_name_matches_case_and_whitespace_variants" time="0.000" /><testcase classname="tests.test_mitre_catalogue" name="test_coverage_zero_observations_is_no_evidence_everywhere" time="0.002" /><testcase classname="tests.test_phase2_verdict_gap" name="test_unconfigured_poller_raises_honest_error[AwsCloudTrailPoller]" time="0.001" /><testcase classname="tests.test_phase2_verdict_gap" name="test_pollers_status_reports_all_unconfigured_by_default" time="0.000" /><testcase classname="tests.test_phase2_verdict_gap" name="test_dedup_is_idempotent" time="0.001" /><testcase classname="tests.test_mitre_catalogue" name="test_aggregate_count_sums_parent_plus_subs_only" time="0.001" /><testcase classname="tests.test_phase2_verdict_gap" name="test_checkpoint_survives_restart_semantics" time="0.000" /><testcase classname="tests.test_phase2_operationalisation" name="test_runner_tick_persists_checkpoint_and_dedups" time="0.001" /><testcase classname="tests.test_phase2_operationalisation" name="test_runner_records_failure_without_fabricating_telemetry" time="0.001" /><testcase classname="tests.test_mitre_catalogue" name="test_totals_reflect_only_real_observations" time="0.001" /><testcase classname="tests.test_phase2_operationalisation" name="test_runner_scrubs_credentials_from_health" time="0.001" /><testcase classname="tests.test_mitre_catalogue" name="test_name_index_file_exists_and_is_consistent" time="0.001" /><testcase classname="tests.test_phase2_operationalisation" name="test_correlate_endpoint_and_identity_by_actor" time="0.000" /><testcase classname="tests.test_phase2_operationalisation" name="test_correlate_identity_and_cloud_by_ip" time="0.000" /><testcase classname="tests.test_phase2_operationalisation" name="test_correlate_full_chain_endpoint_identity_cloud" time="0.000" /><testcase classname="tests.test_mitre_catalogue" name="test_iter_technique_ids_uses_name_fallback_for_new_incidents" time="0.201" /><testcase classname="tests.test_phase2_operationalisation" name="test_correlate_ignores_timestamp_proximity_alone" time="0.000" /><testcase classname="tests.test_phase2_operationalisation" name="test_correlate_single_lane_never_forms_group" time="0.000" /><testcase classname="tests.test_phase2_operationalisation" name="test_correlate_outside_window_does_not_merge" time="0.000" /><testcase classname="tests.test_phase2_operationalisation" name="test_correlate_missing_lane_is_fine" time="0.000" /><testcase classname="tests.test_phase2_operationalisation" name="test_cognis_grounding_accepts_cross_lane_evidence_ids" time="0.001" /><testcase classname="tests.test_phase2_final_gate" name="test_cross_lane_story_kind_registered" time="0.000" /><testcase classname="tests.test_phase2_final_gate" name="test_all_providers_declare_support_for_cross_lane_story" time="0.000" /><testcase classname="tests.test_phase2_final_gate" name="test_deterministic_cross_lane_no_evidence_is_honest" time="0.001" /><testcase classname="tests.test_phase2_final_gate" name="test_deterministic_cross_lane_single_lane_stays_honest" time="0.000" /><testcase classname="tests.test_phase2_final_gate" name="test_deterministic_cross_lane_multi_lane_cites_ids_only" time="0.000" /><testcase classname="tests.test_phase2_final_gate" name="test_gateway_falls_back_to_deterministic_for_cross_lane" time="0.000" /><testcase classname="tests.test_phase2_final_gate" name="test_verdict_consumer_persists_inputs_and_edges" time="0.001" /><testcase classname="tests.test_phase2_final_gate" name="test_verdict_consumer_is_idempotent_on_rerun" time="0.001" /><testcase classname="tests.test_phase2_final_gate" name="test_verdict_consumer_strips_verdict_authority_fields" time="0.000" /><testcase classname="tests.test_phase2_final_gate" name="test_verdict_consumer_requires_incident_id" time="0.001" /><testcase classname="tests.test_mitre_catalogue" name="test_resolve_name_head_of_colon_wins_for_rationale_strings" time="0.000" /><testcase classname="tests.test_mitre_catalogue" name="test_resolve_name_longest_word_boundary_prefix_wins" time="0.000" /><testcase classname="tests.test_mitre_catalogue" name="test_resolve_name_does_not_fuzzy_match" time="0.000" /><testcase classname="tests.test_mitre_catalogue" name="test_iter_technique_ids_picks_up_rationale_prefixes" time="0.000" /></testsuite></testsuites>