<?xml version="1.0" encoding="utf-8"?><testsuites name="pytest tests"><testsuite name="pytest" errors="0" failures="0" skipped="0" tests="10" time="656.268" timestamp="2026-07-14T09:26:54.586816+00:00" hostname="agent-env-630704a1-621f-478b-9b86-a321772d01bf"><testcase classname="tests.test_playbook_feedback" name="test_login" time="0.340" /><testcase classname="tests.test_playbook_feedback" name="test_async_job_attaches_playbooks" time="86.225" /><testcase classname="tests.test_playbook_feedback" name="test_feedback_get_initial_none" time="76.242" /><testcase classname="tests.test_playbook_feedback" name="test_feedback_toggle_math" time="93.921" /><testcase classname="tests.test_playbook_feedback" name="test_feedback_same_vote_no_double_count" time="83.633" /><testcase classname="tests.test_playbook_feedback" name="test_admin_playbook_votes_audit" time="80.833" /><testcase classname="tests.test_playbook_feedback" name="test_weight_based_sort" time="157.354" /><testcase classname="tests.test_playbook_feedback" name="test_error_bad_job_id" time="0.094" /><testcase classname="tests.test_playbook_feedback" name="test_error_invalid_vote" time="77.459" /><testcase classname="tests.test_playbook_feedback" name="test_benchmark_regression" time="0.119" /></testsuite></testsuites>