<?xml version="1.0" encoding="utf-8"?><testsuites name="pytest tests"><testsuite name="pytest" errors="0" failures="0" skipped="13" tests="13" time="60.330" timestamp="2026-08-03T15:42:51.465683+00:00" hostname="agent-env-630704a1-621f-478b-9b86-a321772d01bf"><testcase classname="tests.test_pr21_canonical_artifact_api.TestBenignCanonicalArtifact" name="test_response_shape" time="60.244"><skipped type="pytest.skip" message="Login failed: 502 · &lt;!DOCTYPE html&gt;&#10;&lt;!--[if lt IE 7]&gt; &lt;html class=&quot;no-js ie6 oldie&quot; lang=&quot;en-US&quot;&gt; &lt;![endif]--&gt;&#10;&lt;!--[if IE 7]&gt;    &lt;html class=&quot;no-js ie7 oldie&quot; lang=&quot;en-US&quot;&gt; &lt;![endif]--&gt;&#10;&lt;!--[if IE 8]&gt;    &lt;html class=&quot;no-">/app/backend/tests/test_pr21_canonical_artifact_api.py:105: Login failed: 502 · &lt;!DOCTYPE html&gt;
&lt;!--[if lt IE 7]&gt; &lt;html class="no-js ie6 oldie" lang="en-US"&gt; &lt;![endif]--&gt;
&lt;!--[if IE 7]&gt;    &lt;html class="no-js ie7 oldie" lang="en-US"&gt; &lt;![endif]--&gt;
&lt;!--[if IE 8]&gt;    &lt;html class="no-</skipped></testcase><testcase classname="tests.test_pr21_canonical_artifact_api.TestBenignCanonicalArtifact" name="test_canonical_reconstructed_label_present" time="0.000"><skipped type="pytest.skip" message="Login failed: 502 · &lt;!DOCTYPE html&gt;&#10;&lt;!--[if lt IE 7]&gt; &lt;html class=&quot;no-js ie6 oldie&quot; lang=&quot;en-US&quot;&gt; &lt;![endif]--&gt;&#10;&lt;!--[if IE 7]&gt;    &lt;html class=&quot;no-js ie7 oldie&quot; lang=&quot;en-US&quot;&gt; &lt;![endif]--&gt;&#10;&lt;!--[if IE 8]&gt;    &lt;html class=&quot;no-">/app/backend/tests/test_pr21_canonical_artifact_api.py:109: Login failed: 502 · &lt;!DOCTYPE html&gt;
&lt;!--[if lt IE 7]&gt; &lt;html class="no-js ie6 oldie" lang="en-US"&gt; &lt;![endif]--&gt;
&lt;!--[if IE 7]&gt;    &lt;html class="no-js ie7 oldie" lang="en-US"&gt; &lt;![endif]--&gt;
&lt;!--[if IE 8]&gt;    &lt;html class="no-</skipped></testcase><testcase classname="tests.test_pr21_canonical_artifact_api.TestBenignCanonicalArtifact" name="test_canonical_line_contains_decoded_script" time="0.000"><skipped type="pytest.skip" message="Login failed: 502 · &lt;!DOCTYPE html&gt;&#10;&lt;!--[if lt IE 7]&gt; &lt;html class=&quot;no-js ie6 oldie&quot; lang=&quot;en-US&quot;&gt; &lt;![endif]--&gt;&#10;&lt;!--[if IE 7]&gt;    &lt;html class=&quot;no-js ie7 oldie&quot; lang=&quot;en-US&quot;&gt; &lt;![endif]--&gt;&#10;&lt;!--[if IE 8]&gt;    &lt;html class=&quot;no-">/app/backend/tests/test_pr21_canonical_artifact_api.py:115: Login failed: 502 · &lt;!DOCTYPE html&gt;
&lt;!--[if lt IE 7]&gt; &lt;html class="no-js ie6 oldie" lang="en-US"&gt; &lt;![endif]--&gt;
&lt;!--[if IE 7]&gt;    &lt;html class="no-js ie7 oldie" lang="en-US"&gt; &lt;![endif]--&gt;
&lt;!--[if IE 8]&gt;    &lt;html class="no-</skipped></testcase><testcase classname="tests.test_pr21_canonical_artifact_api.TestBenignCanonicalArtifact" name="test_wrapper_evidence_present_with_b64" time="0.000"><skipped type="pytest.skip" message="Login failed: 502 · &lt;!DOCTYPE html&gt;&#10;&lt;!--[if lt IE 7]&gt; &lt;html class=&quot;no-js ie6 oldie&quot; lang=&quot;en-US&quot;&gt; &lt;![endif]--&gt;&#10;&lt;!--[if IE 7]&gt;    &lt;html class=&quot;no-js ie7 oldie&quot; lang=&quot;en-US&quot;&gt; &lt;![endif]--&gt;&#10;&lt;!--[if IE 8]&gt;    &lt;html class=&quot;no-">/app/backend/tests/test_pr21_canonical_artifact_api.py:131: Login failed: 502 · &lt;!DOCTYPE html&gt;
&lt;!--[if lt IE 7]&gt; &lt;html class="no-js ie6 oldie" lang="en-US"&gt; &lt;![endif]--&gt;
&lt;!--[if IE 7]&gt;    &lt;html class="no-js ie7 oldie" lang="en-US"&gt; &lt;![endif]--&gt;
&lt;!--[if IE 8]&gt;    &lt;html class="no-</skipped></testcase><testcase classname="tests.test_pr21_canonical_artifact_api.TestBenignCanonicalArtifact" name="test_wrapper_not_on_first_reconstructed_line" time="0.000"><skipped type="pytest.skip" message="Login failed: 502 · &lt;!DOCTYPE html&gt;&#10;&lt;!--[if lt IE 7]&gt; &lt;html class=&quot;no-js ie6 oldie&quot; lang=&quot;en-US&quot;&gt; &lt;![endif]--&gt;&#10;&lt;!--[if IE 7]&gt;    &lt;html class=&quot;no-js ie7 oldie&quot; lang=&quot;en-US&quot;&gt; &lt;![endif]--&gt;&#10;&lt;!--[if IE 8]&gt;    &lt;html class=&quot;no-">/app/backend/tests/test_pr21_canonical_artifact_api.py:147: Login failed: 502 · &lt;!DOCTYPE html&gt;
&lt;!--[if lt IE 7]&gt; &lt;html class="no-js ie6 oldie" lang="en-US"&gt; &lt;![endif]--&gt;
&lt;!--[if IE 7]&gt;    &lt;html class="no-js ie7 oldie" lang="en-US"&gt; &lt;![endif]--&gt;
&lt;!--[if IE 8]&gt;    &lt;html class="no-</skipped></testcase><testcase classname="tests.test_pr21_canonical_artifact_api.TestBenignCanonicalArtifact" name="test_runtime_simulation_shows_decoded_output" time="0.000"><skipped type="pytest.skip" message="Login failed: 502 · &lt;!DOCTYPE html&gt;&#10;&lt;!--[if lt IE 7]&gt; &lt;html class=&quot;no-js ie6 oldie&quot; lang=&quot;en-US&quot;&gt; &lt;![endif]--&gt;&#10;&lt;!--[if IE 7]&gt;    &lt;html class=&quot;no-js ie7 oldie&quot; lang=&quot;en-US&quot;&gt; &lt;![endif]--&gt;&#10;&lt;!--[if IE 8]&gt;    &lt;html class=&quot;no-">/app/backend/tests/test_pr21_canonical_artifact_api.py:161: Login failed: 502 · &lt;!DOCTYPE html&gt;
&lt;!--[if lt IE 7]&gt; &lt;html class="no-js ie6 oldie" lang="en-US"&gt; &lt;![endif]--&gt;
&lt;!--[if IE 7]&gt;    &lt;html class="no-js ie7 oldie" lang="en-US"&gt; &lt;![endif]--&gt;
&lt;!--[if IE 8]&gt;    &lt;html class="no-</skipped></testcase><testcase classname="tests.test_pr21_canonical_artifact_api.TestBenignCanonicalArtifact" name="test_behavior_list_evidence_backed" time="0.000"><skipped type="pytest.skip" message="Login failed: 502 · &lt;!DOCTYPE html&gt;&#10;&lt;!--[if lt IE 7]&gt; &lt;html class=&quot;no-js ie6 oldie&quot; lang=&quot;en-US&quot;&gt; &lt;![endif]--&gt;&#10;&lt;!--[if IE 7]&gt;    &lt;html class=&quot;no-js ie7 oldie&quot; lang=&quot;en-US&quot;&gt; &lt;![endif]--&gt;&#10;&lt;!--[if IE 8]&gt;    &lt;html class=&quot;no-">/app/backend/tests/test_pr21_canonical_artifact_api.py:168: Login failed: 502 · &lt;!DOCTYPE html&gt;
&lt;!--[if lt IE 7]&gt; &lt;html class="no-js ie6 oldie" lang="en-US"&gt; &lt;![endif]--&gt;
&lt;!--[if IE 7]&gt;    &lt;html class="no-js ie7 oldie" lang="en-US"&gt; &lt;![endif]--&gt;
&lt;!--[if IE 8]&gt;    &lt;html class="no-</skipped></testcase><testcase classname="tests.test_pr21_canonical_artifact_api.TestBenignCanonicalArtifact" name="test_verdict_partial" time="0.000"><skipped type="pytest.skip" message="Login failed: 502 · &lt;!DOCTYPE html&gt;&#10;&lt;!--[if lt IE 7]&gt; &lt;html class=&quot;no-js ie6 oldie&quot; lang=&quot;en-US&quot;&gt; &lt;![endif]--&gt;&#10;&lt;!--[if IE 7]&gt;    &lt;html class=&quot;no-js ie7 oldie&quot; lang=&quot;en-US&quot;&gt; &lt;![endif]--&gt;&#10;&lt;!--[if IE 8]&gt;    &lt;html class=&quot;no-">/app/backend/tests/test_pr21_canonical_artifact_api.py:180: Login failed: 502 · &lt;!DOCTYPE html&gt;
&lt;!--[if lt IE 7]&gt; &lt;html class="no-js ie6 oldie" lang="en-US"&gt; &lt;![endif]--&gt;
&lt;!--[if IE 7]&gt;    &lt;html class="no-js ie7 oldie" lang="en-US"&gt; &lt;![endif]--&gt;
&lt;!--[if IE 8]&gt;    &lt;html class="no-</skipped></testcase><testcase classname="tests.test_pr21_canonical_artifact_api.TestMaliciousCanonicalArtifact" name="test_canonical_line_contains_decoded_script" time="0.000"><skipped type="pytest.skip" message="Login failed: 502 · &lt;!DOCTYPE html&gt;&#10;&lt;!--[if lt IE 7]&gt; &lt;html class=&quot;no-js ie6 oldie&quot; lang=&quot;en-US&quot;&gt; &lt;![endif]--&gt;&#10;&lt;!--[if IE 7]&gt;    &lt;html class=&quot;no-js ie7 oldie&quot; lang=&quot;en-US&quot;&gt; &lt;![endif]--&gt;&#10;&lt;!--[if IE 8]&gt;    &lt;html class=&quot;no-">/app/backend/tests/test_pr21_canonical_artifact_api.py:201: Login failed: 502 · &lt;!DOCTYPE html&gt;
&lt;!--[if lt IE 7]&gt; &lt;html class="no-js ie6 oldie" lang="en-US"&gt; &lt;![endif]--&gt;
&lt;!--[if IE 7]&gt;    &lt;html class="no-js ie7 oldie" lang="en-US"&gt; &lt;![endif]--&gt;
&lt;!--[if IE 8]&gt;    &lt;html class="no-</skipped></testcase><testcase classname="tests.test_pr21_canonical_artifact_api.TestMaliciousCanonicalArtifact" name="test_wrapper_evidence_section_holds_wrapper" time="0.000"><skipped type="pytest.skip" message="Login failed: 502 · &lt;!DOCTYPE html&gt;&#10;&lt;!--[if lt IE 7]&gt; &lt;html class=&quot;no-js ie6 oldie&quot; lang=&quot;en-US&quot;&gt; &lt;![endif]--&gt;&#10;&lt;!--[if IE 7]&gt;    &lt;html class=&quot;no-js ie7 oldie&quot; lang=&quot;en-US&quot;&gt; &lt;![endif]--&gt;&#10;&lt;!--[if IE 8]&gt;    &lt;html class=&quot;no-">/app/backend/tests/test_pr21_canonical_artifact_api.py:216: Login failed: 502 · &lt;!DOCTYPE html&gt;
&lt;!--[if lt IE 7]&gt; &lt;html class="no-js ie6 oldie" lang="en-US"&gt; &lt;![endif]--&gt;
&lt;!--[if IE 7]&gt;    &lt;html class="no-js ie7 oldie" lang="en-US"&gt; &lt;![endif]--&gt;
&lt;!--[if IE 8]&gt;    &lt;html class="no-</skipped></testcase><testcase classname="tests.test_pr21_canonical_artifact_api.TestDecodeAutoInvestigateEquivalence" name="test_both_surfaces_carry_canonical_line" time="0.000"><skipped type="pytest.skip" message="Login failed: 502 · &lt;!DOCTYPE html&gt;&#10;&lt;!--[if lt IE 7]&gt; &lt;html class=&quot;no-js ie6 oldie&quot; lang=&quot;en-US&quot;&gt; &lt;![endif]--&gt;&#10;&lt;!--[if IE 7]&gt;    &lt;html class=&quot;no-js ie7 oldie&quot; lang=&quot;en-US&quot;&gt; &lt;![endif]--&gt;&#10;&lt;!--[if IE 8]&gt;    &lt;html class=&quot;no-">/app/backend/tests/test_pr21_canonical_artifact_api.py:229: Login failed: 502 · &lt;!DOCTYPE html&gt;
&lt;!--[if lt IE 7]&gt; &lt;html class="no-js ie6 oldie" lang="en-US"&gt; &lt;![endif]--&gt;
&lt;!--[if IE 7]&gt;    &lt;html class="no-js ie7 oldie" lang="en-US"&gt; &lt;![endif]--&gt;
&lt;!--[if IE 8]&gt;    &lt;html class="no-</skipped></testcase><testcase classname="tests.test_pr21_canonical_artifact_api.TestL0DamagePrevention" name="test_dcs_strict_17_of_17" time="0.000"><skipped type="pytest.skip" message="DCS strict runner not present at /app/backend/tests/corpus/dcs_strict_runner.py">/app/backend/tests/test_pr21_canonical_artifact_api.py:273: DCS strict runner not present at /app/backend/tests/corpus/dcs_strict_runner.py</skipped></testcase><testcase classname="tests.test_pr21_canonical_artifact_api.TestL0DamagePrevention" name="test_r1_strict_107_of_107" time="0.000"><skipped type="pytest.skip" message="R1 strict runner not present at /app/backend/tests/corpus/r1_strict_runner.py">/app/backend/tests/test_pr21_canonical_artifact_api.py:280: R1 strict runner not present at /app/backend/tests/corpus/r1_strict_runner.py</skipped></testcase></testsuite></testsuites>