<?xml version="1.0" encoding="utf-8"?><testsuites name="pytest tests"><testsuite name="pytest" errors="0" failures="0" skipped="0" tests="42" time="66.713" timestamp="2026-08-03T13:48:39.889011+00:00" hostname="agent-env-630704a1-621f-478b-9b86-a321772d01bf"><testcase classname="tests.l2_investigation.test_pr2_independent" name="test_auth_gate_rejects_unauthenticated[GET-/investigation]" time="0.385" /><testcase classname="tests.l2_investigation.test_pr2_independent" name="test_auth_gate_rejects_unauthenticated[POST-/investigation]" time="0.137" /><testcase classname="tests.l2_investigation.test_pr2_independent" name="test_auth_gate_rejects_unauthenticated[GET-/investigation/xyz]" time="0.130" /><testcase classname="tests.l2_investigation.test_pr2_independent" name="test_auth_gate_rejects_unauthenticated[DELETE-/investigation/xyz]" time="0.109" /><testcase classname="tests.l2_investigation.test_pr2_independent" name="test_auth_gate_rejects_unauthenticated[GET-/investigation/xyz/workspace]" time="0.113" /><testcase classname="tests.l2_investigation.test_pr2_independent" name="test_auth_gate_rejects_unauthenticated[PUT-/investigation/xyz/workspace]" time="0.129" /><testcase classname="tests.l2_investigation.test_pr2_independent" name="test_auth_gate_rejects_unauthenticated[POST-/investigation/xyz/state/transition]" time="0.113" /><testcase classname="tests.l2_investigation.test_pr2_independent" name="test_auth_gate_rejects_unauthenticated[GET-/investigation/xyz/state]" time="0.139" /><testcase classname="tests.l2_investigation.test_pr2_independent" name="test_auth_gate_rejects_unauthenticated[GET-/investigation/xyz/summary]" time="0.112" /><testcase classname="tests.l2_investigation.test_pr2_independent" name="test_auth_gate_rejects_unauthenticated[GET-/investigation/xyz/story]" time="0.103" /><testcase classname="tests.l2_investigation.test_pr2_independent" name="test_auth_gate_rejects_unauthenticated[GET-/investigation/xyz/iocs]" time="0.102" /><testcase classname="tests.l2_investigation.test_pr2_independent" name="test_auth_gate_rejects_unauthenticated[GET-/investigation/xyz/capabilities]" time="0.109" /><testcase classname="tests.l2_investigation.test_pr2_independent" name="test_auth_gate_rejects_unauthenticated[GET-/investigation/xyz/threat]" time="0.125" /><testcase classname="tests.l2_investigation.test_pr2_independent" name="test_auth_gate_rejects_unauthenticated[GET-/investigation/xyz/detections]" time="0.105" /><testcase classname="tests.l2_investigation.test_pr2_independent" name="test_auth_gate_rejects_unauthenticated[GET-/investigation/xyz/hunting]" time="0.108" /><testcase classname="tests.l2_investigation.test_pr2_independent" name="test_auth_gate_rejects_invalid_bearer" time="0.103" /><testcase classname="tests.l2_investigation.test_pr2_independent" name="test_create_case_returns_default_workspace" time="1.357" /><testcase classname="tests.l2_investigation.test_pr2_independent" name="test_create_case_invalid_mode_returns_400" time="0.103" /><testcase classname="tests.l2_investigation.test_pr2_independent" name="test_create_case_duplicate_returns_409" time="0.210" /><testcase classname="tests.l2_investigation.test_pr2_independent" name="test_create_case_auto_generates_case_id_when_missing" time="0.146" /><testcase classname="tests.l2_investigation.test_pr2_independent" name="test_list_cases_only_shows_owner" time="0.338" /><testcase classname="tests.l2_investigation.test_pr2_independent" name="test_owner_scoping_other_user_gets_403" time="0.507" /><testcase classname="tests.l2_investigation.test_pr2_independent" name="test_owner_scoping_list_isolated" time="0.245" /><testcase classname="tests.l2_investigation.test_pr2_independent" name="test_workspace_bundle_hydrates_all_seven_services" time="0.232" /><testcase classname="tests.l2_investigation.test_pr2_independent" name="test_bundle_deterministic_byte_identical" time="0.395" /><testcase classname="tests.l2_investigation.test_pr2_independent" name="test_per_service_deterministic[summary]" time="0.366" /><testcase classname="tests.l2_investigation.test_pr2_independent" name="test_per_service_deterministic[story]" time="0.404" /><testcase classname="tests.l2_investigation.test_pr2_independent" name="test_per_service_deterministic[iocs]" time="0.396" /><testcase classname="tests.l2_investigation.test_pr2_independent" name="test_per_service_deterministic[capabilities]" time="0.338" /><testcase classname="tests.l2_investigation.test_pr2_independent" name="test_per_service_deterministic[threat]" time="0.354" /><testcase classname="tests.l2_investigation.test_pr2_independent" name="test_per_service_deterministic[detections]" time="0.334" /><testcase classname="tests.l2_investigation.test_pr2_independent" name="test_per_service_deterministic[hunting]" time="0.350" /><testcase classname="tests.l2_investigation.test_pr2_independent" name="test_workspace_state_put_idempotent" time="0.473" /><testcase classname="tests.l2_investigation.test_pr2_independent" name="test_workspace_state_put_invalid_lens_400" time="0.235" /><testcase classname="tests.l2_investigation.test_pr2_independent" name="test_workspace_state_put_invalid_mode_400" time="0.241" /><testcase classname="tests.l2_investigation.test_pr2_independent" name="test_state_machine_happy_path" time="0.739" /><testcase classname="tests.l2_investigation.test_pr2_independent" name="test_state_machine_illegal_transition_409" time="0.231" /><testcase classname="tests.l2_investigation.test_pr2_independent" name="test_state_machine_invalid_target_400" time="0.256" /><testcase classname="tests.l2_investigation.test_pr2_independent" name="test_state_machine_reopen_loop" time="1.043" /><testcase classname="tests.l2_investigation.test_pr2_independent" name="test_state_machine_audit_log_records_actor_and_reason" time="0.244" /><testcase classname="tests.l2_investigation.test_pr2_independent" name="test_delete_case_204_then_404" time="54.411" /><testcase classname="tests.l2_investigation.test_pr2_independent" name="test_get_nonexistent_case_404" time="0.110" /></testsuite></testsuites>