<?xml version="1.0" encoding="utf-8"?><testsuites name="pytest tests"><testsuite name="pytest" errors="0" failures="0" skipped="0" tests="14" time="159.564" timestamp="2026-08-04T03:28:40.933830+00:00" hostname="agent-env-630704a1-621f-478b-9b86-a321772d01bf"><testcase classname="tests.test_pr4_api_endpoints.TestAuth" name="test_login_admin_ok" time="158.499" /><testcase classname="tests.test_pr4_api_endpoints.TestAuth" name="test_summary_requires_auth" time="0.279" /><testcase classname="tests.test_pr4_api_endpoints.TestAuth" name="test_story_requires_auth" time="0.003" /><testcase classname="tests.test_pr4_api_endpoints.TestAuth" name="test_case_not_found_returns_404" time="0.006" /><testcase classname="tests.test_pr4_api_endpoints.TestExecutiveSummaryEndpoint" name="test_summary_shape" time="0.006" /><testcase classname="tests.test_pr4_api_endpoints.TestExecutiveSummaryEndpoint" name="test_summary_deterministic" time="0.010" /><testcase classname="tests.test_pr4_api_endpoints.TestAttackStoryEndpoint" name="test_story_shape" time="0.009" /><testcase classname="tests.test_pr4_api_endpoints.TestAttackStoryEndpoint" name="test_story_deterministic" time="0.014" /><testcase classname="tests.test_pr4_api_endpoints.TestWorkspaceState" name="test_put_selected_evidence_persists" time="0.016" /><testcase classname="tests.test_pr4_api_endpoints.TestWorkspaceState" name="test_put_mode_and_active_lens" time="0.004" /><testcase classname="tests.test_pr4_api_endpoints.TestWorkspaceBundle" name="test_bundle_contains_pr4_summary_and_story" time="0.005" /><testcase classname="tests.test_pr4_api_endpoints.TestOwnerScoping" name="test_other_user_cannot_read" time="0.589" /><testcase classname="tests.test_pr4_api_endpoints.TestRegression" name="test_list_cases_includes_created" time="0.009" /><testcase classname="tests.test_pr4_api_endpoints.TestRegression" name="test_state_transition_valid_target" time="0.018" /></testsuite></testsuites>