<?xml version="1.0" encoding="utf-8"?><testsuites name="pytest tests"><testsuite name="pytest" errors="0" failures="0" skipped="0" tests="8" time="1.339" timestamp="2026-07-22T12:59:49.300743+00:00" hostname="agent-env-630704a1-621f-478b-9b86-a321772d01bf"><testcase classname="tests.test_v2_r11_endpoints.TestTrajectory" name="test_requires_auth" time="0.143" /><testcase classname="tests.test_v2_r11_endpoints.TestTrajectory" name="test_trajectory_success" time="0.454" /><testcase classname="tests.test_v2_r11_endpoints.TestMitreCoverage" name="test_requires_auth" time="0.135" /><testcase classname="tests.test_v2_r11_endpoints.TestMitreCoverage" name="test_coverage_success" time="0.124" /><testcase classname="tests.test_v2_r11_endpoints.TestCasesList" name="test_requires_auth" time="0.098" /><testcase classname="tests.test_v2_r11_endpoints.TestCasesList" name="test_list_cases" time="0.111" /><testcase classname="tests.test_v2_r11_endpoints.TestObservationsIngest" name="test_ingest_still_works" time="0.110" /><testcase classname="tests.test_v2_r11_endpoints.TestRC5Legacy" name="test_rc5_parse_still_works" time="0.103" /></testsuite></testsuites>