<?xml version="1.0" encoding="utf-8"?><testsuites name="pytest tests"><testsuite name="pytest" errors="0" failures="0" skipped="0" tests="18" time="12.850" timestamp="2026-07-20T15:10:20.884592+00:00" hostname="agent-env-630704a1-621f-478b-9b86-a321772d01bf"><testcase classname="tests.test_rc4_1_360_confidence" name="test_health_ok" time="0.010" /><testcase classname="tests.test_rc42_smart_decode_flows" name="test_login_returns_access_token" time="0.234" /><testcase classname="tests.test_rc42_smart_decode_flows" name="test_powershell_hex_csv_inline" time="0.614" /><testcase classname="tests.test_rc4_1_360_confidence" name="test_encoded_command_base64_decodes_url" time="1.712" /><testcase classname="tests.test_rc42_smart_decode_flows" name="test_powershell_xor_inline_key" time="0.187" /><testcase classname="tests.test_rc42_smart_decode_flows" name="test_rc4_inline_decrypt" time="1.101" /><testcase classname="tests.test_rc4_1_360_confidence" name="test_list_cases" time="0.012" /><testcase classname="tests.test_rc4_1_360_confidence" name="test_document_upload" time="0.005" /><testcase classname="tests.test_rc4_1_360_confidence" name="test_case_sigma_export" time="0.018" /><testcase classname="tests.test_rc4_1_360_confidence" name="test_case_yara_export" time="0.008" /><testcase classname="tests.test_rc42_smart_decode_flows" name="test_aes_cbc_crypto_hint" time="1.138" /><testcase classname="tests.test_rc42_smart_decode_flows" name="test_dpapi_hint" time="1.111" /><testcase classname="tests.test_rc42_smart_decode_flows" name="test_machineguid_mitre_t1082" time="1.110" /><testcase classname="tests.test_rc42_smart_decode_flows" name="test_benign_not_malicious" time="6.280" /><testcase classname="tests.test_rc42_smart_decode_flows" name="test_batch_envvar_substitute" time="0.183" /><testcase classname="tests.test_rc42_smart_decode_flows" name="test_cmd_envvar_substring_picker" time="0.178" /><testcase classname="tests.test_rc42_smart_decode_flows" name="test_powershell_reverse_string" time="0.184" /><testcase classname="tests.test_rc42_smart_decode_flows" name="test_powershell_reverse_regex_swap" time="0.184" /></testsuite></testsuites>