<?xml version="1.0" encoding="utf-8"?><testsuites name="pytest tests"><testsuite name="pytest" errors="0" failures="1" skipped="0" tests="7" time="268.574" timestamp="2026-07-20T15:39:13.792109+00:00" hostname="agent-env-630704a1-621f-478b-9b86-a321772d01bf"><testcase classname="tests.test_rc42_transformation_trace" name="test_flow1_set_and_envvar_substitute" time="253.867" /><testcase classname="tests.test_rc42_transformation_trace" name="test_flow2_two_set_vars" time="0.185" /><testcase classname="tests.test_rc42_transformation_trace" name="test_flow3_envvar_substring" time="0.180" /><testcase classname="tests.test_rc42_transformation_trace" name="test_flow4_benign_no_trace" time="5.695" /><testcase classname="tests.test_rc42_transformation_trace" name="test_flow5_rc4_regression" time="0.259"><failure message="AssertionError: missing decoded URL in output_raw&#10;assert 'http://c2.evil.io/beacon' in '▼ CRYPTO API DETECTED (RC4.1 · honest-verdict)\n  · RC4                      key_source=inline recovery=static-complete\n\nÕÌÑìd$\x1b\x1a²2JkVg&lt;:Ñû«\x8e{í\t\x90'">backend/tests/test_rc42_transformation_trace.py:118: in test_flow5_rc4_regression
    assert "http://c2.evil.io/beacon" in output_raw, f"missing decoded URL in output_raw"
E   AssertionError: missing decoded URL in output_raw
E   assert 'http://c2.evil.io/beacon' in '▼ CRYPTO API DETECTED (RC4.1 · honest-verdict)\n  · RC4                      key_source=inline recovery=static-complete\n\nÕÌÑìd$\x1b\x1a²2JkVg&lt;:Ñû«\x8e{í\t\x90'</failure></testcase><testcase classname="tests.test_rc42_transformation_trace" name="test_flow6_aes_cbc_regression" time="2.787" /><testcase classname="tests.test_rc42_transformation_trace" name="test_flow7_benign_verdict" time="5.521" /></testsuite></testsuites>