<?xml version="1.0" encoding="utf-8"?><testsuites name="pytest tests"><testsuite name="pytest" errors="0" failures="0" skipped="0" tests="6" time="112.993" timestamp="2026-07-20T16:00:39.176192+00:00" hostname="agent-env-630704a1-621f-478b-9b86-a321772d01bf"><testcase classname="tests.test_rc42_semantic_mini" name="test_flow1_semantic_mini_reverse_recovery" time="92.589" /><testcase classname="tests.test_rc42_semantic_mini" name="test_flow2_semantic_mini_real_binary_verdict" time="5.382" /><testcase classname="tests.test_rc42_semantic_mini" name="test_flow3_regression_batch_envvar" time="7.515" /><testcase classname="tests.test_rc42_semantic_mini" name="test_flow4_regression_rc4_inline" time="1.078" /><testcase classname="tests.test_rc42_semantic_mini" name="test_flow5_regression_aes_cbc" time="1.063" /><testcase classname="tests.test_rc42_semantic_mini" name="test_flow6_regression_benign" time="5.295" /></testsuite></testsuites>