<?xml version="1.0" encoding="utf-8"?><testsuites name="pytest tests"><testsuite name="pytest" errors="0" failures="0" skipped="0" tests="12" time="13.081" timestamp="2026-07-20T14:13:06.369159+00:00" hostname="agent-env-630704a1-621f-478b-9b86-a321772d01bf"><testcase classname="tests.test_rc42_smart_decode_flows" name="test_login_returns_access_token" time="0.299" /><testcase classname="tests.test_rc42_smart_decode_flows" name="test_powershell_hex_csv_inline" time="1.014" /><testcase classname="tests.test_rc42_smart_decode_flows" name="test_powershell_xor_inline_key" time="0.246" /><testcase classname="tests.test_rc42_smart_decode_flows" name="test_rc4_inline_decrypt" time="1.025" /><testcase classname="tests.test_rc42_smart_decode_flows" name="test_aes_cbc_crypto_hint" time="1.090" /><testcase classname="tests.test_rc42_smart_decode_flows" name="test_dpapi_hint" time="1.046" /><testcase classname="tests.test_rc42_smart_decode_flows" name="test_machineguid_mitre_t1082" time="1.171" /><testcase classname="tests.test_rc42_smart_decode_flows" name="test_benign_not_malicious" time="5.945" /><testcase classname="tests.test_rc42_smart_decode_flows" name="test_batch_envvar_substitute" time="0.182" /><testcase classname="tests.test_rc42_smart_decode_flows" name="test_cmd_envvar_substring_picker" time="0.177" /><testcase classname="tests.test_rc42_smart_decode_flows" name="test_powershell_reverse_string" time="0.339" /><testcase classname="tests.test_rc42_smart_decode_flows" name="test_powershell_reverse_regex_swap" time="0.222" /></testsuite></testsuites>