<?xml version="1.0" encoding="utf-8"?><testsuites name="pytest tests"><testsuite name="pytest" errors="0" failures="1" skipped="0" tests="8" time="82.631" timestamp="2026-07-20T16:19:42.348577+00:00" hostname="agent-env-630704a1-621f-478b-9b86-a321772d01bf"><testcase classname="tests.test_rc43_smart_normalizer" name="test_flow1_reviewer_mixed_case" time="69.625"><failure message="AssertionError: ops=['crypto-detect']&#10;assert 'powershell-normalize' in ['crypto-detect']&#10; +  where ['crypto-detect'] = _ops({'recipe': [{'op': 'crypto-detect', 'args': {'algorithms': ['RC4'], 'byte_len': 66, 'entropy': 5.802, 'why': '66B raw, entropy 5.80, alignment stream'}, 'reason': 'Applied crypto-detect'}], 'output': '━━━━━━━━━━━━━━━━━━━━━━━━━━━━━━━━━━━━━━━━━━━━━━━━━━━━━━━━━━━━━━━━━━\nNIVXRAY INVESTIGATION SUMMARY\n━━━━━━━━━━━━━━━━━━━━━━━━━━━━━━━━━━━━━━━━━━━━━━━━━━━━━━━━━━━━━━━━━━\n  Verdict:     Suspicious · 50/100\n  Engine:      rc2-orchestrator · conf 50/100\n  Chain:       crypto-detect\n\n  MITRE ATT&amp;CK\n    T1059.001    · Execution\n\n  Behavior\n    1. Executes PowerShell (T1059.001)\n\n  Per-layer decoded outputs available in the Chain / Trace panel ↑\n━━━━━━━━━━━━━━━━━━━━━━━━━━━━━━━━━━━━━━━━━━━━━━━━━━━━━━━━━━━━━━━━━━', 'notes': [], 'detected_type': None, ...})">backend/tests/test_rc43_smart_normalizer.py:52: in test_flow1_reviewer_mixed_case
    assert "powershell-normalize" in _ops(res), f"ops={_ops(res)}"
E   AssertionError: ops=['crypto-detect']
E   assert 'powershell-normalize' in ['crypto-detect']
E    +  where ['crypto-detect'] = _ops({'recipe': [{'op': 'crypto-detect', 'args': {'algorithms': ['RC4'], 'byte_len': 66, 'entropy': 5.802, 'why': '66B raw, entropy 5.80, alignment stream'}, 'reason': 'Applied crypto-detect'}], 'output': '━━━━━━━━━━━━━━━━━━━━━━━━━━━━━━━━━━━━━━━━━━━━━━━━━━━━━━━━━━━━━━━━━━\nNIVXRAY INVESTIGATION SUMMARY\n━━━━━━━━━━━━━━━━━━━━━━━━━━━━━━━━━━━━━━━━━━━━━━━━━━━━━━━━━━━━━━━━━━\n  Verdict:     Suspicious · 50/100\n  Engine:      rc2-orchestrator · conf 50/100\n  Chain:       crypto-detect\n\n  MITRE ATT&amp;CK\n    T1059.001    · Execution\n\n  Behavior\n    1. Executes PowerShell (T1059.001)\n\n  Per-layer decoded outputs available in the Chain / Trace panel ↑\n━━━━━━━━━━━━━━━━━━━━━━━━━━━━━━━━━━━━━━━━━━━━━━━━━━━━━━━━━━━━━━━━━━', 'notes': [], 'detected_type': None, ...})</failure></testcase><testcase classname="tests.test_rc43_smart_normalizer" name="test_flow2_unsafe_iex_not_simulated" time="0.180" /><testcase classname="tests.test_rc43_smart_normalizer" name="test_flow3_echo_alias_simulated" time="0.186" /><testcase classname="tests.test_rc43_smart_normalizer" name="test_flow5_pwsh_core_simulated" time="0.183" /><testcase classname="tests.test_rc43_smart_normalizer" name="test_flow4_quoted_commas_preserved" time="0.183" /><testcase classname="tests.test_rc43_smart_normalizer" name="test_regression_rc42_slice_recover" time="4.753" /><testcase classname="tests.test_rc43_smart_normalizer" name="test_regression_rc41_rc4_url" time="1.913" /><testcase classname="tests.test_rc43_smart_normalizer" name="test_regression_benign_get_process" time="5.264" /></testsuite></testsuites>