<?xml version="1.0" encoding="utf-8"?><testsuites name="pytest tests"><testsuite name="pytest" errors="0" failures="2" skipped="0" tests="7" time="33.114" timestamp="2026-07-20T16:16:19.524496+00:00" hostname="agent-env-630704a1-621f-478b-9b86-a321772d01bf"><testcase classname="tests.test_rc43_smart_normalizer" name="test_flow1_reviewer_mixed_case" time="0.723" /><testcase classname="tests.test_rc43_smart_normalizer" name="test_flow2_unsafe_iex_not_simulated" time="0.389"><failure message="AssertionError: assert ('not a safe built-in' in 'http://x/y' or 'not attempted' in 'http://x/y')">backend/tests/test_rc43_smart_normalizer.py:66: in test_flow2_unsafe_iex_not_simulated
    assert ("not a safe built-in" in raw) or ("not attempted" in raw)
E   AssertionError: assert ('not a safe built-in' in 'http://x/y' or 'not attempted' in 'http://x/y')</failure></testcase><testcase classname="tests.test_rc43_smart_normalizer" name="test_flow3_echo_alias_simulated" time="0.304"><failure message="assert 'powershell-normalize' in ['extract-payload']&#10; +  where ['extract-payload'] = _ops({'recipe': [{'op': 'extract-payload', 'args': {'wrapper': 'PowerShell -Command'}, 'reason': 'Isolated payload string from script/command wrapper'}], 'output': &quot;━━━━━━━━━━━━━━━━━━━━━━━━━━━━━━━━━━━━━━━━━━━━━━━━━━━━━━━━━━━━━━━━━━\n▼ DECODED OUTPUT\n━━━━━━━━━━━━━━━━━━━━━━━━━━━━━━━━━━━━━━━━━━━━━━━━━━━━━━━━━━━━━━━━━━\nEcho 'hello'\n\n━━━━━━━━━━━━━━━━━━━━━━━━━━━━━━━━━━━━━━━━━━━━━━━━━━━━━━━━━━━━━━━━━━\nNIVXRAY INVESTIGATION SUMMARY\n━━━━━━━━━━━━━━━━━━━━━━━━━━━━━━━━━━━━━━━━━━━━━━━━━━━━━━━━━━━━━━━━━━\n  Verdict:     Suspicious · 35/100\n  Engine:      rc2-orchestrator · conf 35/100\n  Chain:       extract-payload\n\n  MITRE ATT&amp;CK\n    T1059.001    · Execution\n\n  Behavior\n    1. Executes PowerShell (T1059.001)\n\n  Per-layer decoded outputs available in the Chain / Trace panel ↑\n━━━━━━━━━━━━━━━━━━━━━━━━━━━━━━━━━━━━━━━━━━━━━━━━━━━━━━━━━━━━━━━━━━&quot;, 'notes': [], 'detected_type': None, ...})">backend/tests/test_rc43_smart_normalizer.py:73: in test_flow3_echo_alias_simulated
    assert "powershell-normalize" in _ops(res)
E   assert 'powershell-normalize' in ['extract-payload']
E    +  where ['extract-payload'] = _ops({'recipe': [{'op': 'extract-payload', 'args': {'wrapper': 'PowerShell -Command'}, 'reason': 'Isolated payload string from script/command wrapper'}], 'output': "━━━━━━━━━━━━━━━━━━━━━━━━━━━━━━━━━━━━━━━━━━━━━━━━━━━━━━━━━━━━━━━━━━\n▼ DECODED OUTPUT\n━━━━━━━━━━━━━━━━━━━━━━━━━━━━━━━━━━━━━━━━━━━━━━━━━━━━━━━━━━━━━━━━━━\nEcho 'hello'\n\n━━━━━━━━━━━━━━━━━━━━━━━━━━━━━━━━━━━━━━━━━━━━━━━━━━━━━━━━━━━━━━━━━━\nNIVXRAY INVESTIGATION SUMMARY\n━━━━━━━━━━━━━━━━━━━━━━━━━━━━━━━━━━━━━━━━━━━━━━━━━━━━━━━━━━━━━━━━━━\n  Verdict:     Suspicious · 35/100\n  Engine:      rc2-orchestrator · conf 35/100\n  Chain:       extract-payload\n\n  MITRE ATT&amp;CK\n    T1059.001    · Execution\n\n  Behavior\n    1. Executes PowerShell (T1059.001)\n\n  Per-layer decoded outputs available in the Chain / Trace panel ↑\n━━━━━━━━━━━━━━━━━━━━━━━━━━━━━━━━━━━━━━━━━━━━━━━━━━━━━━━━━━━━━━━━━━", 'notes': [], 'detected_type': None, ...})</failure></testcase><testcase classname="tests.test_rc43_smart_normalizer" name="test_flow4_quoted_commas_preserved" time="0.337" /><testcase classname="tests.test_rc43_smart_normalizer" name="test_regression_rc42_slice_recover" time="24.694" /><testcase classname="tests.test_rc43_smart_normalizer" name="test_regression_rc41_rc4_url" time="1.145" /><testcase classname="tests.test_rc43_smart_normalizer" name="test_regression_benign_get_process" time="5.158" /></testsuite></testsuites>