<?xml version="1.0" encoding="utf-8"?><testsuites name="pytest tests"><testsuite name="pytest" errors="0" failures="0" skipped="0" tests="13" time="4.467" timestamp="2026-08-07T10:41:59.493149+00:00" hostname="agent-env-630704a1-621f-478b-9b86-a321772d01bf"><testcase classname="tests.test_ssot_persistence" name="test_ssot_round_trip_preserves_all_fields" time="0.036" /><testcase classname="tests.test_ssot_persistence" name="test_list_cases_flags_ssot_presence" time="0.017" /><testcase classname="tests.test_ssot_persistence" name="test_oversized_bundle_drops_gracefully" time="0.184" /><testcase classname="tests.test_ssot_persistence" name="test_ssot_survives_upsert" time="0.016" /><testcase classname="tests.test_ssot_persistence" name="test_legacy_save_still_works" time="0.009" /><testcase classname="tests.test_ssot_persistence" name="test_compound_version_stamp" time="0.011" /><testcase classname="tests.test_ssot_persistence" name="test_coerce_legacy_string_version" time="0.000" /><testcase classname="tests.test_ssot_persistence" name="test_immutable_store_dereference_endpoint" time="0.017" /><testcase classname="tests.test_ssot_persistence" name="test_immutable_store_content_dedupes" time="0.023" /><testcase classname="tests.test_ssot_persistence" name="test_deref_404_on_unknown_investigation" time="0.004" /><testcase classname="tests.test_ssot_persistence" name="test_artifact_trace_projection_shape" time="0.000" /><testcase classname="tests.test_ssot_persistence" name="test_artifact_trace_empty_on_legacy_ssot" time="0.000" /><testcase classname="tests.test_ssot_persistence" name="test_ssot_endpoint_does_not_touch_business_logic" time="0.001" /></testsuite></testsuites>