<?xml version="1.0" encoding="utf-8"?><testsuites name="pytest tests"><testsuite name="pytest" errors="0" failures="0" skipped="0" tests="9" time="2.662" timestamp="2026-08-07T10:43:13.207127+00:00" hostname="agent-env-630704a1-621f-478b-9b86-a321772d01bf"><testcase classname="tests.test_ssot_r28_live" name="test_case_get_returns_ssot_ref" time="0.721" /><testcase classname="tests.test_ssot_r28_live" name="test_case_get_source_and_artifact_trace" time="0.095" /><testcase classname="tests.test_ssot_r28_live" name="test_compound_version_stamp_on_ssot" time="0.096" /><testcase classname="tests.test_ssot_r28_live" name="test_ssot_dereference_endpoint" time="0.191" /><testcase classname="tests.test_ssot_r28_live" name="test_content_addressable_dedupe" time="0.194" /><testcase classname="tests.test_ssot_r28_live" name="test_legacy_save_no_ssot" time="0.427" /><testcase classname="tests.test_ssot_r28_live" name="test_list_has_ssot_flag" time="0.098" /><testcase classname="tests.test_ssot_r28_live" name="test_regression_sigma_yara" time="0.148" /><testcase classname="tests.test_ssot_r28_live" name="test_zzz_cleanup" time="0.570" /></testsuite></testsuites>