<?xml version="1.0" encoding="utf-8"?><testsuites name="pytest tests"><testsuite name="pytest" errors="0" failures="0" skipped="0" tests="7" time="3.204" timestamp="2026-08-07T10:14:19.816006+00:00" hostname="agent-env-630704a1-621f-478b-9b86-a321772d01bf"><testcase classname="tests.test_ssot_persistence_live" name="test_ssot_round_trip_preserves_all_fields" time="0.694" /><testcase classname="tests.test_ssot_persistence_live" name="test_list_cases_flags_ssot_presence" time="0.141" /><testcase classname="tests.test_ssot_persistence_live" name="test_oversized_bundle_drops_gracefully" time="0.446" /><testcase classname="tests.test_ssot_persistence_live" name="test_ssot_survives_upsert" time="0.140" /><testcase classname="tests.test_ssot_persistence_live" name="test_legacy_save_still_works" time="0.087" /><testcase classname="tests.test_ssot_persistence_live" name="test_case_endpoints_no_regression" time="0.801" /><testcase classname="tests.test_ssot_persistence_live" name="test_zzz_cleanup" time="0.464" /></testsuite></testsuites>