<?xml version="1.0" encoding="utf-8"?><testsuites name="pytest tests"><testsuite name="pytest" errors="0" failures="0" skipped="0" tests="10" time="2.573" timestamp="2026-07-15T05:37:30.643984+00:00" hostname="agent-env-630704a1-621f-478b-9b86-a321772d01bf"><testcase classname="tests.test_stix_chain_export.TestStixChainExport" name="test_bundle_parses_via_official_stix2_library" time="0.799" /><testcase classname="tests.test_stix_chain_export.TestStixChainExport" name="test_bundle_contains_full_soc_object_set" time="0.096" /><testcase classname="tests.test_stix_chain_export.TestStixChainExport" name="test_report_has_nivxforge_chain_extensions" time="0.102" /><testcase classname="tests.test_stix_chain_export.TestStixChainExport" name="test_indicator_pattern_and_external_references" time="0.104" /><testcase classname="tests.test_stix_chain_export.TestStixChainExport" name="test_attack_pattern_has_mitre_ref_and_kill_chain" time="0.108" /><testcase classname="tests.test_stix_chain_export.TestStixChainExport" name="test_tlp_marking_applied" time="0.416" /><testcase classname="tests.test_stix_chain_export.TestStixChainExport" name="test_producer_identity_is_nivx_forge" time="0.099" /><testcase classname="tests.test_stix_chain_export.TestStixChainExport" name="test_bundle_id_is_deterministic" time="0.198" /><testcase classname="tests.test_stix_chain_export.TestStixChainExport" name="test_invalid_investigation_id_returns_error" time="0.205" /><testcase classname="tests.test_stix_chain_export.TestStixChainExport" name="test_analyst_notes_are_preserved" time="0.100" /></testsuite></testsuites>