<?xml version="1.0" encoding="utf-8"?><testsuites name="pytest tests"><testsuite name="pytest" errors="0" failures="1" skipped="0" tests="11" time="18.351" timestamp="2026-07-18T12:57:19.261227+00:00" hostname="agent-env-630704a1-621f-478b-9b86-a321772d01bf"><testcase classname="tests.test_v13x_e2e" name="test_smart_response_shape_top_level" time="1.679" /><testcase classname="tests.test_v13x_e2e" name="test_multi_fragment_br_split" time="3.532" /><testcase classname="tests.test_v13x_e2e" name="test_reverse_string_chain" time="0.575" /><testcase classname="tests.test_v13x_e2e" name="test_amsi_mitre_t1562_001" time="0.160" /><testcase classname="tests.test_v13x_e2e" name="test_lab_reveal_enriched" time="0.188" /><testcase classname="tests.test_v13x_e2e" name="test_lab_narrative" time="9.017" /><testcase classname="tests.test_v13x_e2e" name="test_lab_narrative_bad_id_404" time="0.111" /><testcase classname="tests.test_v13x_e2e" name="test_heatmap_data" time="0.096" /><testcase classname="tests.test_v13x_e2e" name="test_corpus_validate" time="0.116"><failure message="AssertionError: {&quot;detail&quot;:[{&quot;type&quot;:&quot;list_type&quot;,&quot;loc&quot;:[&quot;body&quot;,&quot;payloads&quot;,0,&quot;expected_mitre&quot;],&quot;msg&quot;:&quot;Input should be a valid list&quot;,&quot;input&quot;:&quot;T1490&quot;,&quot;url&quot;:&quot;https://errors.pydantic.dev/2.13/v/list_type&quot;}]}&#10;assert 422 == 200&#10; +  where 422 = &lt;Response [422]&gt;.status_code">tests/test_v13x_e2e.py:135: in test_corpus_validate
    assert r.status_code == 200, r.text
E   AssertionError: {"detail":[{"type":"list_type","loc":["body","payloads",0,"expected_mitre"],"msg":"Input should be a valid list","input":"T1490","url":"https://errors.pydantic.dev/2.13/v/list_type"}]}
E   assert 422 == 200
E    +  where 422 = &lt;Response [422]&gt;.status_code</failure></testcase><testcase classname="tests.test_v13x_e2e" name="test_threat_intel_feeds_sync" time="2.129" /><testcase classname="tests.test_v13x_e2e" name="test_batch_test_and_runs" time="0.291" /></testsuite></testsuites>