<?xml version="1.0" encoding="utf-8"?><testsuites name="pytest tests"><testsuite name="pytest" errors="0" failures="0" skipped="0" tests="16" time="3.161" timestamp="2026-09-06T07:26:23.634568+00:00" hostname="agent-env-630704a1-621f-478b-9b86-a321772d01bf"><testcase classname="tests.edr.test_wave0_api_smoke" name="test_auth_required_capabilities" time="0.730" /><testcase classname="tests.edr.test_wave0_api_smoke" name="test_capabilities_list" time="0.521" /><testcase classname="tests.edr.test_wave0_api_smoke" name="test_capabilities_summary" time="0.115" /><testcase classname="tests.edr.test_wave0_api_smoke" name="test_no_dishonest_row" time="0.115" /><testcase classname="tests.edr.test_wave0_api_smoke" name="test_plane_filter" time="0.112" /><testcase classname="tests.edr.test_wave0_api_smoke" name="test_gap_class_filter" time="0.136" /><testcase classname="tests.edr.test_wave0_api_smoke" name="test_operational_only" time="0.151" /><testcase classname="tests.edr.test_wave0_api_smoke" name="test_get_capability_by_id" time="0.220" /><testcase classname="tests.edr.test_wave0_api_smoke" name="test_capability_unknown_404" time="0.118" /><testcase classname="tests.edr.test_wave0_api_smoke" name="test_sensors_empty" time="0.119" /><testcase classname="tests.edr.test_wave0_api_smoke" name="test_contracts_manifest" time="0.116" /><testcase classname="tests.edr.test_wave0_api_smoke" name="test_contract_schema" time="0.119" /><testcase classname="tests.edr.test_wave0_api_smoke" name="test_contract_schema_404" time="0.115" /><testcase classname="tests.edr.test_wave0_api_smoke" name="test_filter_taxonomy" time="0.108" /><testcase classname="tests.edr.test_wave0_api_smoke" name="test_raw_events_stats" time="0.110" /><testcase classname="tests.edr.test_wave0_api_smoke" name="test_raw_events_replay" time="0.138" /></testsuite></testsuites>